<?xml version="1.0" encoding="UTF-8"?>
<testsuite xmlns:xsi="http://www.w3.org/2001/XMLSchema-instance" xsi:noNamespaceSchemaLocation="https://maven.apache.org/surefire/maven-failsafe-plugin/xsd/failsafe-test-report-3.0.xsd" version="3.0" name="CucumberTestSuite" time="48.22" tests="1" errors="0" skipped="0" failures="0">
  <properties>
[...]
</properties>
  <testcase name="(Transaksi)" classname="Transaksi" time="45.353">
    <system-out><![CDATA[23:15:36.800 [main] INFO io.cucumber.core.plugin.SerenityReporter - Running feature from file:///D:/TIC/Kampus%20Merdeka/MSIB/Studi%20Independen/Alterra/MiniProject/MiniProjWeb/src/test/resources/features/login/Beli.feature
23:15:36.925 [main] INFO  - 

-------------------------------------------------------------------------------------
     _______. _______ .______       _______ .__   __.  __  .___________.____    ____ 
    /       ||   ____||   _  \     |   ____||  \ |  | |  | |           |\   \  /   / 
   |   (----`|  |__   |  |_)  |    |  |__   |   \|  | |  | `---|  |----` \   \/   /  
    \   \    |   __|  |      /     |   __|  |  . `  | |  |     |  |       \_    _/   
.----)   |   |  |____ |  |\  \----.|  |____ |  |\   | |  |     |  |         |  |     
|_______/    |_______|| _| `._____||_______||__| \__| |__|     |__|         |__|    
                                                                                     
 News and tutorials at http://www.serenity-bdd.info                                  
 Documentation at https://wakaleo.gitbooks.io/the-serenity-book/content/             
 Join the Serenity Community on Gitter: https://gitter.im/serenity-bdd/serenity-core 
 Serenity BDD Support and Training at http://serenity-bdd.info/#/trainingandsupport  
-------------------------------------------------------------------------------------

23:15:36.928 [main] DEBUG net.thucydides.core.steps.StepEventBus - Test suite started for story net.thucydides.core.model.Story@5b2861b3
23:15:36.931 [main] INFO  - Test Suite Started: Button Beli
23:15:36.939 [main] INFO io.cucumber.core.plugin.SerenityReporter - Running feature from file:///D:/TIC/Kampus%20Merdeka/MSIB/Studi%20Independen/Alterra/MiniProject/MiniProjWeb/src/test/resources/features/login/Detail.feature
23:15:36.944 [main] DEBUG net.thucydides.core.steps.StepEventBus - Test suite started for story net.thucydides.core.model.Story@b788f822
23:15:36.945 [main] INFO  - Test Suite Started: Page Home
23:15:36.945 [main] INFO io.cucumber.core.plugin.SerenityReporter - Running feature from file:///D:/TIC/Kampus%20Merdeka/MSIB/Studi%20Independen/Alterra/MiniProject/MiniProjWeb/src/test/resources/features/login/login.feature
23:15:36.952 [main] DEBUG net.thucydides.core.steps.StepEventBus - Test suite started for story net.thucydides.core.model.Story@ffd74702
23:15:36.955 [main] INFO  - Test Suite Started: Login
23:15:36.956 [main] INFO io.cucumber.core.plugin.SerenityReporter - Running feature from file:///D:/TIC/Kampus%20Merdeka/MSIB/Studi%20Independen/Alterra/MiniProject/MiniProjWeb/src/test/resources/features/login/logout.feature
23:15:36.962 [main] DEBUG net.thucydides.core.steps.StepEventBus - Test suite started for story net.thucydides.core.model.Story@3294c5ae
23:15:36.962 [main] INFO  - Test Suite Started: Logout
23:15:36.963 [main] INFO io.cucumber.core.plugin.SerenityReporter - Running feature from file:///D:/TIC/Kampus%20Merdeka/MSIB/Studi%20Independen/Alterra/MiniProject/MiniProjWeb/src/test/resources/features/login/register.feature
23:15:36.968 [main] DEBUG net.thucydides.core.steps.StepEventBus - Test suite started for story net.thucydides.core.model.Story@6cbe7e4e
23:15:36.969 [main] INFO  - Test Suite Started: Register
23:15:36.969 [main] INFO io.cucumber.core.plugin.SerenityReporter - Running feature from file:///D:/TIC/Kampus%20Merdeka/MSIB/Studi%20Independen/Alterra/MiniProject/MiniProjWeb/src/test/resources/features/login/transaction.feature
23:15:36.972 [main] DEBUG net.thucydides.core.steps.StepEventBus - Test suite started for story net.thucydides.core.model.Story@9f31da98
23:15:36.972 [main] INFO  - Test Suite Started: Transaksi
23:15:36.973 [main] INFO io.cucumber.core.plugin.SerenityReporter - Running feature from file:///D:/TIC/Kampus%20Merdeka/MSIB/Studi%20Independen/Alterra/MiniProject/MiniProjWeb/src/test/resources/features/login/transaction.feature
23:15:36.976 [main] DEBUG net.thucydides.core.steps.StepEventBus - Test suite started for story net.thucydides.core.model.Story@9f31da98
23:15:36.976 [main] INFO  - Test Suite Started: Transaksi

@Transaksi
Scenario Outline:                                                           &amp#27;[90m# src/test/resources/features/login/transaction.feature:22&amp#27;[0m
23:15:37.087 [main] INFO io.cucumber.core.plugin.SerenityReporter - Running feature from file:///D:/TIC/Kampus%20Merdeka/MSIB/Studi%20Independen/Alterra/MiniProject/MiniProjWeb/src/test/resources/features/login/transaction.feature
23:15:37.223 [main] INFO  - 
  _____   ___   ___   _____     ___   _____     _     ___   _____   ___   ___  
 |_   _| | __| / __| |_   _|   / __| |_   _|   /_\   | _ \ |_   _| | __| |   \ 
   | |   | _|  \__ \   | |     \__ \   | |    / _ \  |   /   | |   | _|  | |) |
   |_|   |___| |___/   |_|     |___/   |_|   /_/ \_\ |_|_\   |_|   |___| |___/ 

(transaksi;)
--------------------------------------------------------------------------------
23:15:38.121 [main] INFO net.serenitybdd.core.webdriver.driverproviders.ChromeDriverProvider - Using automatically driver download
23:15:38.656 [main] DEBUG io.github.bonigarcia.wdm.cache.ResolutionCache - Resolution chrome=106 in cache (valid until 00:09:43 29/10/2022 ICT)
23:15:38.662 [main] DEBUG io.github.bonigarcia.wdm.cache.ResolutionCache - Resolution chrome106=106.0.5249.61 in cache (valid until 20:56:49 29/10/2022 ICT)
23:15:38.664 [main] INFO io.github.bonigarcia.wdm.WebDriverManager - Using chromedriver 106.0.5249.61 (resolved driver for Chrome 106)
23:15:38.676 [main] DEBUG io.github.bonigarcia.wdm.WebDriverManager - Driver chromedriver 106.0.5249.61 found in cache
23:15:38.676 [main] INFO io.github.bonigarcia.wdm.WebDriverManager - Exporting webdriver.chrome.driver as C:\Users\user\.cache\selenium\chromedriver\win32\106.0.5249.61\chromedriver.exe
23:15:39.180 [main] DEBUG net.thucydides.core.reflection.ClassFinder - Could not load class .CucumberTestSuite
23:15:39.180 [main] DEBUG net.thucydides.core.reflection.ClassFinder - Could not load class .starter.pages.BeliPage
23:15:39.180 [main] DEBUG net.thucydides.core.reflection.ClassFinder - Could not load class .starter.pages.DetailPage
23:15:39.180 [main] DEBUG net.thucydides.core.reflection.ClassFinder - Could not load class .starter.pages.LoginPage
23:15:39.181 [main] DEBUG net.thucydides.core.reflection.ClassFinder - Could not load class .starter.pages.LogoutPage
23:15:39.181 [main] DEBUG net.thucydides.core.reflection.ClassFinder - Could not load class .starter.pages.RegisterPage
23:15:39.181 [main] DEBUG net.thucydides.core.reflection.ClassFinder - Could not load class .starter.pages.TransactionPage
23:15:39.181 [main] DEBUG net.thucydides.core.reflection.ClassFinder - Could not load class .starter.steps.BeliStep
23:15:39.181 [main] DEBUG net.thucydides.core.reflection.ClassFinder - Could not load class .starter.steps.DetailStep
23:15:39.181 [main] DEBUG net.thucydides.core.reflection.ClassFinder - Could not load class .starter.steps.LoginStep
23:15:39.181 [main] DEBUG net.thucydides.core.reflection.ClassFinder - Could not load class .starter.steps.LogoutStep
23:15:39.181 [main] DEBUG net.thucydides.core.reflection.ClassFinder - Could not load class .starter.steps.RegisterStep
23:15:39.181 [main] DEBUG net.thucydides.core.reflection.ClassFinder - Could not load class .starter.steps.TransactionStep
23:15:39.181 [main] DEBUG net.thucydides.core.reflection.ClassFinder - Could not load class META-INF.versions.9.com.sun.istack.logging.StackHelper
23:15:39.182 [main] DEBUG net.thucydides.core.reflection.ClassFinder - Could not load class META-INF.versions.9.com.sun.xml.bind.v2.runtime.reflect.opt.AccessorInjector
23:15:39.182 [main] DEBUG net.thucydides.core.reflection.ClassFinder - Could not load class META-INF.versions.9.com.sun.xml.bind.v2.runtime.reflect.opt.Injector
23:15:39.182 [main] DEBUG net.thucydides.core.reflection.ClassFinder - Could not load class META-INF.versions.9.com.sun.xml.bind.v2.runtime.reflect.opt.OptimizedAccessorFactory
23:15:39.182 [main] DEBUG net.thucydides.core.reflection.ClassFinder - Could not load class META-INF.versions.9.com.sun.xml.bind.v2.runtime.reflect.opt.OptimizedTransducedAccessorFactory
23:15:39.183 [main] DEBUG net.thucydides.core.reflection.ClassFinder - Could not load class META-INF.versions.9.io.opentelemetry.sdk.internal.CurrentJavaVersionSpecific
23:15:39.183 [main] DEBUG net.thucydides.core.reflection.ClassFinder - Could not load class META-INF.versions.9.io.opentelemetry.sdk.internal.Java9VersionSpecific
23:15:39.183 [main] DEBUG net.thucydides.core.reflection.ClassFinder - Could not load class META-INF.versions.9.javax.xml.bind.ModuleUtil
23:15:39.183 [main] DEBUG net.thucydides.core.reflection.ClassFinder - Could not load class META-INF.versions.9.module-info
23:15:39.184 [main] DEBUG net.thucydides.core.reflection.ClassFinder - Could not load class META-INF.versions.9.org.junit.platform.commons.util.ModuleUtils
23:15:39.429 [main] DEBUG net.thucydides.core.reflection.ClassFinder - Could not load class com.google.gson.internal.
23:15:39.597 [main] DEBUG net.thucydides.core.reflection.ClassFinder - Could not load class com.sun.xml.bind.v2.runtime.output.FastInfosetStreamWriterOutput
23:15:39.967 [main] DEBUG net.thucydides.core.reflection.ClassFinder - Could not load class module-info
23:15:42.067 [main] DEBUG io.netty.util.internal.logging.InternalLoggerFactory - Using SLF4J as the default logging framework
23:15:42.069 [main] DEBUG io.netty.util.ResourceLeakDetector - -Dio.netty.leakDetection.level: simple
23:15:42.069 [main] DEBUG io.netty.util.ResourceLeakDetector - -Dio.netty.leakDetection.targetRecords: 4
23:15:42.072 [main] DEBUG io.netty.util.ResourceLeakDetectorFactory - Loaded default ResourceLeakDetector: io.netty.util.ResourceLeakDetector@26d68ea4
23:15:42.086 [main] DEBUG io.netty.util.internal.PlatformDependent0 - -Dio.netty.noUnsafe: false
23:15:42.086 [main] DEBUG io.netty.util.internal.PlatformDependent0 - Java version: 11
23:15:42.087 [main] DEBUG io.netty.util.internal.PlatformDependent0 - sun.misc.Unsafe.theUnsafe: available
23:15:42.087 [main] DEBUG io.netty.util.internal.PlatformDependent0 - sun.misc.Unsafe.copyMemory: available
23:15:42.087 [main] DEBUG io.netty.util.internal.PlatformDependent0 - java.nio.Buffer.address: available
23:15:42.088 [main] DEBUG io.netty.util.internal.PlatformDependent0 - direct buffer constructor: unavailable: Reflective setAccessible(true) disabled
23:15:42.088 [main] DEBUG io.netty.util.internal.PlatformDependent0 - java.nio.Bits.unaligned: available, true
23:15:42.089 [main] DEBUG io.netty.util.internal.PlatformDependent0 - jdk.internal.misc.Unsafe.allocateUninitializedArray(int): unavailable: class io.netty.util.internal.PlatformDependent0$6 cannot access class jdk.internal.misc.Unsafe (in module java.base) because module java.base does not export jdk.internal.misc to unnamed module @596df867
23:15:42.090 [main] DEBUG io.netty.util.internal.PlatformDependent0 - java.nio.DirectByteBuffer.<init>(long, int): unavailable
23:15:42.090 [main] DEBUG io.netty.util.internal.PlatformDependent - sun.misc.Unsafe: available
23:15:42.093 [main] DEBUG io.netty.util.internal.PlatformDependent - maxDirectMemory: 2067791872 bytes (maybe)
23:15:42.093 [main] DEBUG io.netty.util.internal.PlatformDependent - -Dio.netty.tmpdir: C:\Users\user\AppData\Local\Temp (java.io.tmpdir)
23:15:42.093 [main] DEBUG io.netty.util.internal.PlatformDependent - -Dio.netty.bitMode: 64 (sun.arch.data.model)
23:15:42.093 [main] DEBUG io.netty.util.internal.PlatformDependent - Platform: Windows
23:15:42.094 [main] DEBUG io.netty.util.internal.PlatformDependent - -Dio.netty.maxDirectMemory: -1 bytes
23:15:42.094 [main] DEBUG io.netty.util.internal.PlatformDependent - -Dio.netty.uninitializedArrayAllocationThreshold: -1
23:15:42.094 [main] DEBUG io.netty.util.internal.CleanerJava9 - java.nio.ByteBuffer.cleaner(): available
23:15:42.094 [main] DEBUG io.netty.util.internal.PlatformDependent - -Dio.netty.noPreferDirect: false
23:15:42.101 [main] DEBUG io.netty.util.internal.PlatformDependent - org.jctools-core.MpscChunkedArrayQueue: available
23:15:42.113 [main] DEBUG io.netty.util.internal.InternalThreadLocalMap - -Dio.netty.threadLocalMap.stringBuilder.initialSize: 1024
23:15:42.113 [main] DEBUG io.netty.util.internal.InternalThreadLocalMap - -Dio.netty.threadLocalMap.stringBuilder.maxSize: 4096
23:15:42.157 [main] DEBUG io.netty.handler.ssl.JdkSslContext - Default protocols (JDK): [TLSv1.3, TLSv1.2] 
23:15:42.157 [main] DEBUG io.netty.handler.ssl.JdkSslContext - Default cipher suites (JDK): [TLS_ECDHE_ECDSA_WITH_AES_256_GCM_SHA384, TLS_ECDHE_ECDSA_WITH_AES_128_GCM_SHA256, TLS_ECDHE_RSA_WITH_AES_128_GCM_SHA256, TLS_ECDHE_RSA_WITH_AES_256_GCM_SHA384, TLS_ECDHE_RSA_WITH_AES_128_CBC_SHA, TLS_ECDHE_RSA_WITH_AES_256_CBC_SHA, TLS_RSA_WITH_AES_128_GCM_SHA256, TLS_RSA_WITH_AES_128_CBC_SHA, TLS_RSA_WITH_AES_256_CBC_SHA, TLS_AES_128_GCM_SHA256, TLS_AES_256_GCM_SHA384]
23:15:42.183 [main] DEBUG io.netty.channel.MultithreadEventLoopGroup - -Dio.netty.eventLoopThreads: 8
23:15:42.193 [main] DEBUG io.netty.channel.nio.NioEventLoop - -Dio.netty.noKeySetOptimization: false
23:15:42.193 [main] DEBUG io.netty.channel.nio.NioEventLoop - -Dio.netty.selectorAutoRebuildThreshold: 512
23:15:42.248 [main] DEBUG io.netty.buffer.PooledByteBufAllocator - -Dio.netty.allocator.numHeapArenas: 8
23:15:42.248 [main] DEBUG io.netty.buffer.PooledByteBufAllocator - -Dio.netty.allocator.numDirectArenas: 8
23:15:42.248 [main] DEBUG io.netty.buffer.PooledByteBufAllocator - -Dio.netty.allocator.pageSize: 8192
23:15:42.248 [main] DEBUG io.netty.buffer.PooledByteBufAllocator - -Dio.netty.allocator.maxOrder: 11
23:15:42.248 [main] DEBUG io.netty.buffer.PooledByteBufAllocator - -Dio.netty.allocator.chunkSize: 16777216
23:15:42.248 [main] DEBUG io.netty.buffer.PooledByteBufAllocator - -Dio.netty.allocator.smallCacheSize: 256
23:15:42.249 [main] DEBUG io.netty.buffer.PooledByteBufAllocator - -Dio.netty.allocator.normalCacheSize: 64
23:15:42.249 [main] DEBUG io.netty.buffer.PooledByteBufAllocator - -Dio.netty.allocator.maxCachedBufferCapacity: 32768
23:15:42.249 [main] DEBUG io.netty.buffer.PooledByteBufAllocator - -Dio.netty.allocator.cacheTrimInterval: 8192
23:15:42.249 [main] DEBUG io.netty.buffer.PooledByteBufAllocator - -Dio.netty.allocator.cacheTrimIntervalMillis: 0
23:15:42.249 [main] DEBUG io.netty.buffer.PooledByteBufAllocator - -Dio.netty.allocator.useCacheForAllThreads: true
23:15:42.249 [main] DEBUG io.netty.buffer.PooledByteBufAllocator - -Dio.netty.allocator.maxCachedByteBuffersPerChunk: 1023
23:15:42.259 [main] DEBUG io.netty.buffer.ByteBufUtil - -Dio.netty.allocator.type: pooled
23:15:42.259 [main] DEBUG io.netty.buffer.ByteBufUtil - -Dio.netty.threadLocalDirectBufferSize: 0
23:15:42.259 [main] DEBUG io.netty.buffer.ByteBufUtil - -Dio.netty.maxThreadLocalCharBufferSize: 16384
23:15:42.433 [main] DEBUG net.serenitybdd.core.webdriver.driverproviders.ProvideNewDriver - Instantiating driver
23:15:42.433 [main] DEBUG net.serenitybdd.core.webdriver.driverproviders.ProvideNewDriver - Driver capabilities: Capabilities {acceptInsecureCerts: false, base.url: https://alta-shop.vercel.app, browserName: chrome, chrome.driver: src/test/resources/webdrive..., driver: chrome, goog:chromeOptions: {args: [], extensions: []}, wait.for.timeout: 500}
23:15:42.629 [Forwarding newSession on session null to remote] DEBUG io.netty.channel.DefaultChannelId - -Dio.netty.processId: 26048 (auto-detected)
23:15:42.631 [Forwarding newSession on session null to remote] DEBUG io.netty.util.NetUtil - -Djava.net.preferIPv4Stack: false
23:15:42.631 [Forwarding newSession on session null to remote] DEBUG io.netty.util.NetUtil - -Djava.net.preferIPv6Addresses: false
23:15:42.703 [Forwarding newSession on session null to remote] DEBUG io.netty.util.NetUtilInitializations - Loopback interface: lo (Software Loopback Interface 1, 127.0.0.1)
23:15:42.704 [Forwarding newSession on session null to remote] DEBUG io.netty.util.NetUtil - Failed to get SOMAXCONN from sysctl and file \proc\sys\net\core\somaxconn. Default: 200
23:15:42.773 [Forwarding newSession on session null to remote] DEBUG io.netty.channel.DefaultChannelId - -Dio.netty.machineId: 98:8d:46:ff:fe:e0:19:c9 (auto-detected)
23:15:42.812 [AsyncHttpClient-1-2] DEBUG io.netty.buffer.AbstractByteBuf - -Dio.netty.buffer.checkAccessible: true
23:15:42.812 [AsyncHttpClient-1-2] DEBUG io.netty.buffer.AbstractByteBuf - -Dio.netty.buffer.checkBounds: true
23:15:42.813 [AsyncHttpClient-1-2] DEBUG io.netty.util.ResourceLeakDetectorFactory - Loaded default ResourceLeakDetector: io.netty.util.ResourceLeakDetector@b6241c8
23:15:42.825 [AsyncHttpClient-1-2] DEBUG org.asynchttpclient.netty.channel.NettyConnectListener - Using new Channel '[id: 0x4095906f, L:/127.0.0.1:52876 - R:localhost/127.0.0.1:59087]' for 'POST' to '/session'
23:15:42.838 [AsyncHttpClient-1-2] DEBUG io.netty.util.Recycler - -Dio.netty.recycler.maxCapacityPerThread: 4096
23:15:42.838 [AsyncHttpClient-1-2] DEBUG io.netty.util.Recycler - -Dio.netty.recycler.ratio: 8
23:15:42.838 [AsyncHttpClient-1-2] DEBUG io.netty.util.Recycler - -Dio.netty.recycler.chunkSize: 32
23:15:42.838 [AsyncHttpClient-1-2] DEBUG io.netty.util.Recycler - -Dio.netty.recycler.blocking: false
23:15:44.092 [AsyncHttpClient-1-2] DEBUG io.netty.handler.codec.compression.Brotli - brotli4j not in the classpath; Brotli support will be unavailable.
23:15:44.093 [AsyncHttpClient-1-2] DEBUG org.asynchttpclient.netty.handler.HttpHandler - 

Request DefaultHttpRequest(decodeResult: success, version: HTTP/1.1)
POST /session HTTP/1.1
User-Agent: selenium/4.1.2 (java windows)
Content-Length: 638
Content-Type: application/json; charset=utf-8
host: localhost:59087
accept: */*

Response DefaultHttpResponse(decodeResult: success, version: HTTP/1.1)
HTTP/1.1 200 OK
Content-Type: application/json; charset=utf-8
cache-control: no-cache
content-length: 789

23:15:44.102 [AsyncHttpClient-1-2] DEBUG org.asynchttpclient.netty.channel.ChannelManager - Adding key: http://localhost:59087 for channel [id: 0x4095906f, L:/127.0.0.1:52876 - R:localhost/127.0.0.1:59087]
23:15:44.163 [AsyncHttpClient-1-3] DEBUG org.asynchttpclient.netty.channel.NettyConnectListener - Using new Channel '[id: 0x5e2ff53d, L:/127.0.0.1:52883 - R:localhost/127.0.0.1:52877]' for 'GET' to '/json/version'
23:15:44.170 [AsyncHttpClient-1-3] DEBUG org.asynchttpclient.netty.handler.HttpHandler - 

Request DefaultFullHttpRequest(decodeResult: success, version: HTTP/1.1, content: EmptyByteBufBE)
GET /json/version HTTP/1.1
User-Agent: selenium/4.1.2 (java windows)
host: localhost:52877
accept: */*

Response DefaultHttpResponse(decodeResult: success, version: HTTP/1.1)
HTTP/1.1 200 OK
Content-Type: application/json; charset=UTF-8
content-length: 424

23:15:44.171 [AsyncHttpClient-1-3] DEBUG org.asynchttpclient.netty.channel.ChannelManager - Adding key: http://localhost:52877 for channel [id: 0x5e2ff53d, L:/127.0.0.1:52883 - R:localhost/127.0.0.1:52877]
23:15:44.176 [main] DEBUG io.netty.util.internal.ThreadLocalRandom - -Dio.netty.initialSeedUniquifier: 0x1c4604655fc686d7
23:15:44.183 [AsyncHttpClient-1-4] DEBUG org.asynchttpclient.netty.channel.NettyConnectListener - Using new Channel '[id: 0x484819f9, L:/127.0.0.1:52884 - R:localhost/127.0.0.1:52877]' for 'GET' to '/devtools/browser/0d65f54b-78c8-48f4-b609-57d174227561'
23:15:44.190 [AsyncHttpClient-1-4] DEBUG org.asynchttpclient.netty.handler.WebSocketHandler - 

Request DefaultFullHttpRequest(decodeResult: success, version: HTTP/1.1, content: EmptyByteBufBE)
GET /devtools/browser/0d65f54b-78c8-48f4-b609-57d174227561 HTTP/1.1
upgrade: websocket
connection: upgrade
sec-websocket-key: 3TmJxONbcJuWiqG7slbUVA==
sec-websocket-version: 13
origin: http://localhost:52877
host: localhost:52877
accept: */*
user-agent: AHC/2.1

Response DefaultHttpResponse(decodeResult: success, version: HTTP/1.1)
HTTP/1.1 101 WebSocket Protocol Handshake
Upgrade: WebSocket
Connection: Upgrade
Sec-WebSocket-Accept: T24NCQ/hAtQ++RV4fQxylaBVxrI=

23:15:44.314 [AsyncHttpClient-1-1] DEBUG org.asynchttpclient.netty.channel.DefaultChannelPool - Entry count for : http://localhost:52877 : 1
23:15:44.314 [AsyncHttpClient-1-1] DEBUG org.asynchttpclient.netty.channel.DefaultChannelPool - Entry count for : http://localhost:59087 : 1
23:15:44.705 [main] DEBUG net.thucydides.core.reflection.ClassFinder - Could not load class .CucumberTestSuite
23:15:44.705 [main] DEBUG net.thucydides.core.reflection.ClassFinder - Could not load class .starter.pages.BeliPage
23:15:44.705 [main] DEBUG net.thucydides.core.reflection.ClassFinder - Could not load class .starter.pages.DetailPage
23:15:44.705 [main] DEBUG net.thucydides.core.reflection.ClassFinder - Could not load class .starter.pages.LoginPage
23:15:44.705 [main] DEBUG net.thucydides.core.reflection.ClassFinder - Could not load class .starter.pages.LogoutPage
23:15:44.705 [main] DEBUG net.thucydides.core.reflection.ClassFinder - Could not load class .starter.pages.RegisterPage
23:15:44.705 [main] DEBUG net.thucydides.core.reflection.ClassFinder - Could not load class .starter.pages.TransactionPage
23:15:44.705 [main] DEBUG net.thucydides.core.reflection.ClassFinder - Could not load class .starter.steps.BeliStep
23:15:44.705 [main] DEBUG net.thucydides.core.reflection.ClassFinder - Could not load class .starter.steps.DetailStep
23:15:44.705 [main] DEBUG net.thucydides.core.reflection.ClassFinder - Could not load class .starter.steps.LoginStep
23:15:44.705 [main] DEBUG net.thucydides.core.reflection.ClassFinder - Could not load class .starter.steps.LogoutStep
23:15:44.705 [main] DEBUG net.thucydides.core.reflection.ClassFinder - Could not load class .starter.steps.RegisterStep
23:15:44.705 [main] DEBUG net.thucydides.core.reflection.ClassFinder - Could not load class .starter.steps.TransactionStep
23:15:44.705 [main] DEBUG net.thucydides.core.reflection.ClassFinder - Could not load class META-INF.versions.9.com.sun.istack.logging.StackHelper
23:15:44.706 [main] DEBUG net.thucydides.core.reflection.ClassFinder - Could not load class META-INF.versions.9.com.sun.xml.bind.v2.runtime.reflect.opt.AccessorInjector
23:15:44.706 [main] DEBUG net.thucydides.core.reflection.ClassFinder - Could not load class META-INF.versions.9.com.sun.xml.bind.v2.runtime.reflect.opt.Injector
23:15:44.706 [main] DEBUG net.thucydides.core.reflection.ClassFinder - Could not load class META-INF.versions.9.com.sun.xml.bind.v2.runtime.reflect.opt.OptimizedAccessorFactory
23:15:44.707 [main] DEBUG net.thucydides.core.reflection.ClassFinder - Could not load class META-INF.versions.9.com.sun.xml.bind.v2.runtime.reflect.opt.OptimizedTransducedAccessorFactory
23:15:44.707 [main] DEBUG net.thucydides.core.reflection.ClassFinder - Could not load class META-INF.versions.9.io.opentelemetry.sdk.internal.CurrentJavaVersionSpecific
23:15:44.707 [main] DEBUG net.thucydides.core.reflection.ClassFinder - Could not load class META-INF.versions.9.io.opentelemetry.sdk.internal.Java9VersionSpecific
23:15:44.707 [main] DEBUG net.thucydides.core.reflection.ClassFinder - Could not load class META-INF.versions.9.javax.xml.bind.ModuleUtil
23:15:44.707 [main] DEBUG net.thucydides.core.reflection.ClassFinder - Could not load class META-INF.versions.9.module-info
23:15:44.708 [main] DEBUG net.thucydides.core.reflection.ClassFinder - Could not load class META-INF.versions.9.org.junit.platform.commons.util.ModuleUtils
23:15:44.709 [main] DEBUG net.thucydides.core.reflection.ClassFinder - Could not load class com.google.gson.internal.
23:15:44.710 [main] DEBUG net.thucydides.core.reflection.ClassFinder - Could not load class com.sun.xml.bind.v2.runtime.output.FastInfosetStreamWriterOutput
23:15:44.712 [main] DEBUG net.thucydides.core.reflection.ClassFinder - Could not load class module-info
23:15:44.732 [Forwarding get on session c9be8d09730cac6ceacfae7064c6cba2 to remote] DEBUG org.asynchttpclient.netty.request.NettyRequestSender - Using pooled Channel '[id: 0x4095906f, L:/127.0.0.1:52876 - R:localhost/127.0.0.1:59087]' for 'POST' to 'http://localhost:59087/session/c9be8d09730cac6ceacfae7064c6cba2/url'
23:15:44.732 [Forwarding get on session c9be8d09730cac6ceacfae7064c6cba2 to remote] DEBUG org.asynchttpclient.netty.request.NettyRequestSender - Using open Channel [id: 0x4095906f, L:/127.0.0.1:52876 - R:localhost/127.0.0.1:59087] for POST '/session/c9be8d09730cac6ceacfae7064c6cba2/url'
23:15:45.406 [AsyncHttpClient-1-1] DEBUG org.asynchttpclient.netty.channel.DefaultChannelPool - Entry count for : http://localhost:52877 : 1
23:15:46.508 [AsyncHttpClient-1-1] DEBUG org.asynchttpclient.netty.channel.DefaultChannelPool - Entry count for : http://localhost:52877 : 1
23:15:47.615 [AsyncHttpClient-1-1] DEBUG org.asynchttpclient.netty.channel.DefaultChannelPool - Entry count for : http://localhost:52877 : 1
23:15:48.705 [AsyncHttpClient-1-1] DEBUG org.asynchttpclient.netty.channel.DefaultChannelPool - Entry count for : http://localhost:52877 : 1
23:15:49.810 [AsyncHttpClient-1-1] DEBUG org.asynchttpclient.netty.channel.DefaultChannelPool - Entry count for : http://localhost:52877 : 1
23:15:50.913 [AsyncHttpClient-1-1] DEBUG org.asynchttpclient.netty.channel.DefaultChannelPool - Entry count for : http://localhost:52877 : 1
23:15:52.005 [AsyncHttpClient-1-1] DEBUG org.asynchttpclient.netty.channel.DefaultChannelPool - Entry count for : http://localhost:52877 : 1
23:15:53.104 [AsyncHttpClient-1-1] DEBUG org.asynchttpclient.netty.channel.DefaultChannelPool - Entry count for : http://localhost:52877 : 1
23:15:54.205 [AsyncHttpClient-1-1] DEBUG org.asynchttpclient.netty.channel.DefaultChannelPool - Entry count for : http://localhost:52877 : 1
23:15:55.311 [AsyncHttpClient-1-1] DEBUG org.asynchttpclient.netty.channel.DefaultChannelPool - Entry count for : http://localhost:52877 : 1
23:15:56.413 [AsyncHttpClient-1-1] DEBUG org.asynchttpclient.netty.channel.DefaultChannelPool - Entry count for : http://localhost:52877 : 1
23:15:57.504 [AsyncHttpClient-1-1] DEBUG org.asynchttpclient.netty.channel.DefaultChannelPool - Entry count for : http://localhost:52877 : 1
23:15:58.605 [AsyncHttpClient-1-1] DEBUG org.asynchttpclient.netty.channel.DefaultChannelPool - Entry count for : http://localhost:52877 : 1
23:15:59.705 [AsyncHttpClient-1-1] DEBUG org.asynchttpclient.netty.channel.DefaultChannelPool - Entry count for : http://localhost:52877 : 1
23:16:00.809 [AsyncHttpClient-1-1] DEBUG org.asynchttpclient.netty.channel.DefaultChannelPool - Entry count for : http://localhost:52877 : 1
23:16:01.911 [AsyncHttpClient-1-1] DEBUG org.asynchttpclient.netty.channel.DefaultChannelPool - Entry count for : http://localhost:52877 : 1
23:16:03.004 [AsyncHttpClient-1-1] DEBUG org.asynchttpclient.netty.channel.DefaultChannelPool - Entry count for : http://localhost:52877 : 1
23:16:04.105 [AsyncHttpClient-1-1] DEBUG org.asynchttpclient.netty.channel.DefaultChannelPool - Entry count for : http://localhost:52877 : 1
23:16:05.204 [AsyncHttpClient-1-1] DEBUG org.asynchttpclient.netty.channel.DefaultChannelPool - Entry count for : http://localhost:52877 : 1
23:16:06.306 [AsyncHttpClient-1-1] DEBUG org.asynchttpclient.netty.channel.DefaultChannelPool - Entry count for : http://localhost:52877 : 1
23:16:07.405 [AsyncHttpClient-1-1] DEBUG org.asynchttpclient.netty.channel.DefaultChannelPool - Entry count for : http://localhost:52877 : 1
23:16:08.512 [AsyncHttpClient-1-1] DEBUG org.asynchttpclient.netty.channel.DefaultChannelPool - Entry count for : http://localhost:52877 : 1
23:16:09.605 [AsyncHttpClient-1-1] DEBUG org.asynchttpclient.netty.channel.DefaultChannelPool - Entry count for : http://localhost:52877 : 1
23:16:10.709 [AsyncHttpClient-1-1] DEBUG org.asynchttpclient.netty.channel.DefaultChannelPool - Entry count for : http://localhost:52877 : 1
23:16:11.808 [AsyncHttpClient-1-1] DEBUG org.asynchttpclient.netty.channel.DefaultChannelPool - Entry count for : http://localhost:52877 : 1
23:16:12.906 [AsyncHttpClient-1-1] DEBUG org.asynchttpclient.netty.channel.DefaultChannelPool - Entry count for : http://localhost:52877 : 1
23:16:14.007 [AsyncHttpClient-1-1] DEBUG org.asynchttpclient.netty.channel.DefaultChannelPool - Entry count for : http://localhost:52877 : 1
23:16:15.111 [AsyncHttpClient-1-1] DEBUG org.asynchttpclient.netty.channel.DefaultChannelPool - Entry count for : http://localhost:52877 : 1
23:16:16.205 [AsyncHttpClient-1-1] DEBUG org.asynchttpclient.netty.channel.DefaultChannelPool - Entry count for : http://localhost:52877 : 1
23:16:16.685 [AsyncHttpClient-1-2] DEBUG org.asynchttpclient.netty.handler.HttpHandler - 

Request DefaultHttpRequest(decodeResult: success, version: HTTP/1.1)
POST /session/c9be8d09730cac6ceacfae7064c6cba2/url HTTP/1.1
User-Agent: selenium/4.1.2 (java windows)
Content-Length: 59
Content-Type: application/json; charset=utf-8
host: localhost:59087
accept: */*

Response DefaultHttpResponse(decodeResult: success, version: HTTP/1.1)
HTTP/1.1 200 OK
Content-Type: application/json; charset=utf-8
cache-control: no-cache
content-length: 14

23:16:16.688 [AsyncHttpClient-1-2] DEBUG org.asynchttpclient.netty.channel.ChannelManager - Adding key: http://localhost:59087 for channel [id: 0x4095906f, L:/127.0.0.1:52876 - R:localhost/127.0.0.1:59087]
23:16:16.694 [Forwarding setTimeout on session c9be8d09730cac6ceacfae7064c6cba2 to remote] DEBUG org.asynchttpclient.netty.request.NettyRequestSender - Using pooled Channel '[id: 0x4095906f, L:/127.0.0.1:52876 - R:localhost/127.0.0.1:59087]' for 'POST' to 'http://localhost:59087/session/c9be8d09730cac6ceacfae7064c6cba2/timeouts'
23:16:16.695 [Forwarding setTimeout on session c9be8d09730cac6ceacfae7064c6cba2 to remote] DEBUG org.asynchttpclient.netty.request.NettyRequestSender - Using open Channel [id: 0x4095906f, L:/127.0.0.1:52876 - R:localhost/127.0.0.1:59087] for POST '/session/c9be8d09730cac6ceacfae7064c6cba2/timeouts'
23:16:16.696 [AsyncHttpClient-1-2] DEBUG org.asynchttpclient.netty.handler.HttpHandler - 

Request DefaultHttpRequest(decodeResult: success, version: HTTP/1.1)
POST /session/c9be8d09730cac6ceacfae7064c6cba2/timeouts HTTP/1.1
User-Agent: selenium/4.1.2 (java windows)
Content-Length: 22
Content-Type: application/json; charset=utf-8
host: localhost:59087
accept: */*

Response DefaultHttpResponse(decodeResult: success, version: HTTP/1.1)
HTTP/1.1 200 OK
Content-Type: application/json; charset=utf-8
cache-control: no-cache
content-length: 14

23:16:16.697 [AsyncHttpClient-1-2] DEBUG org.asynchttpclient.netty.channel.ChannelManager - Adding key: http://localhost:59087 for channel [id: 0x4095906f, L:/127.0.0.1:52876 - R:localhost/127.0.0.1:59087]
23:16:16.724 [Forwarding getCurrentUrl on session c9be8d09730cac6ceacfae7064c6cba2 to remote] DEBUG org.asynchttpclient.netty.request.NettyRequestSender - Using pooled Channel '[id: 0x4095906f, L:/127.0.0.1:52876 - R:localhost/127.0.0.1:59087]' for 'GET' to 'http://localhost:59087/session/c9be8d09730cac6ceacfae7064c6cba2/url'
23:16:16.724 [Forwarding getCurrentUrl on session c9be8d09730cac6ceacfae7064c6cba2 to remote] DEBUG org.asynchttpclient.netty.request.NettyRequestSender - Using open Channel [id: 0x4095906f, L:/127.0.0.1:52876 - R:localhost/127.0.0.1:59087] for GET '/session/c9be8d09730cac6ceacfae7064c6cba2/url'
23:16:16.734 [AsyncHttpClient-1-2] DEBUG org.asynchttpclient.netty.handler.HttpHandler - 

Request DefaultFullHttpRequest(decodeResult: success, version: HTTP/1.1, content: EmptyByteBufBE)
GET /session/c9be8d09730cac6ceacfae7064c6cba2/url HTTP/1.1
User-Agent: selenium/4.1.2 (java windows)
Cache-Control: no-cache
Content-Type: application/json; charset=utf-8
host: localhost:59087
accept: */*

Response DefaultHttpResponse(decodeResult: success, version: HTTP/1.1)
HTTP/1.1 200 OK
Content-Type: application/json; charset=utf-8
cache-control: no-cache
content-length: 41

23:16:16.734 [AsyncHttpClient-1-2] DEBUG org.asynchttpclient.netty.channel.ChannelManager - Adding key: http://localhost:59087 for channel [id: 0x4095906f, L:/127.0.0.1:52876 - R:localhost/127.0.0.1:59087]
  &amp#27;[32mGiven &amp#27;[0m&amp#27;[32mI open the website&amp#27;[0m                                                  &amp#27;[90m# starter.steps.RegisterStep.iOpenTheWebsite()&amp#27;[0m
23:16:16.757 [main] DEBUG net.serenitybdd.core.photography.Darkroom - Opening darkroom
23:16:16.759 [Forwarding screenshot on session c9be8d09730cac6ceacfae7064c6cba2 to remote] DEBUG org.asynchttpclient.netty.request.NettyRequestSender - Using pooled Channel '[id: 0x4095906f, L:/127.0.0.1:52876 - R:localhost/127.0.0.1:59087]' for 'GET' to 'http://localhost:59087/session/c9be8d09730cac6ceacfae7064c6cba2/screenshot'
23:16:16.759 [Forwarding screenshot on session c9be8d09730cac6ceacfae7064c6cba2 to remote] DEBUG org.asynchttpclient.netty.request.NettyRequestSender - Using open Channel [id: 0x4095906f, L:/127.0.0.1:52876 - R:localhost/127.0.0.1:59087] for GET '/session/c9be8d09730cac6ceacfae7064c6cba2/screenshot'
23:16:16.761 [Darkroom Processing Line] DEBUG net.serenitybdd.core.photography.DarkroomProcessingLine - Darkroom processing line starting up
23:16:16.864 [AsyncHttpClient-1-2] DEBUG org.asynchttpclient.netty.handler.HttpHandler - 

Request DefaultFullHttpRequest(decodeResult: success, version: HTTP/1.1, content: EmptyByteBufBE)
GET /session/c9be8d09730cac6ceacfae7064c6cba2/screenshot HTTP/1.1
User-Agent: selenium/4.1.2 (java windows)
Cache-Control: no-cache
Content-Type: application/json; charset=utf-8
host: localhost:59087
accept: */*

Response DefaultHttpResponse(decodeResult: success, version: HTTP/1.1)
HTTP/1.1 200 OK
Content-Type: application/json; charset=utf-8
cache-control: no-cache
content-length: 131656

23:16:16.865 [AsyncHttpClient-1-2] DEBUG org.asynchttpclient.netty.channel.ChannelManager - Adding key: http://localhost:59087 for channel [id: 0x4095906f, L:/127.0.0.1:52876 - R:localhost/127.0.0.1:59087]
23:16:16.924 [main] DEBUG net.serenitybdd.core.photography.Darkroom - Send negative for processing for target\site\serenity\8ba34522f61dfafebaa1f17bfe4d7ba0e1b5f7f593f7b6b210aab87b397990e4.png
23:16:16.940 [Forwarding findElement on session c9be8d09730cac6ceacfae7064c6cba2 to remote] DEBUG org.asynchttpclient.netty.request.NettyRequestSender - Using pooled Channel '[id: 0x4095906f, L:/127.0.0.1:52876 - R:localhost/127.0.0.1:59087]' for 'POST' to 'http://localhost:59087/session/c9be8d09730cac6ceacfae7064c6cba2/element'
23:16:16.940 [Forwarding findElement on session c9be8d09730cac6ceacfae7064c6cba2 to remote] DEBUG org.asynchttpclient.netty.request.NettyRequestSender - Using open Channel [id: 0x4095906f, L:/127.0.0.1:52876 - R:localhost/127.0.0.1:59087] for POST '/session/c9be8d09730cac6ceacfae7064c6cba2/element'
23:16:16.952 [AsyncHttpClient-1-2] DEBUG org.asynchttpclient.netty.handler.HttpHandler - 

Request DefaultHttpRequest(decodeResult: success, version: HTTP/1.1)
POST /session/c9be8d09730cac6ceacfae7064c6cba2/element HTTP/1.1
User-Agent: selenium/4.1.2 (java windows)
Content-Length: 97
Content-Type: application/json; charset=utf-8
host: localhost:59087
accept: */*

Response DefaultHttpResponse(decodeResult: success, version: HTTP/1.1)
HTTP/1.1 200 OK
Content-Type: application/json; charset=utf-8
cache-control: no-cache
content-length: 88

23:16:16.952 [AsyncHttpClient-1-2] DEBUG org.asynchttpclient.netty.channel.ChannelManager - Adding key: http://localhost:59087 for channel [id: 0x4095906f, L:/127.0.0.1:52876 - R:localhost/127.0.0.1:59087]
23:16:16.955 [Forwarding getElementTagName on session c9be8d09730cac6ceacfae7064c6cba2 to remote] DEBUG org.asynchttpclient.netty.request.NettyRequestSender - Using pooled Channel '[id: 0x4095906f, L:/127.0.0.1:52876 - R:localhost/127.0.0.1:59087]' for 'GET' to 'http://localhost:59087/session/c9be8d09730cac6ceacfae7064c6cba2/element/518f944e-0698-456d-bae4-74c0d89d33b3/name'
23:16:16.955 [Forwarding getElementTagName on session c9be8d09730cac6ceacfae7064c6cba2 to remote] DEBUG org.asynchttpclient.netty.request.NettyRequestSender - Using open Channel [id: 0x4095906f, L:/127.0.0.1:52876 - R:localhost/127.0.0.1:59087] for GET '/session/c9be8d09730cac6ceacfae7064c6cba2/element/518f944e-0698-456d-bae4-74c0d89d33b3/name'
23:16:16.959 [AsyncHttpClient-1-2] DEBUG org.asynchttpclient.netty.handler.HttpHandler - 

Request DefaultFullHttpRequest(decodeResult: success, version: HTTP/1.1, content: EmptyByteBufBE)
GET /session/c9be8d09730cac6ceacfae7064c6cba2/element/518f944e-0698-456d-bae4-74c0d89d33b3/name HTTP/1.1
User-Agent: selenium/4.1.2 (java windows)
Cache-Control: no-cache
Content-Type: application/json; charset=utf-8
host: localhost:59087
accept: */*

Response DefaultHttpResponse(decodeResult: success, version: HTTP/1.1)
HTTP/1.1 200 OK
Content-Type: application/json; charset=utf-8
cache-control: no-cache
content-length: 13

23:16:16.959 [AsyncHttpClient-1-2] DEBUG org.asynchttpclient.netty.channel.ChannelManager - Adding key: http://localhost:59087 for channel [id: 0x4095906f, L:/127.0.0.1:52876 - R:localhost/127.0.0.1:59087]
23:16:16.961 [Forwarding getElementTagName on session c9be8d09730cac6ceacfae7064c6cba2 to remote] DEBUG org.asynchttpclient.netty.request.NettyRequestSender - Using pooled Channel '[id: 0x4095906f, L:/127.0.0.1:52876 - R:localhost/127.0.0.1:59087]' for 'GET' to 'http://localhost:59087/session/c9be8d09730cac6ceacfae7064c6cba2/element/518f944e-0698-456d-bae4-74c0d89d33b3/name'
23:16:16.961 [Forwarding getElementTagName on session c9be8d09730cac6ceacfae7064c6cba2 to remote] DEBUG org.asynchttpclient.netty.request.NettyRequestSender - Using open Channel [id: 0x4095906f, L:/127.0.0.1:52876 - R:localhost/127.0.0.1:59087] for GET '/session/c9be8d09730cac6ceacfae7064c6cba2/element/518f944e-0698-456d-bae4-74c0d89d33b3/name'
23:16:16.964 [AsyncHttpClient-1-2] DEBUG org.asynchttpclient.netty.handler.HttpHandler - 

Request DefaultFullHttpRequest(decodeResult: success, version: HTTP/1.1, content: EmptyByteBufBE)
GET /session/c9be8d09730cac6ceacfae7064c6cba2/element/518f944e-0698-456d-bae4-74c0d89d33b3/name HTTP/1.1
User-Agent: selenium/4.1.2 (java windows)
Cache-Control: no-cache
Content-Type: application/json; charset=utf-8
host: localhost:59087
accept: */*

Response DefaultHttpResponse(decodeResult: success, version: HTTP/1.1)
HTTP/1.1 200 OK
Content-Type: application/json; charset=utf-8
cache-control: no-cache
content-length: 13

23:16:16.964 [AsyncHttpClient-1-2] DEBUG org.asynchttpclient.netty.channel.ChannelManager - Adding key: http://localhost:59087 for channel [id: 0x4095906f, L:/127.0.0.1:52876 - R:localhost/127.0.0.1:59087]
23:16:16.967 [Forwarding findElement on session c9be8d09730cac6ceacfae7064c6cba2 to remote] DEBUG org.asynchttpclient.netty.request.NettyRequestSender - Using pooled Channel '[id: 0x4095906f, L:/127.0.0.1:52876 - R:localhost/127.0.0.1:59087]' for 'POST' to 'http://localhost:59087/session/c9be8d09730cac6ceacfae7064c6cba2/element'
23:16:16.967 [Forwarding findElement on session c9be8d09730cac6ceacfae7064c6cba2 to remote] DEBUG org.asynchttpclient.netty.request.NettyRequestSender - Using open Channel [id: 0x4095906f, L:/127.0.0.1:52876 - R:localhost/127.0.0.1:59087] for POST '/session/c9be8d09730cac6ceacfae7064c6cba2/element'
23:16:16.973 [AsyncHttpClient-1-2] DEBUG org.asynchttpclient.netty.handler.HttpHandler - 

Request DefaultHttpRequest(decodeResult: success, version: HTTP/1.1)
POST /session/c9be8d09730cac6ceacfae7064c6cba2/element HTTP/1.1
User-Agent: selenium/4.1.2 (java windows)
Content-Length: 97
Content-Type: application/json; charset=utf-8
host: localhost:59087
accept: */*

Response DefaultHttpResponse(decodeResult: success, version: HTTP/1.1)
HTTP/1.1 200 OK
Content-Type: application/json; charset=utf-8
cache-control: no-cache
content-length: 88

23:16:16.973 [AsyncHttpClient-1-2] DEBUG org.asynchttpclient.netty.channel.ChannelManager - Adding key: http://localhost:59087 for channel [id: 0x4095906f, L:/127.0.0.1:52876 - R:localhost/127.0.0.1:59087]
23:16:16.975 [Forwarding clickElement on session c9be8d09730cac6ceacfae7064c6cba2 to remote] DEBUG org.asynchttpclient.netty.request.NettyRequestSender - Using pooled Channel '[id: 0x4095906f, L:/127.0.0.1:52876 - R:localhost/127.0.0.1:59087]' for 'POST' to 'http://localhost:59087/session/c9be8d09730cac6ceacfae7064c6cba2/element/518f944e-0698-456d-bae4-74c0d89d33b3/click'
23:16:16.975 [Forwarding clickElement on session c9be8d09730cac6ceacfae7064c6cba2 to remote] DEBUG org.asynchttpclient.netty.request.NettyRequestSender - Using open Channel [id: 0x4095906f, L:/127.0.0.1:52876 - R:localhost/127.0.0.1:59087] for POST '/session/c9be8d09730cac6ceacfae7064c6cba2/element/518f944e-0698-456d-bae4-74c0d89d33b3/click'
23:16:17.004 [AsyncHttpClient-1-2] DEBUG org.asynchttpclient.netty.handler.HttpHandler - 

Request DefaultHttpRequest(decodeResult: success, version: HTTP/1.1)
POST /session/c9be8d09730cac6ceacfae7064c6cba2/element/518f944e-0698-456d-bae4-74c0d89d33b3/click HTTP/1.1
User-Agent: selenium/4.1.2 (java windows)
Content-Length: 50
Content-Type: application/json; charset=utf-8
host: localhost:59087
accept: */*

Response DefaultHttpResponse(decodeResult: success, version: HTTP/1.1)
HTTP/1.1 200 OK
Content-Type: application/json; charset=utf-8
cache-control: no-cache
content-length: 14

23:16:17.005 [AsyncHttpClient-1-2] DEBUG org.asynchttpclient.netty.channel.ChannelManager - Adding key: http://localhost:59087 for channel [id: 0x4095906f, L:/127.0.0.1:52876 - R:localhost/127.0.0.1:59087]
  &amp#27;[32mAnd &amp#27;[0m&amp#27;[32mI click sign in button&amp#27;[0m                                                &amp#27;[90m# starter.steps.RegisterStep.iClickSignInButton()&amp#27;[0m
23:16:17.018 [Forwarding screenshot on session c9be8d09730cac6ceacfae7064c6cba2 to remote] DEBUG org.asynchttpclient.netty.request.NettyRequestSender - Using pooled Channel '[id: 0x4095906f, L:/127.0.0.1:52876 - R:localhost/127.0.0.1:59087]' for 'GET' to 'http://localhost:59087/session/c9be8d09730cac6ceacfae7064c6cba2/screenshot'
23:16:17.018 [Forwarding screenshot on session c9be8d09730cac6ceacfae7064c6cba2 to remote] DEBUG org.asynchttpclient.netty.request.NettyRequestSender - Using open Channel [id: 0x4095906f, L:/127.0.0.1:52876 - R:localhost/127.0.0.1:59087] for GET '/session/c9be8d09730cac6ceacfae7064c6cba2/screenshot'
23:16:17.211 [AsyncHttpClient-1-2] DEBUG org.asynchttpclient.netty.handler.HttpHandler - 

Request DefaultFullHttpRequest(decodeResult: success, version: HTTP/1.1, content: EmptyByteBufBE)
GET /session/c9be8d09730cac6ceacfae7064c6cba2/screenshot HTTP/1.1
User-Agent: selenium/4.1.2 (java windows)
Cache-Control: no-cache
Content-Type: application/json; charset=utf-8
host: localhost:59087
accept: */*

Response DefaultHttpResponse(decodeResult: success, version: HTTP/1.1)
HTTP/1.1 200 OK
Content-Type: application/json; charset=utf-8
cache-control: no-cache
content-length: 42980

23:16:17.212 [AsyncHttpClient-1-2] DEBUG org.asynchttpclient.netty.channel.ChannelManager - Adding key: http://localhost:59087 for channel [id: 0x4095906f, L:/127.0.0.1:52876 - R:localhost/127.0.0.1:59087]
23:16:17.213 [main] DEBUG net.serenitybdd.core.photography.Darkroom - Send negative for processing for target\site\serenity\c5ec325eb43bc3a65013e3d36d12e892f57ffe86089062fdc26aa29e9e4df913.png
23:16:17.214 [Darkroom Processing Line] DEBUG net.serenitybdd.core.photography.DarkroomProcessingLine - Processing screenshot image in /var/screenshots/screenshot-16022672023846509909
23:16:17.214 [Darkroom Processing Line] DEBUG net.serenitybdd.core.photography.DarkroomProcessingLine - Saving screenshot to target\site\serenity\c5ec325eb43bc3a65013e3d36d12e892f57ffe86089062fdc26aa29e9e4df913.png
23:16:17.305 [AsyncHttpClient-1-1] DEBUG org.asynchttpclient.netty.channel.DefaultChannelPool - Entry count for : http://localhost:52877 : 1
23:16:17.305 [AsyncHttpClient-1-1] DEBUG org.asynchttpclient.netty.channel.DefaultChannelPool - Entry count for : http://localhost:59087 : 1
23:16:17.315 [Forwarding findElement on session c9be8d09730cac6ceacfae7064c6cba2 to remote] DEBUG org.asynchttpclient.netty.request.NettyRequestSender - Using pooled Channel '[id: 0x4095906f, L:/127.0.0.1:52876 - R:localhost/127.0.0.1:59087]' for 'POST' to 'http://localhost:59087/session/c9be8d09730cac6ceacfae7064c6cba2/element'
23:16:17.315 [Forwarding findElement on session c9be8d09730cac6ceacfae7064c6cba2 to remote] DEBUG org.asynchttpclient.netty.request.NettyRequestSender - Using open Channel [id: 0x4095906f, L:/127.0.0.1:52876 - R:localhost/127.0.0.1:59087] for POST '/session/c9be8d09730cac6ceacfae7064c6cba2/element'
23:16:17.327 [AsyncHttpClient-1-2] DEBUG org.asynchttpclient.netty.handler.HttpHandler - 

Request DefaultHttpRequest(decodeResult: success, version: HTTP/1.1)
POST /session/c9be8d09730cac6ceacfae7064c6cba2/element HTTP/1.1
User-Agent: selenium/4.1.2 (java windows)
Content-Length: 87
Content-Type: application/json; charset=utf-8
host: localhost:59087
accept: */*

Response DefaultHttpResponse(decodeResult: success, version: HTTP/1.1)
HTTP/1.1 200 OK
Content-Type: application/json; charset=utf-8
cache-control: no-cache
content-length: 88

23:16:17.327 [AsyncHttpClient-1-2] DEBUG org.asynchttpclient.netty.channel.ChannelManager - Adding key: http://localhost:59087 for channel [id: 0x4095906f, L:/127.0.0.1:52876 - R:localhost/127.0.0.1:59087]
23:16:17.329 [Forwarding clearElement on session c9be8d09730cac6ceacfae7064c6cba2 to remote] DEBUG org.asynchttpclient.netty.request.NettyRequestSender - Using pooled Channel '[id: 0x4095906f, L:/127.0.0.1:52876 - R:localhost/127.0.0.1:59087]' for 'POST' to 'http://localhost:59087/session/c9be8d09730cac6ceacfae7064c6cba2/element/e98d6b1c-205d-40e8-a6a4-3e5ea8543ec0/clear'
23:16:17.329 [Forwarding clearElement on session c9be8d09730cac6ceacfae7064c6cba2 to remote] DEBUG org.asynchttpclient.netty.request.NettyRequestSender - Using open Channel [id: 0x4095906f, L:/127.0.0.1:52876 - R:localhost/127.0.0.1:59087] for POST '/session/c9be8d09730cac6ceacfae7064c6cba2/element/e98d6b1c-205d-40e8-a6a4-3e5ea8543ec0/clear'
23:16:17.356 [AsyncHttpClient-1-2] DEBUG org.asynchttpclient.netty.handler.HttpHandler - 

Request DefaultHttpRequest(decodeResult: success, version: HTTP/1.1)
POST /session/c9be8d09730cac6ceacfae7064c6cba2/element/e98d6b1c-205d-40e8-a6a4-3e5ea8543ec0/clear HTTP/1.1
User-Agent: selenium/4.1.2 (java windows)
Content-Length: 50
Content-Type: application/json; charset=utf-8
host: localhost:59087
accept: */*

Response DefaultHttpResponse(decodeResult: success, version: HTTP/1.1)
HTTP/1.1 200 OK
Content-Type: application/json; charset=utf-8
cache-control: no-cache
content-length: 14

23:16:17.357 [AsyncHttpClient-1-2] DEBUG org.asynchttpclient.netty.channel.ChannelManager - Adding key: http://localhost:59087 for channel [id: 0x4095906f, L:/127.0.0.1:52876 - R:localhost/127.0.0.1:59087]
23:16:17.360 [Forwarding sendKeysToElement on session c9be8d09730cac6ceacfae7064c6cba2 to remote] DEBUG org.asynchttpclient.netty.request.NettyRequestSender - Using pooled Channel '[id: 0x4095906f, L:/127.0.0.1:52876 - R:localhost/127.0.0.1:59087]' for 'POST' to 'http://localhost:59087/session/c9be8d09730cac6ceacfae7064c6cba2/element/e98d6b1c-205d-40e8-a6a4-3e5ea8543ec0/value'
23:16:17.360 [Forwarding sendKeysToElement on session c9be8d09730cac6ceacfae7064c6cba2 to remote] DEBUG org.asynchttpclient.netty.request.NettyRequestSender - Using open Channel [id: 0x4095906f, L:/127.0.0.1:52876 - R:localhost/127.0.0.1:59087] for POST '/session/c9be8d09730cac6ceacfae7064c6cba2/element/e98d6b1c-205d-40e8-a6a4-3e5ea8543ec0/value'
23:16:17.447 [AsyncHttpClient-1-2] DEBUG org.asynchttpclient.netty.handler.HttpHandler - 

Request DefaultHttpRequest(decodeResult: success, version: HTTP/1.1)
POST /session/c9be8d09730cac6ceacfae7064c6cba2/element/e98d6b1c-205d-40e8-a6a4-3e5ea8543ec0/value HTTP/1.1
User-Agent: selenium/4.1.2 (java windows)
Content-Length: 291
Content-Type: application/json; charset=utf-8
host: localhost:59087
accept: */*

Response DefaultHttpResponse(decodeResult: success, version: HTTP/1.1)
HTTP/1.1 200 OK
Content-Type: application/json; charset=utf-8
cache-control: no-cache
content-length: 14

23:16:17.448 [AsyncHttpClient-1-2] DEBUG org.asynchttpclient.netty.channel.ChannelManager - Adding key: http://localhost:59087 for channel [id: 0x4095906f, L:/127.0.0.1:52876 - R:localhost/127.0.0.1:59087]
23:16:17.455 [Forwarding findElement on session c9be8d09730cac6ceacfae7064c6cba2 to remote] DEBUG org.asynchttpclient.netty.request.NettyRequestSender - Using pooled Channel '[id: 0x4095906f, L:/127.0.0.1:52876 - R:localhost/127.0.0.1:59087]' for 'POST' to 'http://localhost:59087/session/c9be8d09730cac6ceacfae7064c6cba2/element'
23:16:17.456 [Forwarding findElement on session c9be8d09730cac6ceacfae7064c6cba2 to remote] DEBUG org.asynchttpclient.netty.request.NettyRequestSender - Using open Channel [id: 0x4095906f, L:/127.0.0.1:52876 - R:localhost/127.0.0.1:59087] for POST '/session/c9be8d09730cac6ceacfae7064c6cba2/element'
23:16:17.466 [AsyncHttpClient-1-2] DEBUG org.asynchttpclient.netty.handler.HttpHandler - 

Request DefaultHttpRequest(decodeResult: success, version: HTTP/1.1)
POST /session/c9be8d09730cac6ceacfae7064c6cba2/element HTTP/1.1
User-Agent: selenium/4.1.2 (java windows)
Content-Length: 89
Content-Type: application/json; charset=utf-8
host: localhost:59087
accept: */*

Response DefaultHttpResponse(decodeResult: success, version: HTTP/1.1)
HTTP/1.1 200 OK
Content-Type: application/json; charset=utf-8
cache-control: no-cache
content-length: 88

23:16:17.467 [AsyncHttpClient-1-2] DEBUG org.asynchttpclient.netty.channel.ChannelManager - Adding key: http://localhost:59087 for channel [id: 0x4095906f, L:/127.0.0.1:52876 - R:localhost/127.0.0.1:59087]
23:16:17.468 [Forwarding clearElement on session c9be8d09730cac6ceacfae7064c6cba2 to remote] DEBUG org.asynchttpclient.netty.request.NettyRequestSender - Using pooled Channel '[id: 0x4095906f, L:/127.0.0.1:52876 - R:localhost/127.0.0.1:59087]' for 'POST' to 'http://localhost:59087/session/c9be8d09730cac6ceacfae7064c6cba2/element/d762624b-78d2-4c4b-907e-d836a73f185f/clear'
23:16:17.468 [Forwarding clearElement on session c9be8d09730cac6ceacfae7064c6cba2 to remote] DEBUG org.asynchttpclient.netty.request.NettyRequestSender - Using open Channel [id: 0x4095906f, L:/127.0.0.1:52876 - R:localhost/127.0.0.1:59087] for POST '/session/c9be8d09730cac6ceacfae7064c6cba2/element/d762624b-78d2-4c4b-907e-d836a73f185f/clear'
23:16:17.492 [AsyncHttpClient-1-2] DEBUG org.asynchttpclient.netty.handler.HttpHandler - 

Request DefaultHttpRequest(decodeResult: success, version: HTTP/1.1)
POST /session/c9be8d09730cac6ceacfae7064c6cba2/element/d762624b-78d2-4c4b-907e-d836a73f185f/clear HTTP/1.1
User-Agent: selenium/4.1.2 (java windows)
Content-Length: 50
Content-Type: application/json; charset=utf-8
host: localhost:59087
accept: */*

Response DefaultHttpResponse(decodeResult: success, version: HTTP/1.1)
HTTP/1.1 200 OK
Content-Type: application/json; charset=utf-8
cache-control: no-cache
content-length: 14

23:16:17.492 [AsyncHttpClient-1-2] DEBUG org.asynchttpclient.netty.channel.ChannelManager - Adding key: http://localhost:59087 for channel [id: 0x4095906f, L:/127.0.0.1:52876 - R:localhost/127.0.0.1:59087]
23:16:17.494 [Forwarding sendKeysToElement on session c9be8d09730cac6ceacfae7064c6cba2 to remote] DEBUG org.asynchttpclient.netty.request.NettyRequestSender - Using pooled Channel '[id: 0x4095906f, L:/127.0.0.1:52876 - R:localhost/127.0.0.1:59087]' for 'POST' to 'http://localhost:59087/session/c9be8d09730cac6ceacfae7064c6cba2/element/d762624b-78d2-4c4b-907e-d836a73f185f/value'
23:16:17.494 [Forwarding sendKeysToElement on session c9be8d09730cac6ceacfae7064c6cba2 to remote] DEBUG org.asynchttpclient.netty.request.NettyRequestSender - Using open Channel [id: 0x4095906f, L:/127.0.0.1:52876 - R:localhost/127.0.0.1:59087] for POST '/session/c9be8d09730cac6ceacfae7064c6cba2/element/d762624b-78d2-4c4b-907e-d836a73f185f/value'
23:16:17.564 [AsyncHttpClient-1-2] DEBUG org.asynchttpclient.netty.handler.HttpHandler - 

Request DefaultHttpRequest(decodeResult: success, version: HTTP/1.1)
POST /session/c9be8d09730cac6ceacfae7064c6cba2/element/d762624b-78d2-4c4b-907e-d836a73f185f/value HTTP/1.1
User-Agent: selenium/4.1.2 (java windows)
Content-Length: 181
Content-Type: application/json; charset=utf-8
host: localhost:59087
accept: */*

Response DefaultHttpResponse(decodeResult: success, version: HTTP/1.1)
HTTP/1.1 200 OK
Content-Type: application/json; charset=utf-8
cache-control: no-cache
content-length: 14

23:16:17.564 [AsyncHttpClient-1-2] DEBUG org.asynchttpclient.netty.channel.ChannelManager - Adding key: http://localhost:59087 for channel [id: 0x4095906f, L:/127.0.0.1:52876 - R:localhost/127.0.0.1:59087]
  &amp#27;[32mAnd &amp#27;[0m&amp#27;[32mI input &amp#27;[0m&amp#27;[32m&amp#27;[1m"maylananggi@gmail.com"&amp#27;[0m&amp#27;[32m email and &amp#27;[0m&amp#27;[32m&amp#27;[1m"maylanqe22"&amp#27;[0m&amp#27;[32m password valid&amp#27;[0m &amp#27;[90m# starter.steps.DetailStep.iInputEmailAndPasswordValid(java.lang.String,java.lang.String)&amp#27;[0m
23:16:17.574 [Forwarding screenshot on session c9be8d09730cac6ceacfae7064c6cba2 to remote] DEBUG org.asynchttpclient.netty.request.NettyRequestSender - Using pooled Channel '[id: 0x4095906f, L:/127.0.0.1:52876 - R:localhost/127.0.0.1:59087]' for 'GET' to 'http://localhost:59087/session/c9be8d09730cac6ceacfae7064c6cba2/screenshot'
23:16:17.574 [Forwarding screenshot on session c9be8d09730cac6ceacfae7064c6cba2 to remote] DEBUG org.asynchttpclient.netty.request.NettyRequestSender - Using open Channel [id: 0x4095906f, L:/127.0.0.1:52876 - R:localhost/127.0.0.1:59087] for GET '/session/c9be8d09730cac6ceacfae7064c6cba2/screenshot'
23:16:17.726 [AsyncHttpClient-1-2] DEBUG org.asynchttpclient.netty.handler.HttpHandler - 

Request DefaultFullHttpRequest(decodeResult: success, version: HTTP/1.1, content: EmptyByteBufBE)
GET /session/c9be8d09730cac6ceacfae7064c6cba2/screenshot HTTP/1.1
User-Agent: selenium/4.1.2 (java windows)
Cache-Control: no-cache
Content-Type: application/json; charset=utf-8
host: localhost:59087
accept: */*

Response DefaultHttpResponse(decodeResult: success, version: HTTP/1.1)
HTTP/1.1 200 OK
Content-Type: application/json; charset=utf-8
cache-control: no-cache
content-length: 54920

23:16:17.727 [AsyncHttpClient-1-2] DEBUG org.asynchttpclient.netty.channel.ChannelManager - Adding key: http://localhost:59087 for channel [id: 0x4095906f, L:/127.0.0.1:52876 - R:localhost/127.0.0.1:59087]
23:16:17.732 [main] DEBUG net.serenitybdd.core.photography.Darkroom - Send negative for processing for target\site\serenity\53de6cff5ceb8d9c0968e4d2007019a86c2ea9d35db3e938552a4ce6ae646993.png
23:16:17.733 [Darkroom Processing Line] DEBUG net.serenitybdd.core.photography.DarkroomProcessingLine - Processing screenshot image in /var/screenshots/screenshot-18376297503126407712
23:16:17.733 [Darkroom Processing Line] DEBUG net.serenitybdd.core.photography.DarkroomProcessingLine - Saving screenshot to target\site\serenity\53de6cff5ceb8d9c0968e4d2007019a86c2ea9d35db3e938552a4ce6ae646993.png
23:16:17.747 [Forwarding findElement on session c9be8d09730cac6ceacfae7064c6cba2 to remote] DEBUG org.asynchttpclient.netty.request.NettyRequestSender - Using pooled Channel '[id: 0x4095906f, L:/127.0.0.1:52876 - R:localhost/127.0.0.1:59087]' for 'POST' to 'http://localhost:59087/session/c9be8d09730cac6ceacfae7064c6cba2/element'
23:16:17.747 [Forwarding findElement on session c9be8d09730cac6ceacfae7064c6cba2 to remote] DEBUG org.asynchttpclient.netty.request.NettyRequestSender - Using open Channel [id: 0x4095906f, L:/127.0.0.1:52876 - R:localhost/127.0.0.1:59087] for POST '/session/c9be8d09730cac6ceacfae7064c6cba2/element'
23:16:17.764 [AsyncHttpClient-1-2] DEBUG org.asynchttpclient.netty.handler.HttpHandler - 

Request DefaultHttpRequest(decodeResult: success, version: HTTP/1.1)
POST /session/c9be8d09730cac6ceacfae7064c6cba2/element HTTP/1.1
User-Agent: selenium/4.1.2 (java windows)
Content-Length: 141
Content-Type: application/json; charset=utf-8
host: localhost:59087
accept: */*

Response DefaultHttpResponse(decodeResult: success, version: HTTP/1.1)
HTTP/1.1 200 OK
Content-Type: application/json; charset=utf-8
cache-control: no-cache
content-length: 88

23:16:17.764 [AsyncHttpClient-1-2] DEBUG org.asynchttpclient.netty.channel.ChannelManager - Adding key: http://localhost:59087 for channel [id: 0x4095906f, L:/127.0.0.1:52876 - R:localhost/127.0.0.1:59087]
23:16:17.766 [Forwarding getElementTagName on session c9be8d09730cac6ceacfae7064c6cba2 to remote] DEBUG org.asynchttpclient.netty.request.NettyRequestSender - Using pooled Channel '[id: 0x4095906f, L:/127.0.0.1:52876 - R:localhost/127.0.0.1:59087]' for 'GET' to 'http://localhost:59087/session/c9be8d09730cac6ceacfae7064c6cba2/element/379e52e4-68e9-46c2-babd-bff937814ec5/name'
23:16:17.766 [Forwarding getElementTagName on session c9be8d09730cac6ceacfae7064c6cba2 to remote] DEBUG org.asynchttpclient.netty.request.NettyRequestSender - Using open Channel [id: 0x4095906f, L:/127.0.0.1:52876 - R:localhost/127.0.0.1:59087] for GET '/session/c9be8d09730cac6ceacfae7064c6cba2/element/379e52e4-68e9-46c2-babd-bff937814ec5/name'
23:16:17.771 [AsyncHttpClient-1-2] DEBUG org.asynchttpclient.netty.handler.HttpHandler - 

Request DefaultFullHttpRequest(decodeResult: success, version: HTTP/1.1, content: EmptyByteBufBE)
GET /session/c9be8d09730cac6ceacfae7064c6cba2/element/379e52e4-68e9-46c2-babd-bff937814ec5/name HTTP/1.1
User-Agent: selenium/4.1.2 (java windows)
Cache-Control: no-cache
Content-Type: application/json; charset=utf-8
host: localhost:59087
accept: */*

Response DefaultHttpResponse(decodeResult: success, version: HTTP/1.1)
HTTP/1.1 200 OK
Content-Type: application/json; charset=utf-8
cache-control: no-cache
content-length: 18

23:16:17.772 [AsyncHttpClient-1-2] DEBUG org.asynchttpclient.netty.channel.ChannelManager - Adding key: http://localhost:59087 for channel [id: 0x4095906f, L:/127.0.0.1:52876 - R:localhost/127.0.0.1:59087]
23:16:17.774 [Forwarding getElementTagName on session c9be8d09730cac6ceacfae7064c6cba2 to remote] DEBUG org.asynchttpclient.netty.request.NettyRequestSender - Using pooled Channel '[id: 0x4095906f, L:/127.0.0.1:52876 - R:localhost/127.0.0.1:59087]' for 'GET' to 'http://localhost:59087/session/c9be8d09730cac6ceacfae7064c6cba2/element/379e52e4-68e9-46c2-babd-bff937814ec5/name'
23:16:17.774 [Forwarding getElementTagName on session c9be8d09730cac6ceacfae7064c6cba2 to remote] DEBUG org.asynchttpclient.netty.request.NettyRequestSender - Using open Channel [id: 0x4095906f, L:/127.0.0.1:52876 - R:localhost/127.0.0.1:59087] for GET '/session/c9be8d09730cac6ceacfae7064c6cba2/element/379e52e4-68e9-46c2-babd-bff937814ec5/name'
23:16:17.776 [AsyncHttpClient-1-2] DEBUG org.asynchttpclient.netty.handler.HttpHandler - 

Request DefaultFullHttpRequest(decodeResult: success, version: HTTP/1.1, content: EmptyByteBufBE)
GET /session/c9be8d09730cac6ceacfae7064c6cba2/element/379e52e4-68e9-46c2-babd-bff937814ec5/name HTTP/1.1
User-Agent: selenium/4.1.2 (java windows)
Cache-Control: no-cache
Content-Type: application/json; charset=utf-8
host: localhost:59087
accept: */*

Response DefaultHttpResponse(decodeResult: success, version: HTTP/1.1)
HTTP/1.1 200 OK
Content-Type: application/json; charset=utf-8
cache-control: no-cache
content-length: 18

23:16:17.777 [AsyncHttpClient-1-2] DEBUG org.asynchttpclient.netty.channel.ChannelManager - Adding key: http://localhost:59087 for channel [id: 0x4095906f, L:/127.0.0.1:52876 - R:localhost/127.0.0.1:59087]
23:16:17.780 [Forwarding isElementEnabled on session c9be8d09730cac6ceacfae7064c6cba2 to remote] DEBUG org.asynchttpclient.netty.request.NettyRequestSender - Using pooled Channel '[id: 0x4095906f, L:/127.0.0.1:52876 - R:localhost/127.0.0.1:59087]' for 'GET' to 'http://localhost:59087/session/c9be8d09730cac6ceacfae7064c6cba2/element/379e52e4-68e9-46c2-babd-bff937814ec5/enabled'
23:16:17.780 [Forwarding isElementEnabled on session c9be8d09730cac6ceacfae7064c6cba2 to remote] DEBUG org.asynchttpclient.netty.request.NettyRequestSender - Using open Channel [id: 0x4095906f, L:/127.0.0.1:52876 - R:localhost/127.0.0.1:59087] for GET '/session/c9be8d09730cac6ceacfae7064c6cba2/element/379e52e4-68e9-46c2-babd-bff937814ec5/enabled'
23:16:17.785 [AsyncHttpClient-1-2] DEBUG org.asynchttpclient.netty.handler.HttpHandler - 

Request DefaultFullHttpRequest(decodeResult: success, version: HTTP/1.1, content: EmptyByteBufBE)
GET /session/c9be8d09730cac6ceacfae7064c6cba2/element/379e52e4-68e9-46c2-babd-bff937814ec5/enabled HTTP/1.1
User-Agent: selenium/4.1.2 (java windows)
Cache-Control: no-cache
Content-Type: application/json; charset=utf-8
host: localhost:59087
accept: */*

Response DefaultHttpResponse(decodeResult: success, version: HTTP/1.1)
HTTP/1.1 200 OK
Content-Type: application/json; charset=utf-8
cache-control: no-cache
content-length: 14

23:16:17.786 [AsyncHttpClient-1-2] DEBUG org.asynchttpclient.netty.channel.ChannelManager - Adding key: http://localhost:59087 for channel [id: 0x4095906f, L:/127.0.0.1:52876 - R:localhost/127.0.0.1:59087]
23:16:17.789 [Forwarding isElementEnabled on session c9be8d09730cac6ceacfae7064c6cba2 to remote] DEBUG org.asynchttpclient.netty.request.NettyRequestSender - Using pooled Channel '[id: 0x4095906f, L:/127.0.0.1:52876 - R:localhost/127.0.0.1:59087]' for 'GET' to 'http://localhost:59087/session/c9be8d09730cac6ceacfae7064c6cba2/element/379e52e4-68e9-46c2-babd-bff937814ec5/enabled'
23:16:17.789 [Forwarding isElementEnabled on session c9be8d09730cac6ceacfae7064c6cba2 to remote] DEBUG org.asynchttpclient.netty.request.NettyRequestSender - Using open Channel [id: 0x4095906f, L:/127.0.0.1:52876 - R:localhost/127.0.0.1:59087] for GET '/session/c9be8d09730cac6ceacfae7064c6cba2/element/379e52e4-68e9-46c2-babd-bff937814ec5/enabled'
23:16:17.794 [AsyncHttpClient-1-2] DEBUG org.asynchttpclient.netty.handler.HttpHandler - 

Request DefaultFullHttpRequest(decodeResult: success, version: HTTP/1.1, content: EmptyByteBufBE)
GET /session/c9be8d09730cac6ceacfae7064c6cba2/element/379e52e4-68e9-46c2-babd-bff937814ec5/enabled HTTP/1.1
User-Agent: selenium/4.1.2 (java windows)
Cache-Control: no-cache
Content-Type: application/json; charset=utf-8
host: localhost:59087
accept: */*

Response DefaultHttpResponse(decodeResult: success, version: HTTP/1.1)
HTTP/1.1 200 OK
Content-Type: application/json; charset=utf-8
cache-control: no-cache
content-length: 14

23:16:17.794 [AsyncHttpClient-1-2] DEBUG org.asynchttpclient.netty.channel.ChannelManager - Adding key: http://localhost:59087 for channel [id: 0x4095906f, L:/127.0.0.1:52876 - R:localhost/127.0.0.1:59087]
23:16:17.796 [Forwarding findElement on session c9be8d09730cac6ceacfae7064c6cba2 to remote] DEBUG org.asynchttpclient.netty.request.NettyRequestSender - Using pooled Channel '[id: 0x4095906f, L:/127.0.0.1:52876 - R:localhost/127.0.0.1:59087]' for 'POST' to 'http://localhost:59087/session/c9be8d09730cac6ceacfae7064c6cba2/element'
23:16:17.796 [Forwarding findElement on session c9be8d09730cac6ceacfae7064c6cba2 to remote] DEBUG org.asynchttpclient.netty.request.NettyRequestSender - Using open Channel [id: 0x4095906f, L:/127.0.0.1:52876 - R:localhost/127.0.0.1:59087] for POST '/session/c9be8d09730cac6ceacfae7064c6cba2/element'
23:16:17.801 [AsyncHttpClient-1-2] DEBUG org.asynchttpclient.netty.handler.HttpHandler - 

Request DefaultHttpRequest(decodeResult: success, version: HTTP/1.1)
POST /session/c9be8d09730cac6ceacfae7064c6cba2/element HTTP/1.1
User-Agent: selenium/4.1.2 (java windows)
Content-Length: 141
Content-Type: application/json; charset=utf-8
host: localhost:59087
accept: */*

Response DefaultHttpResponse(decodeResult: success, version: HTTP/1.1)
HTTP/1.1 200 OK
Content-Type: application/json; charset=utf-8
cache-control: no-cache
content-length: 88

23:16:17.801 [AsyncHttpClient-1-2] DEBUG org.asynchttpclient.netty.channel.ChannelManager - Adding key: http://localhost:59087 for channel [id: 0x4095906f, L:/127.0.0.1:52876 - R:localhost/127.0.0.1:59087]
23:16:17.803 [Forwarding clickElement on session c9be8d09730cac6ceacfae7064c6cba2 to remote] DEBUG org.asynchttpclient.netty.request.NettyRequestSender - Using pooled Channel '[id: 0x4095906f, L:/127.0.0.1:52876 - R:localhost/127.0.0.1:59087]' for 'POST' to 'http://localhost:59087/session/c9be8d09730cac6ceacfae7064c6cba2/element/379e52e4-68e9-46c2-babd-bff937814ec5/click'
23:16:17.803 [Forwarding clickElement on session c9be8d09730cac6ceacfae7064c6cba2 to remote] DEBUG org.asynchttpclient.netty.request.NettyRequestSender - Using open Channel [id: 0x4095906f, L:/127.0.0.1:52876 - R:localhost/127.0.0.1:59087] for POST '/session/c9be8d09730cac6ceacfae7064c6cba2/element/379e52e4-68e9-46c2-babd-bff937814ec5/click'
23:16:17.832 [AsyncHttpClient-1-2] DEBUG org.asynchttpclient.netty.handler.HttpHandler - 

Request DefaultHttpRequest(decodeResult: success, version: HTTP/1.1)
POST /session/c9be8d09730cac6ceacfae7064c6cba2/element/379e52e4-68e9-46c2-babd-bff937814ec5/click HTTP/1.1
User-Agent: selenium/4.1.2 (java windows)
Content-Length: 50
Content-Type: application/json; charset=utf-8
host: localhost:59087
accept: */*

Response DefaultHttpResponse(decodeResult: success, version: HTTP/1.1)
HTTP/1.1 200 OK
Content-Type: application/json; charset=utf-8
cache-control: no-cache
content-length: 14

23:16:17.832 [AsyncHttpClient-1-2] DEBUG org.asynchttpclient.netty.channel.ChannelManager - Adding key: http://localhost:59087 for channel [id: 0x4095906f, L:/127.0.0.1:52876 - R:localhost/127.0.0.1:59087]
  &amp#27;[32mAnd &amp#27;[0m&amp#27;[32mclick login button&amp#27;[0m                                                    &amp#27;[90m# starter.steps.DetailStep.clickLoginButton()&amp#27;[0m
23:16:17.839 [Forwarding screenshot on session c9be8d09730cac6ceacfae7064c6cba2 to remote] DEBUG org.asynchttpclient.netty.request.NettyRequestSender - Using pooled Channel '[id: 0x4095906f, L:/127.0.0.1:52876 - R:localhost/127.0.0.1:59087]' for 'GET' to 'http://localhost:59087/session/c9be8d09730cac6ceacfae7064c6cba2/screenshot'
23:16:17.839 [Forwarding screenshot on session c9be8d09730cac6ceacfae7064c6cba2 to remote] DEBUG org.asynchttpclient.netty.request.NettyRequestSender - Using open Channel [id: 0x4095906f, L:/127.0.0.1:52876 - R:localhost/127.0.0.1:59087] for GET '/session/c9be8d09730cac6ceacfae7064c6cba2/screenshot'
23:16:18.040 [AsyncHttpClient-1-2] DEBUG org.asynchttpclient.netty.handler.HttpHandler - 

Request DefaultFullHttpRequest(decodeResult: success, version: HTTP/1.1, content: EmptyByteBufBE)
GET /session/c9be8d09730cac6ceacfae7064c6cba2/screenshot HTTP/1.1
User-Agent: selenium/4.1.2 (java windows)
Cache-Control: no-cache
Content-Type: application/json; charset=utf-8
host: localhost:59087
accept: */*

Response DefaultHttpResponse(decodeResult: success, version: HTTP/1.1)
HTTP/1.1 200 OK
Content-Type: application/json; charset=utf-8
cache-control: no-cache
content-length: 54064

23:16:18.041 [AsyncHttpClient-1-2] DEBUG org.asynchttpclient.netty.channel.ChannelManager - Adding key: http://localhost:59087 for channel [id: 0x4095906f, L:/127.0.0.1:52876 - R:localhost/127.0.0.1:59087]
23:16:18.043 [main] DEBUG net.serenitybdd.core.photography.Darkroom - Send negative for processing for target\site\serenity\e5345fbf7c8e2413256b72b03891d377f18ea86e433c1b7d9774f55bdf114bbf.png
23:16:18.043 [Darkroom Processing Line] DEBUG net.serenitybdd.core.photography.DarkroomProcessingLine - Processing screenshot image in /var/screenshots/screenshot-14035109843946954158
23:16:18.044 [Darkroom Processing Line] DEBUG net.serenitybdd.core.photography.DarkroomProcessingLine - Saving screenshot to target\site\serenity\e5345fbf7c8e2413256b72b03891d377f18ea86e433c1b7d9774f55bdf114bbf.png
23:16:18.049 [Forwarding findElement on session c9be8d09730cac6ceacfae7064c6cba2 to remote] DEBUG org.asynchttpclient.netty.request.NettyRequestSender - Using pooled Channel '[id: 0x4095906f, L:/127.0.0.1:52876 - R:localhost/127.0.0.1:59087]' for 'POST' to 'http://localhost:59087/session/c9be8d09730cac6ceacfae7064c6cba2/element'
23:16:18.049 [Forwarding findElement on session c9be8d09730cac6ceacfae7064c6cba2 to remote] DEBUG org.asynchttpclient.netty.request.NettyRequestSender - Using open Channel [id: 0x4095906f, L:/127.0.0.1:52876 - R:localhost/127.0.0.1:59087] for POST '/session/c9be8d09730cac6ceacfae7064c6cba2/element'
23:16:18.407 [AsyncHttpClient-1-1] DEBUG org.asynchttpclient.netty.channel.DefaultChannelPool - Entry count for : http://localhost:52877 : 1
23:16:19.199 [AsyncHttpClient-1-2] DEBUG org.asynchttpclient.netty.handler.HttpHandler - 

Request DefaultHttpRequest(decodeResult: success, version: HTTP/1.1)
POST /session/c9be8d09730cac6ceacfae7064c6cba2/element HTTP/1.1
User-Agent: selenium/4.1.2 (java windows)
Content-Length: 71
Content-Type: application/json; charset=utf-8
host: localhost:59087
accept: */*

Response DefaultHttpResponse(decodeResult: success, version: HTTP/1.1)
HTTP/1.1 200 OK
Content-Type: application/json; charset=utf-8
cache-control: no-cache
content-length: 88

23:16:19.199 [AsyncHttpClient-1-2] DEBUG org.asynchttpclient.netty.channel.ChannelManager - Adding key: http://localhost:59087 for channel [id: 0x4095906f, L:/127.0.0.1:52876 - R:localhost/127.0.0.1:59087]
23:16:19.214 [Forwarding isElementDisplayed on session c9be8d09730cac6ceacfae7064c6cba2 to remote] DEBUG org.asynchttpclient.netty.request.NettyRequestSender - Using pooled Channel '[id: 0x4095906f, L:/127.0.0.1:52876 - R:localhost/127.0.0.1:59087]' for 'POST' to 'http://localhost:59087/session/c9be8d09730cac6ceacfae7064c6cba2/execute/sync'
23:16:19.215 [Forwarding isElementDisplayed on session c9be8d09730cac6ceacfae7064c6cba2 to remote] DEBUG org.asynchttpclient.netty.request.NettyRequestSender - Using open Channel [id: 0x4095906f, L:/127.0.0.1:52876 - R:localhost/127.0.0.1:59087] for POST '/session/c9be8d09730cac6ceacfae7064c6cba2/execute/sync'
23:16:19.231 [AsyncHttpClient-1-2] DEBUG org.asynchttpclient.netty.handler.HttpHandler - 

Request DefaultHttpRequest(decodeResult: success, version: HTTP/1.1)
POST /session/c9be8d09730cac6ceacfae7064c6cba2/execute/sync HTTP/1.1
User-Agent: selenium/4.1.2 (java windows)
Content-Length: 48780
Content-Type: application/json; charset=utf-8
host: localhost:59087
accept: */*

Response DefaultHttpResponse(decodeResult: success, version: HTTP/1.1)
HTTP/1.1 200 OK
Content-Type: application/json; charset=utf-8
cache-control: no-cache
content-length: 14

23:16:19.231 [AsyncHttpClient-1-2] DEBUG org.asynchttpclient.netty.channel.ChannelManager - Adding key: http://localhost:59087 for channel [id: 0x4095906f, L:/127.0.0.1:52876 - R:localhost/127.0.0.1:59087]
  &amp#27;[32mAnd &amp#27;[0m&amp#27;[32mI can login &amp#27;[0m&amp#27;[32m&amp#27;[1m"can login"&amp#27;[0m                                               &amp#27;[90m# starter.steps.DetailStep.iCanLogin(java.lang.String)&amp#27;[0m
23:16:19.237 [Forwarding screenshot on session c9be8d09730cac6ceacfae7064c6cba2 to remote] DEBUG org.asynchttpclient.netty.request.NettyRequestSender - Using pooled Channel '[id: 0x4095906f, L:/127.0.0.1:52876 - R:localhost/127.0.0.1:59087]' for 'GET' to 'http://localhost:59087/session/c9be8d09730cac6ceacfae7064c6cba2/screenshot'
23:16:19.237 [Forwarding screenshot on session c9be8d09730cac6ceacfae7064c6cba2 to remote] DEBUG org.asynchttpclient.netty.request.NettyRequestSender - Using open Channel [id: 0x4095906f, L:/127.0.0.1:52876 - R:localhost/127.0.0.1:59087] for GET '/session/c9be8d09730cac6ceacfae7064c6cba2/screenshot'
23:16:19.428 [AsyncHttpClient-1-2] DEBUG org.asynchttpclient.netty.handler.HttpHandler - 

Request DefaultFullHttpRequest(decodeResult: success, version: HTTP/1.1, content: EmptyByteBufBE)
GET /session/c9be8d09730cac6ceacfae7064c6cba2/screenshot HTTP/1.1
User-Agent: selenium/4.1.2 (java windows)
Cache-Control: no-cache
Content-Type: application/json; charset=utf-8
host: localhost:59087
accept: */*

Response DefaultHttpResponse(decodeResult: success, version: HTTP/1.1)
HTTP/1.1 200 OK
Content-Type: application/json; charset=utf-8
cache-control: no-cache
content-length: 46832

23:16:19.428 [AsyncHttpClient-1-2] DEBUG org.asynchttpclient.netty.channel.ChannelManager - Adding key: http://localhost:59087 for channel [id: 0x4095906f, L:/127.0.0.1:52876 - R:localhost/127.0.0.1:59087]
23:16:19.430 [main] DEBUG net.serenitybdd.core.photography.Darkroom - Send negative for processing for target\site\serenity\4b1c5869aba4d65b50772cb10a645d7a4283390b76e5092a3504e3c651554b4e.png
23:16:19.431 [Darkroom Processing Line] DEBUG net.serenitybdd.core.photography.DarkroomProcessingLine - Processing screenshot image in /var/screenshots/screenshot-6881618287391558030
23:16:19.431 [Darkroom Processing Line] DEBUG net.serenitybdd.core.photography.DarkroomProcessingLine - Saving screenshot to target\site\serenity\4b1c5869aba4d65b50772cb10a645d7a4283390b76e5092a3504e3c651554b4e.png
23:16:19.513 [AsyncHttpClient-1-1] DEBUG org.asynchttpclient.netty.channel.DefaultChannelPool - Entry count for : http://localhost:52877 : 1
23:16:19.513 [AsyncHttpClient-1-1] DEBUG org.asynchttpclient.netty.channel.DefaultChannelPool - Entry count for : http://localhost:59087 : 1
23:16:19.533 [Forwarding findElement on session c9be8d09730cac6ceacfae7064c6cba2 to remote] DEBUG org.asynchttpclient.netty.request.NettyRequestSender - Using pooled Channel '[id: 0x4095906f, L:/127.0.0.1:52876 - R:localhost/127.0.0.1:59087]' for 'POST' to 'http://localhost:59087/session/c9be8d09730cac6ceacfae7064c6cba2/element'
23:16:19.551 [Forwarding findElement on session c9be8d09730cac6ceacfae7064c6cba2 to remote] DEBUG org.asynchttpclient.netty.request.NettyRequestSender - Using open Channel [id: 0x4095906f, L:/127.0.0.1:52876 - R:localhost/127.0.0.1:59087] for POST '/session/c9be8d09730cac6ceacfae7064c6cba2/element'
23:16:20.346 [AsyncHttpClient-1-2] DEBUG org.asynchttpclient.netty.handler.HttpHandler - 

Request DefaultHttpRequest(decodeResult: success, version: HTTP/1.1)
POST /session/c9be8d09730cac6ceacfae7064c6cba2/element HTTP/1.1
User-Agent: selenium/4.1.2 (java windows)
Content-Length: 120
Content-Type: application/json; charset=utf-8
host: localhost:59087
accept: */*

Response DefaultHttpResponse(decodeResult: success, version: HTTP/1.1)
HTTP/1.1 200 OK
Content-Type: application/json; charset=utf-8
cache-control: no-cache
content-length: 88

23:16:20.346 [AsyncHttpClient-1-2] DEBUG org.asynchttpclient.netty.channel.ChannelManager - Adding key: http://localhost:59087 for channel [id: 0x4095906f, L:/127.0.0.1:52876 - R:localhost/127.0.0.1:59087]
23:16:20.350 [Forwarding getElementTagName on session c9be8d09730cac6ceacfae7064c6cba2 to remote] DEBUG org.asynchttpclient.netty.request.NettyRequestSender - Using pooled Channel '[id: 0x4095906f, L:/127.0.0.1:52876 - R:localhost/127.0.0.1:59087]' for 'GET' to 'http://localhost:59087/session/c9be8d09730cac6ceacfae7064c6cba2/element/b79cafcc-453e-46fa-928c-8d583da654e3/name'
23:16:20.350 [Forwarding getElementTagName on session c9be8d09730cac6ceacfae7064c6cba2 to remote] DEBUG org.asynchttpclient.netty.request.NettyRequestSender - Using open Channel [id: 0x4095906f, L:/127.0.0.1:52876 - R:localhost/127.0.0.1:59087] for GET '/session/c9be8d09730cac6ceacfae7064c6cba2/element/b79cafcc-453e-46fa-928c-8d583da654e3/name'
23:16:20.378 [AsyncHttpClient-1-2] DEBUG org.asynchttpclient.netty.handler.HttpHandler - 

Request DefaultFullHttpRequest(decodeResult: success, version: HTTP/1.1, content: EmptyByteBufBE)
GET /session/c9be8d09730cac6ceacfae7064c6cba2/element/b79cafcc-453e-46fa-928c-8d583da654e3/name HTTP/1.1
User-Agent: selenium/4.1.2 (java windows)
Cache-Control: no-cache
Content-Type: application/json; charset=utf-8
host: localhost:59087
accept: */*

Response DefaultHttpResponse(decodeResult: success, version: HTTP/1.1)
HTTP/1.1 200 OK
Content-Type: application/json; charset=utf-8
cache-control: no-cache
content-length: 16

23:16:20.380 [AsyncHttpClient-1-2] DEBUG org.asynchttpclient.netty.channel.ChannelManager - Adding key: http://localhost:59087 for channel [id: 0x4095906f, L:/127.0.0.1:52876 - R:localhost/127.0.0.1:59087]
23:16:20.381 [Forwarding getElementTagName on session c9be8d09730cac6ceacfae7064c6cba2 to remote] DEBUG org.asynchttpclient.netty.request.NettyRequestSender - Using pooled Channel '[id: 0x4095906f, L:/127.0.0.1:52876 - R:localhost/127.0.0.1:59087]' for 'GET' to 'http://localhost:59087/session/c9be8d09730cac6ceacfae7064c6cba2/element/b79cafcc-453e-46fa-928c-8d583da654e3/name'
23:16:20.381 [Forwarding getElementTagName on session c9be8d09730cac6ceacfae7064c6cba2 to remote] DEBUG org.asynchttpclient.netty.request.NettyRequestSender - Using open Channel [id: 0x4095906f, L:/127.0.0.1:52876 - R:localhost/127.0.0.1:59087] for GET '/session/c9be8d09730cac6ceacfae7064c6cba2/element/b79cafcc-453e-46fa-928c-8d583da654e3/name'
23:16:20.383 [AsyncHttpClient-1-2] DEBUG org.asynchttpclient.netty.handler.HttpHandler - 

Request DefaultFullHttpRequest(decodeResult: success, version: HTTP/1.1, content: EmptyByteBufBE)
GET /session/c9be8d09730cac6ceacfae7064c6cba2/element/b79cafcc-453e-46fa-928c-8d583da654e3/name HTTP/1.1
User-Agent: selenium/4.1.2 (java windows)
Cache-Control: no-cache
Content-Type: application/json; charset=utf-8
host: localhost:59087
accept: */*

Response DefaultHttpResponse(decodeResult: success, version: HTTP/1.1)
HTTP/1.1 200 OK
Content-Type: application/json; charset=utf-8
cache-control: no-cache
content-length: 16

23:16:20.383 [AsyncHttpClient-1-2] DEBUG org.asynchttpclient.netty.channel.ChannelManager - Adding key: http://localhost:59087 for channel [id: 0x4095906f, L:/127.0.0.1:52876 - R:localhost/127.0.0.1:59087]
23:16:20.385 [Forwarding findElement on session c9be8d09730cac6ceacfae7064c6cba2 to remote] DEBUG org.asynchttpclient.netty.request.NettyRequestSender - Using pooled Channel '[id: 0x4095906f, L:/127.0.0.1:52876 - R:localhost/127.0.0.1:59087]' for 'POST' to 'http://localhost:59087/session/c9be8d09730cac6ceacfae7064c6cba2/element'
23:16:20.385 [Forwarding findElement on session c9be8d09730cac6ceacfae7064c6cba2 to remote] DEBUG org.asynchttpclient.netty.request.NettyRequestSender - Using open Channel [id: 0x4095906f, L:/127.0.0.1:52876 - R:localhost/127.0.0.1:59087] for POST '/session/c9be8d09730cac6ceacfae7064c6cba2/element'
23:16:20.392 [AsyncHttpClient-1-2] DEBUG org.asynchttpclient.netty.handler.HttpHandler - 

Request DefaultHttpRequest(decodeResult: success, version: HTTP/1.1)
POST /session/c9be8d09730cac6ceacfae7064c6cba2/element HTTP/1.1
User-Agent: selenium/4.1.2 (java windows)
Content-Length: 120
Content-Type: application/json; charset=utf-8
host: localhost:59087
accept: */*

Response DefaultHttpResponse(decodeResult: success, version: HTTP/1.1)
HTTP/1.1 200 OK
Content-Type: application/json; charset=utf-8
cache-control: no-cache
content-length: 88

23:16:20.392 [AsyncHttpClient-1-2] DEBUG org.asynchttpclient.netty.channel.ChannelManager - Adding key: http://localhost:59087 for channel [id: 0x4095906f, L:/127.0.0.1:52876 - R:localhost/127.0.0.1:59087]
23:16:20.394 [Forwarding clickElement on session c9be8d09730cac6ceacfae7064c6cba2 to remote] DEBUG org.asynchttpclient.netty.request.NettyRequestSender - Using pooled Channel '[id: 0x4095906f, L:/127.0.0.1:52876 - R:localhost/127.0.0.1:59087]' for 'POST' to 'http://localhost:59087/session/c9be8d09730cac6ceacfae7064c6cba2/element/b79cafcc-453e-46fa-928c-8d583da654e3/click'
[...]

Request DefaultFullHttpRequest(decodeResult: success, version: HTTP/1.1, content: EmptyByteBufBE)
GET /session/c9be8d09730cac6ceacfae7064c6cba2/screenshot HTTP/1.1
User-Agent: selenium/4.1.2 (java windows)
Cache-Control: no-cache
Content-Type: application/json; charset=utf-8
host: localhost:59087
accept: */*

Response DefaultHttpResponse(decodeResult: success, version: HTTP/1.1)
HTTP/1.1 200 OK
Content-Type: application/json; charset=utf-8
cache-control: no-cache
content-length: 73076

23:16:21.606 [AsyncHttpClient-1-2] DEBUG org.asynchttpclient.netty.channel.ChannelManager - Adding key: http://localhost:59087 for channel [id: 0x4095906f, L:/127.0.0.1:52876 - R:localhost/127.0.0.1:59087]
23:16:21.610 [main] DEBUG net.serenitybdd.core.photography.Darkroom - Send negative for processing for target\site\serenity\c8ac1170b0a0329d0881cf97261cffcd94a16f6db60c4d4f6fddc8fdd295a730.png
23:16:21.611 [Darkroom Processing Line] DEBUG net.serenitybdd.core.photography.DarkroomProcessingLine - Processing screenshot image in /var/screenshots/screenshot-1597322362236507287
23:16:21.611 [Darkroom Processing Line] DEBUG net.serenitybdd.core.photography.DarkroomProcessingLine - Saving screenshot to target\site\serenity\c8ac1170b0a0329d0881cf97261cffcd94a16f6db60c4d4f6fddc8fdd295a730.png
23:16:21.669 [Forwarding findElement on session c9be8d09730cac6ceacfae7064c6cba2 to remote] DEBUG org.asynchttpclient.netty.request.NettyRequestSender - Using pooled Channel '[id: 0x4095906f, L:/127.0.0.1:52876 - R:localhost/127.0.0.1:59087]' for 'POST' to 'http://localhost:59087/session/c9be8d09730cac6ceacfae7064c6cba2/element'
23:16:21.669 [Forwarding findElement on session c9be8d09730cac6ceacfae7064c6cba2 to remote] DEBUG org.asynchttpclient.netty.request.NettyRequestSender - Using open Channel [id: 0x4095906f, L:/127.0.0.1:52876 - R:localhost/127.0.0.1:59087] for POST '/session/c9be8d09730cac6ceacfae7064c6cba2/element'
23:16:21.678 [AsyncHttpClient-1-2] DEBUG org.asynchttpclient.netty.handler.HttpHandler - 

Request DefaultHttpRequest(decodeResult: success, version: HTTP/1.1)
POST /session/c9be8d09730cac6ceacfae7064c6cba2/element HTTP/1.1
User-Agent: selenium/4.1.2 (java windows)
Content-Length: 94
Content-Type: application/json; charset=utf-8
host: localhost:59087
accept: */*

Response DefaultHttpResponse(decodeResult: success, version: HTTP/1.1)
HTTP/1.1 200 OK
Content-Type: application/json; charset=utf-8
cache-control: no-cache
content-length: 88

23:16:21.679 [AsyncHttpClient-1-2] DEBUG org.asynchttpclient.netty.channel.ChannelManager - Adding key: http://localhost:59087 for channel [id: 0x4095906f, L:/127.0.0.1:52876 - R:localhost/127.0.0.1:59087]
23:16:21.681 [Forwarding getElementTagName on session c9be8d09730cac6ceacfae7064c6cba2 to remote] DEBUG org.asynchttpclient.netty.request.NettyRequestSender - Using pooled Channel '[id: 0x4095906f, L:/127.0.0.1:52876 - R:localhost/127.0.0.1:59087]' for 'GET' to 'http://localhost:59087/session/c9be8d09730cac6ceacfae7064c6cba2/element/ee973114-0572-44cb-b1b9-ec0c1e80e631/name'
23:16:21.681 [Forwarding getElementTagName on session c9be8d09730cac6ceacfae7064c6cba2 to remote] DEBUG org.asynchttpclient.netty.request.NettyRequestSender - Using open Channel [id: 0x4095906f, L:/127.0.0.1:52876 - R:localhost/127.0.0.1:59087] for GET '/session/c9be8d09730cac6ceacfae7064c6cba2/element/ee973114-0572-44cb-b1b9-ec0c1e80e631/name'
23:16:21.685 [AsyncHttpClient-1-2] DEBUG org.asynchttpclient.netty.handler.HttpHandler - 

Request DefaultFullHttpRequest(decodeResult: success, version: HTTP/1.1, content: EmptyByteBufBE)
GET /session/c9be8d09730cac6ceacfae7064c6cba2/element/ee973114-0572-44cb-b1b9-ec0c1e80e631/name HTTP/1.1
User-Agent: selenium/4.1.2 (java windows)
Cache-Control: no-cache
Content-Type: application/json; charset=utf-8
host: localhost:59087
accept: */*

Response DefaultHttpResponse(decodeResult: success, version: HTTP/1.1)
HTTP/1.1 200 OK
Content-Type: application/json; charset=utf-8
cache-control: no-cache
content-length: 13

23:16:21.685 [AsyncHttpClient-1-2] DEBUG org.asynchttpclient.netty.channel.ChannelManager - Adding key: http://localhost:59087 for channel [id: 0x4095906f, L:/127.0.0.1:52876 - R:localhost/127.0.0.1:59087]
23:16:21.686 [Forwarding getElementTagName on session c9be8d09730cac6ceacfae7064c6cba2 to remote] DEBUG org.asynchttpclient.netty.request.NettyRequestSender - Using pooled Channel '[id: 0x4095906f, L:/127.0.0.1:52876 - R:localhost/127.0.0.1:59087]' for 'GET' to 'http://localhost:59087/session/c9be8d09730cac6ceacfae7064c6cba2/element/ee973114-0572-44cb-b1b9-ec0c1e80e631/name'
23:16:21.686 [Forwarding getElementTagName on session c9be8d09730cac6ceacfae7064c6cba2 to remote] DEBUG org.asynchttpclient.netty.request.NettyRequestSender - Using open Channel [id: 0x4095906f, L:/127.0.0.1:52876 - R:localhost/127.0.0.1:59087] for GET '/session/c9be8d09730cac6ceacfae7064c6cba2/element/ee973114-0572-44cb-b1b9-ec0c1e80e631/name'
23:16:21.689 [AsyncHttpClient-1-2] DEBUG org.asynchttpclient.netty.handler.HttpHandler - 

Request DefaultFullHttpRequest(decodeResult: success, version: HTTP/1.1, content: EmptyByteBufBE)
GET /session/c9be8d09730cac6ceacfae7064c6cba2/element/ee973114-0572-44cb-b1b9-ec0c1e80e631/name HTTP/1.1
User-Agent: selenium/4.1.2 (java windows)
Cache-Control: no-cache
Content-Type: application/json; charset=utf-8
host: localhost:59087
accept: */*

Response DefaultHttpResponse(decodeResult: success, version: HTTP/1.1)
HTTP/1.1 200 OK
Content-Type: application/json; charset=utf-8
cache-control: no-cache
content-length: 13

23:16:21.689 [AsyncHttpClient-1-2] DEBUG org.asynchttpclient.netty.channel.ChannelManager - Adding key: http://localhost:59087 for channel [id: 0x4095906f, L:/127.0.0.1:52876 - R:localhost/127.0.0.1:59087]
23:16:21.694 [Forwarding findElement on session c9be8d09730cac6ceacfae7064c6cba2 to remote] DEBUG org.asynchttpclient.netty.request.NettyRequestSender - Using pooled Channel '[id: 0x4095906f, L:/127.0.0.1:52876 - R:localhost/127.0.0.1:59087]' for 'POST' to 'http://localhost:59087/session/c9be8d09730cac6ceacfae7064c6cba2/element'
23:16:21.694 [Forwarding findElement on session c9be8d09730cac6ceacfae7064c6cba2 to remote] DEBUG org.asynchttpclient.netty.request.NettyRequestSender - Using open Channel [id: 0x4095906f, L:/127.0.0.1:52876 - R:localhost/127.0.0.1:59087] for POST '/session/c9be8d09730cac6ceacfae7064c6cba2/element'
23:16:21.698 [AsyncHttpClient-1-2] DEBUG org.asynchttpclient.netty.handler.HttpHandler - 

Request DefaultHttpRequest(decodeResult: success, version: HTTP/1.1)
POST /session/c9be8d09730cac6ceacfae7064c6cba2/element HTTP/1.1
User-Agent: selenium/4.1.2 (java windows)
Content-Length: 94
Content-Type: application/json; charset=utf-8
host: localhost:59087
accept: */*

Response DefaultHttpResponse(decodeResult: success, version: HTTP/1.1)
HTTP/1.1 200 OK
Content-Type: application/json; charset=utf-8
cache-control: no-cache
content-length: 88

23:16:21.698 [AsyncHttpClient-1-2] DEBUG org.asynchttpclient.netty.channel.ChannelManager - Adding key: http://localhost:59087 for channel [id: 0x4095906f, L:/127.0.0.1:52876 - R:localhost/127.0.0.1:59087]
23:16:21.701 [Forwarding clickElement on session c9be8d09730cac6ceacfae7064c6cba2 to remote] DEBUG org.asynchttpclient.netty.request.NettyRequestSender - Using pooled Channel '[id: 0x4095906f, L:/127.0.0.1:52876 - R:localhost/127.0.0.1:59087]' for 'POST' to 'http://localhost:59087/session/c9be8d09730cac6ceacfae7064c6cba2/element/ee973114-0572-44cb-b1b9-ec0c1e80e631/click'
23:16:21.702 [Forwarding clickElement on session c9be8d09730cac6ceacfae7064c6cba2 to remote] DEBUG org.asynchttpclient.netty.request.NettyRequestSender - Using open Channel [id: 0x4095906f, L:/127.0.0.1:52876 - R:localhost/127.0.0.1:59087] for POST '/session/c9be8d09730cac6ceacfae7064c6cba2/element/ee973114-0572-44cb-b1b9-ec0c1e80e631/click'
23:16:21.717 [AsyncHttpClient-1-1] DEBUG org.asynchttpclient.netty.channel.DefaultChannelPool - Entry count for : http://localhost:52877 : 1
23:16:21.751 [AsyncHttpClient-1-2] DEBUG org.asynchttpclient.netty.handler.HttpHandler - 

Request DefaultHttpRequest(decodeResult: success, version: HTTP/1.1)
POST /session/c9be8d09730cac6ceacfae7064c6cba2/element/ee973114-0572-44cb-b1b9-ec0c1e80e631/click HTTP/1.1
User-Agent: selenium/4.1.2 (java windows)
Content-Length: 50
Content-Type: application/json; charset=utf-8
host: localhost:59087
accept: */*

Response DefaultHttpResponse(decodeResult: success, version: HTTP/1.1)
HTTP/1.1 200 OK
Content-Type: application/json; charset=utf-8
cache-control: no-cache
content-length: 14

23:16:21.751 [AsyncHttpClient-1-2] DEBUG org.asynchttpclient.netty.channel.ChannelManager - Adding key: http://localhost:59087 for channel [id: 0x4095906f, L:/127.0.0.1:52876 - R:localhost/127.0.0.1:59087]
  &amp#27;[32mAnd &amp#27;[0m&amp#27;[32mI click transaksi button&amp#27;[0m                                              &amp#27;[90m# starter.steps.TransactionStep.iClickTransaksiButton()&amp#27;[0m
23:16:21.765 [Forwarding screenshot on session c9be8d09730cac6ceacfae7064c6cba2 to remote] DEBUG org.asynchttpclient.netty.request.NettyRequestSender - Using pooled Channel '[id: 0x4095906f, L:/127.0.0.1:52876 - R:localhost/127.0.0.1:59087]' for 'GET' to 'http://localhost:59087/session/c9be8d09730cac6ceacfae7064c6cba2/screenshot'
23:16:21.765 [Forwarding screenshot on session c9be8d09730cac6ceacfae7064c6cba2 to remote] DEBUG org.asynchttpclient.netty.request.NettyRequestSender - Using open Channel [id: 0x4095906f, L:/127.0.0.1:52876 - R:localhost/127.0.0.1:59087] for GET '/session/c9be8d09730cac6ceacfae7064c6cba2/screenshot'
23:16:22.030 [AsyncHttpClient-1-2] DEBUG org.asynchttpclient.netty.handler.HttpHandler - 

Request DefaultFullHttpRequest(decodeResult: success, version: HTTP/1.1, content: EmptyByteBufBE)
GET /session/c9be8d09730cac6ceacfae7064c6cba2/screenshot HTTP/1.1
User-Agent: selenium/4.1.2 (java windows)
Cache-Control: no-cache
Content-Type: application/json; charset=utf-8
host: localhost:59087
accept: */*

Response DefaultHttpResponse(decodeResult: success, version: HTTP/1.1)
HTTP/1.1 200 OK
Content-Type: application/json; charset=utf-8
cache-control: no-cache
content-length: 54076

23:16:22.030 [AsyncHttpClient-1-2] DEBUG org.asynchttpclient.netty.channel.ChannelManager - Adding key: http://localhost:59087 for channel [id: 0x4095906f, L:/127.0.0.1:52876 - R:localhost/127.0.0.1:59087]
23:16:22.032 [main] DEBUG net.serenitybdd.core.photography.Darkroom - Send negative for processing for target\site\serenity\f89d2140ab579f091e9fb64bf187ed2155c18a174fdc0a5ace7e6e8e73a089ed.png
23:16:22.032 [Darkroom Processing Line] DEBUG net.serenitybdd.core.photography.DarkroomProcessingLine - Processing screenshot image in /var/screenshots/screenshot-16258544096692798547
23:16:22.032 [Darkroom Processing Line] DEBUG net.serenitybdd.core.photography.DarkroomProcessingLine - Saving screenshot to target\site\serenity\f89d2140ab579f091e9fb64bf187ed2155c18a174fdc0a5ace7e6e8e73a089ed.png
23:16:22.037 [Forwarding findElement on session c9be8d09730cac6ceacfae7064c6cba2 to remote] DEBUG org.asynchttpclient.netty.request.NettyRequestSender - Using pooled Channel '[id: 0x4095906f, L:/127.0.0.1:52876 - R:localhost/127.0.0.1:59087]' for 'POST' to 'http://localhost:59087/session/c9be8d09730cac6ceacfae7064c6cba2/element'
23:16:22.037 [Forwarding findElement on session c9be8d09730cac6ceacfae7064c6cba2 to remote] DEBUG org.asynchttpclient.netty.request.NettyRequestSender - Using open Channel [id: 0x4095906f, L:/127.0.0.1:52876 - R:localhost/127.0.0.1:59087] for POST '/session/c9be8d09730cac6ceacfae7064c6cba2/element'
23:16:22.048 [AsyncHttpClient-1-2] DEBUG org.asynchttpclient.netty.handler.HttpHandler - 

Request DefaultHttpRequest(decodeResult: success, version: HTTP/1.1)
POST /session/c9be8d09730cac6ceacfae7064c6cba2/element HTTP/1.1
User-Agent: selenium/4.1.2 (java windows)
Content-Length: 84
Content-Type: application/json; charset=utf-8
host: localhost:59087
accept: */*

Response DefaultHttpResponse(decodeResult: success, version: HTTP/1.1)
HTTP/1.1 200 OK
Content-Type: application/json; charset=utf-8
cache-control: no-cache
content-length: 88

23:16:22.048 [AsyncHttpClient-1-2] DEBUG org.asynchttpclient.netty.channel.ChannelManager - Adding key: http://localhost:59087 for channel [id: 0x4095906f, L:/127.0.0.1:52876 - R:localhost/127.0.0.1:59087]
23:16:22.051 [Forwarding isElementDisplayed on session c9be8d09730cac6ceacfae7064c6cba2 to remote] DEBUG org.asynchttpclient.netty.request.NettyRequestSender - Using pooled Channel '[id: 0x4095906f, L:/127.0.0.1:52876 - R:localhost/127.0.0.1:59087]' for 'POST' to 'http://localhost:59087/session/c9be8d09730cac6ceacfae7064c6cba2/execute/sync'
23:16:22.051 [Forwarding isElementDisplayed on session c9be8d09730cac6ceacfae7064c6cba2 to remote] DEBUG org.asynchttpclient.netty.request.NettyRequestSender - Using open Channel [id: 0x4095906f, L:/127.0.0.1:52876 - R:localhost/127.0.0.1:59087] for POST '/session/c9be8d09730cac6ceacfae7064c6cba2/execute/sync'
23:16:22.061 [AsyncHttpClient-1-2] DEBUG org.asynchttpclient.netty.handler.HttpHandler - 

Request DefaultHttpRequest(decodeResult: success, version: HTTP/1.1)
POST /session/c9be8d09730cac6ceacfae7064c6cba2/execute/sync HTTP/1.1
User-Agent: selenium/4.1.2 (java windows)
Content-Length: 48780
Content-Type: application/json; charset=utf-8
host: localhost:59087
accept: */*

Response DefaultHttpResponse(decodeResult: success, version: HTTP/1.1)
HTTP/1.1 200 OK
Content-Type: application/json; charset=utf-8
cache-control: no-cache
content-length: 14

23:16:22.061 [AsyncHttpClient-1-2] DEBUG org.asynchttpclient.netty.channel.ChannelManager - Adding key: http://localhost:59087 for channel [id: 0x4095906f, L:/127.0.0.1:52876 - R:localhost/127.0.0.1:59087]
  &amp#27;[32mThen &amp#27;[0m&amp#27;[32msee transaction&amp#27;[0m                                                      &amp#27;[90m# starter.steps.BeliStep.seeTransaction()&amp#27;[0m
23:16:22.144 [Driver Command Executor] DEBUG org.asynchttpclient.netty.request.NettyRequestSender - Using pooled Channel '[id: 0x4095906f, L:/127.0.0.1:52876 - R:localhost/127.0.0.1:59087]' for 'DELETE' to 'http://localhost:59087/session/c9be8d09730cac6ceacfae7064c6cba2'
23:16:22.145 [Driver Command Executor] DEBUG org.asynchttpclient.netty.request.NettyRequestSender - Using open Channel [id: 0x4095906f, L:/127.0.0.1:52876 - R:localhost/127.0.0.1:59087] for DELETE '/session/c9be8d09730cac6ceacfae7064c6cba2'
23:16:22.145 [AsyncHttpClient-1-4] DEBUG org.asynchttpclient.netty.handler.WebSocketHandler - Channel Closed: [id: 0x484819f9, L:/127.0.0.1:52884 ! R:localhost/127.0.0.1:52877] with attribute NettyResponseFuture{currentRetry=5,
	isDone=1,
	isCancelled=0,
	asyncHandler=org.asynchttpclient.ws.WebSocketUpgradeHandler@f4584f,
	nettyRequest=org.asynchttpclient.netty.request.NettyRequest@625bd5a6,
	future=java.util.concurrent.CompletableFuture@1b94543d[Completed normally],
	uri=ws://localhost:52877/devtools/browser/0d65f54b-78c8-48f4-b609-57d174227561,
	keepAlive=true,
	redirectCount=0,
	timeoutsHolder=null,
	inAuth=0,
	touch=1666973744206}
23:16:22.146 [AsyncHttpClient-1-4] DEBUG org.asynchttpclient.netty.channel.ChannelManager - Closing Channel [id: 0x484819f9, L:/127.0.0.1:52884 ! R:localhost/127.0.0.1:52877] 
23:16:22.190 [AsyncHttpClient-1-3] DEBUG org.asynchttpclient.netty.handler.HttpHandler - Unexpected I/O exception on channel [id: 0x5e2ff53d, L:/127.0.0.1:52883 - R:localhost/127.0.0.1:52877]
java.io.IOException: An existing connection was forcibly closed by the remote host
	at java.base/sun.nio.ch.SocketDispatcher.read0(Native Method)
	at java.base/sun.nio.ch.SocketDispatcher.read(SocketDispatcher.java:43)
	at java.base/sun.nio.ch.IOUtil.readIntoNativeBuffer(IOUtil.java:276)
	at java.base/sun.nio.ch.IOUtil.read(IOUtil.java:233)
	at java.base/sun.nio.ch.IOUtil.read(IOUtil.java:223)
	at java.base/sun.nio.ch.SocketChannelImpl.read(SocketChannelImpl.java:358)
	at io.netty.buffer.PooledByteBuf.setBytes(PooledByteBuf.java:258)
	at io.netty.buffer.AbstractByteBuf.writeBytes(AbstractByteBuf.java:1132)
	at io.netty.channel.socket.nio.NioSocketChannel.doReadBytes(NioSocketChannel.java:350)
	at io.netty.channel.nio.AbstractNioByteChannel$NioByteUnsafe.read(AbstractNioByteChannel.java:151)
	at io.netty.channel.nio.NioEventLoop.processSelectedKey(NioEventLoop.java:722)
	at io.netty.channel.nio.NioEventLoop.processSelectedKeysOptimized(NioEventLoop.java:658)
	at io.netty.channel.nio.NioEventLoop.processSelectedKeys(NioEventLoop.java:584)
	at io.netty.channel.nio.NioEventLoop.run(NioEventLoop.java:496)
	at io.netty.util.concurrent.SingleThreadEventExecutor$4.run(SingleThreadEventExecutor.java:986)
	at io.netty.util.internal.ThreadExecutorMap$2.run(ThreadExecutorMap.java:74)
	at io.netty.util.concurrent.FastThreadLocalRunnable.run(FastThreadLocalRunnable.java:30)
	at java.base/java.lang.Thread.run(Thread.java:834)
23:16:22.191 [AsyncHttpClient-1-3] DEBUG org.asynchttpclient.netty.channel.ChannelManager - Closing Channel [id: 0x5e2ff53d, L:/127.0.0.1:52883 - R:localhost/127.0.0.1:52877] 
23:16:22.192 [AsyncHttpClient-1-3] DEBUG org.asynchttpclient.netty.handler.HttpHandler - Channel Closed: [id: 0x5e2ff53d, L:/127.0.0.1:52883 ! R:localhost/127.0.0.1:52877] with attribute DISCARD
23:16:22.234 [AsyncHttpClient-1-2] DEBUG org.asynchttpclient.netty.handler.HttpHandler - 

Request DefaultFullHttpRequest(decodeResult: success, version: HTTP/1.1, content: EmptyByteBufBE)
DELETE /session/c9be8d09730cac6ceacfae7064c6cba2 HTTP/1.1
User-Agent: selenium/4.1.2 (java windows)
Content-Type: application/json; charset=utf-8
host: localhost:59087
accept: */*

Response DefaultHttpResponse(decodeResult: success, version: HTTP/1.1)
HTTP/1.1 200 OK
Content-Type: application/json; charset=utf-8
cache-control: no-cache
content-length: 14

23:16:22.234 [AsyncHttpClient-1-2] DEBUG org.asynchttpclient.netty.channel.ChannelManager - Adding key: http://localhost:59087 for channel [id: 0x4095906f, L:/127.0.0.1:52876 - R:localhost/127.0.0.1:59087]
23:16:22.269 [AsyncHttpClient-1-2] DEBUG org.asynchttpclient.netty.handler.HttpHandler - Channel Closed: [id: 0x4095906f, L:/127.0.0.1:52876 ! R:localhost/127.0.0.1:59087] with attribute DISCARD
23:16:22.327 [main] INFO  - 
  _____   ___   ___   _____     ___     _     ___   ___   ___   ___  
 |_   _| | __| / __| |_   _|   | _ \   /_\   / __| / __| | __| |   \ 
   | |   | _|  \__ \   | |     |  _/  / _ \  \__ \ \__ \ | _|  | |) |
   |_|   |___| |___/   |_|     |_|   /_/ \_\ |___/ |___/ |___| |___/ 


----------------------------------------------------------------------
]]></system-out>
    <system-err><![CDATA[Starting ChromeDriver 106.0.5249.61 (511755355844955cd3e264779baf0dd38212a4d0-refs/branch-heads/5249@{#569}) on port 59087
Only local connections are allowed.
Please see https://chromedriver.chromium.org/security-considerations for suggestions on keeping ChromeDriver safe.
ChromeDriver was started successfully.
Oct 28, 2022 11:15:44 PM org.openqa.selenium.remote.ProtocolHandshake createSession
INFO: Detected dialect: W3C
Oct 28, 2022 11:15:44 PM org.openqa.selenium.devtools.CdpVersionFinder findNearestMatch
WARNING: Unable to find an exact match for CDP version 106, so returning the closest version found: a no-op implementation
Oct 28, 2022 11:15:44 PM org.openqa.selenium.devtools.CdpVersionFinder findNearestMatch
INFO: Unable to find CDP implementation matching 106.
Oct 28, 2022 11:15:44 PM org.openqa.selenium.chromium.ChromiumDriver lambda$new$3
WARNING: Unable to find version of CDP to use for . You may need to include a dependency on a specific version of the CDP using something similar to `org.seleniumhq.selenium:selenium-devtools-v86:4.1.2` where the version ("v86") matches the version of the chromium-based browser you're using and the version number of the artifact is the same as Selenium's.
]]></system-err>
  </testcase>
</testsuite>