<?xml version="1.0" encoding="UTF-8"?>
<testsuite xmlns:xsi="http://www.w3.org/2001/XMLSchema-instance" xsi:noNamespaceSchemaLocation="https://maven.apache.org/surefire/maven-failsafe-plugin/xsd/failsafe-test-report-3.0.xsd" version="3.0" name="CucumberTestSuite" time="32.593" tests="3" errors="0" skipped="0" failures="0">
  <properties>
[...]
</properties>
  <testcase name="I click button detail after login" classname="Page Home" time="25.459">
    <system-out><![CDATA[14:33:10.101 [main] INFO io.cucumber.core.plugin.SerenityReporter - Running feature from file:///D:/TIC/Kampus%20Merdeka/MSIB/Studi%20Independen/Alterra/MiniProject/MiniProjWeb/src/test/resources/features/login/Beli.feature
14:33:10.299 [main] INFO  - 

-------------------------------------------------------------------------------------
     _______. _______ .______       _______ .__   __.  __  .___________.____    ____ 
    /       ||   ____||   _  \     |   ____||  \ |  | |  | |           |\   \  /   / 
   |   (----`|  |__   |  |_)  |    |  |__   |   \|  | |  | `---|  |----` \   \/   /  
    \   \    |   __|  |      /     |   __|  |  . `  | |  |     |  |       \_    _/   
.----)   |   |  |____ |  |\  \----.|  |____ |  |\   | |  |     |  |         |  |     
|_______/    |_______|| _| `._____||_______||__| \__| |__|     |__|         |__|    
                                                                                     
 News and tutorials at http://www.serenity-bdd.info                                  
 Documentation at https://wakaleo.gitbooks.io/the-serenity-book/content/             
 Join the Serenity Community on Gitter: https://gitter.im/serenity-bdd/serenity-core 
 Serenity BDD Support and Training at http://serenity-bdd.info/#/trainingandsupport  
-------------------------------------------------------------------------------------

14:33:10.303 [main] DEBUG net.thucydides.core.steps.StepEventBus - Test suite started for story net.thucydides.core.model.Story@5b2861b3
14:33:10.310 [main] INFO  - Test Suite Started: Button Beli
14:33:10.333 [main] INFO io.cucumber.core.plugin.SerenityReporter - Running feature from file:///D:/TIC/Kampus%20Merdeka/MSIB/Studi%20Independen/Alterra/MiniProject/MiniProjWeb/src/test/resources/features/login/Detail.feature
14:33:10.350 [main] DEBUG net.thucydides.core.steps.StepEventBus - Test suite started for story net.thucydides.core.model.Story@b788f822
14:33:10.351 [main] INFO  - Test Suite Started: Page Home
14:33:10.351 [main] INFO io.cucumber.core.plugin.SerenityReporter - Running feature from file:///D:/TIC/Kampus%20Merdeka/MSIB/Studi%20Independen/Alterra/MiniProject/MiniProjWeb/src/test/resources/features/login/Registration.feature
14:33:10.366 [main] DEBUG net.thucydides.core.steps.StepEventBus - Test suite started for story net.thucydides.core.model.Story@303b9384
14:33:10.370 [main] INFO  - Test Suite Started: Register
14:33:10.371 [main] INFO io.cucumber.core.plugin.SerenityReporter - Running feature from file:///D:/TIC/Kampus%20Merdeka/MSIB/Studi%20Independen/Alterra/MiniProject/MiniProjWeb/src/test/resources/features/login/login.feature
14:33:10.383 [main] DEBUG net.thucydides.core.steps.StepEventBus - Test suite started for story net.thucydides.core.model.Story@ffd74702
14:33:10.384 [main] INFO  - Test Suite Started: Login
14:33:10.384 [main] INFO io.cucumber.core.plugin.SerenityReporter - Running feature from file:///D:/TIC/Kampus%20Merdeka/MSIB/Studi%20Independen/Alterra/MiniProject/MiniProjWeb/src/test/resources/features/login/logout.feature
14:33:10.396 [main] DEBUG net.thucydides.core.steps.StepEventBus - Test suite started for story net.thucydides.core.model.Story@3294c5ae
14:33:10.398 [main] INFO  - Test Suite Started: Logout
14:33:10.398 [main] INFO io.cucumber.core.plugin.SerenityReporter - Running feature from file:///D:/TIC/Kampus%20Merdeka/MSIB/Studi%20Independen/Alterra/MiniProject/MiniProjWeb/src/test/resources/features/login/transaction.feature
14:33:10.408 [main] DEBUG net.thucydides.core.steps.StepEventBus - Test suite started for story net.thucydides.core.model.Story@9f31da98
14:33:10.409 [main] INFO  - Test Suite Started: Transaksi
14:33:10.411 [main] INFO io.cucumber.core.plugin.SerenityReporter - Running feature from file:///D:/TIC/Kampus%20Merdeka/MSIB/Studi%20Independen/Alterra/MiniProject/MiniProjWeb/src/test/resources/features/login/Detail.feature
14:33:10.415 [main] DEBUG net.thucydides.core.steps.StepEventBus - Test suite started for story net.thucydides.core.model.Story@b788f822
14:33:10.418 [main] INFO  - Test Suite Started: Page Home

@Detail
Scenario: I click button detail after login &amp#27;[90m# src/test/resources/features/login/Detail.feature:7&amp#27;[0m
14:33:10.541 [main] INFO io.cucumber.core.plugin.SerenityReporter - Running feature from file:///D:/TIC/Kampus%20Merdeka/MSIB/Studi%20Independen/Alterra/MiniProject/MiniProjWeb/src/test/resources/features/login/Detail.feature
14:33:10.693 [main] INFO  - 
  _____   ___   ___   _____     ___   _____     _     ___   _____   ___   ___  
 |_   _| | __| / __| |_   _|   / __| |_   _|   /_\   | _ \ |_   _| | __| |   \ 
   | |   | _|  \__ \   | |     \__ \   | |    / _ \  |   /   | |   | _|  | |) |
   |_|   |___| |___/   |_|     |___/   |_|   /_/ \_\ |_|_\   |_|   |___| |___/ 

I click button detail after login(page-home;i-click-button-detail-after-login)
--------------------------------------------------------------------------------
14:33:11.787 [main] INFO net.serenitybdd.core.webdriver.driverproviders.ChromeDriverProvider - Using automatically driver download
14:33:12.642 [main] DEBUG io.github.bonigarcia.wdm.cache.ResolutionCache - Removing resolution chrome=107 from cache (expired on Wed Nov 09 14:25:51 ICT 2022)
14:33:12.666 [main] DEBUG org.apache.hc.client5.http.impl.classic.InternalHttpClient - ex-00000001: preparing request execution
14:33:12.671 [main] DEBUG org.apache.hc.client5.http.protocol.RequestAddCookies - Cookie spec selected: strict
14:33:12.677 [main] DEBUG org.apache.hc.client5.http.protocol.RequestAuthCache - Auth cache not set in the context
14:33:12.677 [main] DEBUG org.apache.hc.client5.http.impl.classic.ProtocolExec - ex-00000001: target auth state: UNCHALLENGED
14:33:12.678 [main] DEBUG org.apache.hc.client5.http.impl.classic.ProtocolExec - ex-00000001: proxy auth state: UNCHALLENGED
14:33:12.678 [main] DEBUG org.apache.hc.client5.http.impl.classic.ConnectExec - ex-00000001: acquiring connection with route {s}->https://raw.githubusercontent.com:443
14:33:12.678 [main] DEBUG org.apache.hc.client5.http.impl.classic.InternalHttpClient - ex-00000001: acquiring endpoint (3 MINUTES)
14:33:12.680 [main] DEBUG org.apache.hc.client5.http.impl.io.PoolingHttpClientConnectionManager - ex-00000001: endpoint lease request (3 MINUTES) [route: {s}->https://raw.githubusercontent.com:443][total available: 0; route allocated: 0 of 5; total allocated: 0 of 25]
14:33:12.685 [main] DEBUG org.apache.hc.client5.http.impl.io.PoolingHttpClientConnectionManager - ex-00000001: endpoint leased [route: {s}->https://raw.githubusercontent.com:443][total available: 0; route allocated: 1 of 5; total allocated: 1 of 25]
14:33:12.697 [main] DEBUG org.apache.hc.client5.http.impl.io.PoolingHttpClientConnectionManager - ex-00000001: acquired ep-00000000
14:33:12.697 [main] DEBUG org.apache.hc.client5.http.impl.classic.InternalHttpClient - ex-00000001: acquired endpoint ep-00000000
14:33:12.697 [main] DEBUG org.apache.hc.client5.http.impl.classic.ConnectExec - ex-00000001: opening connection {s}->https://raw.githubusercontent.com:443
14:33:12.697 [main] DEBUG org.apache.hc.client5.http.impl.classic.InternalHttpClient - ep-00000000: connecting endpoint (30 SECONDS)
14:33:12.697 [main] DEBUG org.apache.hc.client5.http.impl.io.PoolingHttpClientConnectionManager - ep-00000000: connecting endpoint to https://raw.githubusercontent.com:443 (30 SECONDS)
14:33:12.751 [main] DEBUG org.apache.hc.client5.http.impl.io.DefaultHttpClientConnectionOperator - http-outgoing-0: connecting to raw.githubusercontent.com/185.199.110.133:443
14:33:12.751 [main] DEBUG org.apache.hc.client5.http.ssl.SSLConnectionSocketFactory - Connecting socket to raw.githubusercontent.com/185.199.110.133:443 with timeout 30 SECONDS
14:33:12.873 [main] DEBUG org.apache.hc.client5.http.ssl.SSLConnectionSocketFactory - Enabled protocols: [TLSv1.3, TLSv1.2]
14:33:12.873 [main] DEBUG org.apache.hc.client5.http.ssl.SSLConnectionSocketFactory - Enabled cipher suites: [TLS_AES_256_GCM_SHA384, TLS_AES_128_GCM_SHA256, TLS_CHACHA20_POLY1305_SHA256, TLS_ECDHE_ECDSA_WITH_AES_256_GCM_SHA384, TLS_ECDHE_ECDSA_WITH_AES_128_GCM_SHA256, TLS_ECDHE_ECDSA_WITH_CHACHA20_POLY1305_SHA256, TLS_ECDHE_RSA_WITH_AES_256_GCM_SHA384, TLS_ECDHE_RSA_WITH_CHACHA20_POLY1305_SHA256, TLS_ECDHE_RSA_WITH_AES_128_GCM_SHA256, TLS_DHE_RSA_WITH_AES_256_GCM_SHA384, TLS_DHE_RSA_WITH_CHACHA20_POLY1305_SHA256, TLS_DHE_DSS_WITH_AES_256_GCM_SHA384, TLS_DHE_RSA_WITH_AES_128_GCM_SHA256, TLS_DHE_DSS_WITH_AES_128_GCM_SHA256, TLS_ECDHE_ECDSA_WITH_AES_256_CBC_SHA384, TLS_ECDHE_RSA_WITH_AES_256_CBC_SHA384, TLS_ECDHE_ECDSA_WITH_AES_128_CBC_SHA256, TLS_ECDHE_RSA_WITH_AES_128_CBC_SHA256, TLS_DHE_RSA_WITH_AES_256_CBC_SHA256, TLS_DHE_DSS_WITH_AES_256_CBC_SHA256, TLS_DHE_RSA_WITH_AES_128_CBC_SHA256, TLS_DHE_DSS_WITH_AES_128_CBC_SHA256, TLS_ECDH_ECDSA_WITH_AES_256_GCM_SHA384, TLS_ECDH_RSA_WITH_AES_256_GCM_SHA384, TLS_ECDH_ECDSA_WITH_AES_128_GCM_SHA256, TLS_ECDH_RSA_WITH_AES_128_GCM_SHA256, TLS_ECDH_ECDSA_WITH_AES_256_CBC_SHA384, TLS_ECDH_RSA_WITH_AES_256_CBC_SHA384, TLS_ECDH_ECDSA_WITH_AES_128_CBC_SHA256, TLS_ECDH_RSA_WITH_AES_128_CBC_SHA256, TLS_ECDHE_ECDSA_WITH_AES_256_CBC_SHA, TLS_ECDHE_RSA_WITH_AES_256_CBC_SHA, TLS_ECDHE_ECDSA_WITH_AES_128_CBC_SHA, TLS_ECDHE_RSA_WITH_AES_128_CBC_SHA, TLS_DHE_RSA_WITH_AES_256_CBC_SHA, TLS_DHE_DSS_WITH_AES_256_CBC_SHA, TLS_DHE_RSA_WITH_AES_128_CBC_SHA, TLS_DHE_DSS_WITH_AES_128_CBC_SHA, TLS_ECDH_ECDSA_WITH_AES_256_CBC_SHA, TLS_ECDH_RSA_WITH_AES_256_CBC_SHA, TLS_ECDH_ECDSA_WITH_AES_128_CBC_SHA, TLS_ECDH_RSA_WITH_AES_128_CBC_SHA, TLS_RSA_WITH_AES_256_GCM_SHA384, TLS_RSA_WITH_AES_128_GCM_SHA256, TLS_RSA_WITH_AES_256_CBC_SHA256, TLS_RSA_WITH_AES_128_CBC_SHA256, TLS_RSA_WITH_AES_256_CBC_SHA, TLS_RSA_WITH_AES_128_CBC_SHA, TLS_EMPTY_RENEGOTIATION_INFO_SCSV]
14:33:12.873 [main] DEBUG org.apache.hc.client5.http.ssl.SSLConnectionSocketFactory - Starting handshake
14:33:13.079 [main] DEBUG org.apache.hc.client5.http.ssl.SSLConnectionSocketFactory - Secure session established
14:33:13.079 [main] DEBUG org.apache.hc.client5.http.ssl.SSLConnectionSocketFactory -  negotiated protocol: TLSv1.3
14:33:13.079 [main] DEBUG org.apache.hc.client5.http.ssl.SSLConnectionSocketFactory -  negotiated cipher suite: TLS_AES_256_GCM_SHA384
14:33:13.079 [main] DEBUG org.apache.hc.client5.http.ssl.SSLConnectionSocketFactory -  peer principal: CN=*.github.io, O="GitHub, Inc.", L=San Francisco, ST=California, C=US
14:33:13.082 [main] DEBUG org.apache.hc.client5.http.ssl.SSLConnectionSocketFactory -  peer alternative names: [*.github.io, github.com, *.github.com, www.github.com, github.io, githubusercontent.com, *.githubusercontent.com]
14:33:13.082 [main] DEBUG org.apache.hc.client5.http.ssl.SSLConnectionSocketFactory -  issuer principal: CN=DigiCert TLS RSA SHA256 2020 CA1, O=DigiCert Inc, C=US
14:33:13.083 [main] DEBUG org.apache.hc.client5.http.impl.io.DefaultHttpClientConnectionOperator - http-outgoing-0: connection established 10.10.19.227:64745<->185.199.110.133:443
14:33:13.084 [main] DEBUG org.apache.hc.client5.http.impl.io.PoolingHttpClientConnectionManager - ep-00000000: connected http-outgoing-0
14:33:13.084 [main] DEBUG org.apache.hc.client5.http.impl.classic.InternalHttpClient - ep-00000000: endpoint connected
14:33:13.096 [main] DEBUG org.apache.hc.client5.http.impl.classic.MainClientExec - ex-00000001: executing GET /bonigarcia/webdrivermanager/master/src/main/resources/commands.properties HTTP/1.1
14:33:13.097 [main] DEBUG org.apache.hc.client5.http.impl.classic.InternalHttpClient - ep-00000000: start execution ex-00000001
14:33:13.097 [main] DEBUG org.apache.hc.client5.http.impl.io.PoolingHttpClientConnectionManager - ep-00000000: executing exchange ex-00000001 over http-outgoing-0
14:33:13.098 [main] DEBUG org.apache.hc.client5.http.headers - http-outgoing-0 >> GET /bonigarcia/webdrivermanager/master/src/main/resources/commands.properties HTTP/1.1
14:33:13.098 [main] DEBUG org.apache.hc.client5.http.headers - http-outgoing-0 >> user-agent: Apache-HttpClient/5.0
14:33:13.098 [main] DEBUG org.apache.hc.client5.http.headers - http-outgoing-0 >> accept-encoding: gzip, deflate, br
14:33:13.098 [main] DEBUG org.apache.hc.client5.http.headers - http-outgoing-0 >> cache-control: max-age=0
14:33:13.098 [main] DEBUG org.apache.hc.client5.http.headers - http-outgoing-0 >> connection: keep-alive
14:33:13.098 [main] DEBUG org.apache.hc.client5.http.headers - http-outgoing-0 >> Host: raw.githubusercontent.com
14:33:13.098 [main] DEBUG org.apache.hc.client5.http.wire - http-outgoing-0 >> "GET /bonigarcia/webdrivermanager/master/src/main/resources/commands.properties HTTP/1.1[\r][\n]"
14:33:13.098 [main] DEBUG org.apache.hc.client5.http.wire - http-outgoing-0 >> "user-agent: Apache-HttpClient/5.0[\r][\n]"
14:33:13.098 [main] DEBUG org.apache.hc.client5.http.wire - http-outgoing-0 >> "accept-encoding: gzip, deflate, br[\r][\n]"
14:33:13.098 [main] DEBUG org.apache.hc.client5.http.wire - http-outgoing-0 >> "cache-control: max-age=0[\r][\n]"
14:33:13.098 [main] DEBUG org.apache.hc.client5.http.wire - http-outgoing-0 >> "connection: keep-alive[\r][\n]"
14:33:13.098 [main] DEBUG org.apache.hc.client5.http.wire - http-outgoing-0 >> "Host: raw.githubusercontent.com[\r][\n]"
14:33:13.098 [main] DEBUG org.apache.hc.client5.http.wire - http-outgoing-0 >> "[\r][\n]"
14:33:13.183 [main] DEBUG org.apache.hc.client5.http.wire - http-outgoing-0 << "HTTP/1.1 200 OK[\r][\n]"
14:33:13.183 [main] DEBUG org.apache.hc.client5.http.wire - http-outgoing-0 << "Connection: keep-alive[\r][\n]"
14:33:13.183 [main] DEBUG org.apache.hc.client5.http.wire - http-outgoing-0 << "Content-Length: 723[\r][\n]"
14:33:13.183 [main] DEBUG org.apache.hc.client5.http.wire - http-outgoing-0 << "Cache-Control: max-age=300[\r][\n]"
14:33:13.183 [main] DEBUG org.apache.hc.client5.http.wire - http-outgoing-0 << "Content-Security-Policy: default-src 'none'; style-src 'unsafe-inline'; sandbox[\r][\n]"
14:33:13.183 [main] DEBUG org.apache.hc.client5.http.wire - http-outgoing-0 << "Content-Type: text/plain; charset=utf-8[\r][\n]"
14:33:13.183 [main] DEBUG org.apache.hc.client5.http.wire - http-outgoing-0 << "ETag: W/"e82b438271e9e8680c688b0b680efd0bdd22faa6d6f0a32fc1fd8accc486b67e"[\r][\n]"
14:33:13.183 [main] DEBUG org.apache.hc.client5.http.wire - http-outgoing-0 << "Strict-Transport-Security: max-age=31536000[\r][\n]"
14:33:13.183 [main] DEBUG org.apache.hc.client5.http.wire - http-outgoing-0 << "X-Content-Type-Options: nosniff[\r][\n]"
14:33:13.183 [main] DEBUG org.apache.hc.client5.http.wire - http-outgoing-0 << "X-Frame-Options: deny[\r][\n]"
14:33:13.183 [main] DEBUG org.apache.hc.client5.http.wire - http-outgoing-0 << "X-XSS-Protection: 1; mode=block[\r][\n]"
14:33:13.183 [main] DEBUG org.apache.hc.client5.http.wire - http-outgoing-0 << "X-GitHub-Request-Id: 5CBE:6A84:347346:454C2A:6365B55D[\r][\n]"
14:33:13.184 [main] DEBUG org.apache.hc.client5.http.wire - http-outgoing-0 << "Content-Encoding: gzip[\r][\n]"
14:33:13.184 [main] DEBUG org.apache.hc.client5.http.wire - http-outgoing-0 << "Accept-Ranges: bytes[\r][\n]"
14:33:13.184 [main] DEBUG org.apache.hc.client5.http.wire - http-outgoing-0 << "Date: Wed, 09 Nov 2022 07:33:11 GMT[\r][\n]"
14:33:13.184 [main] DEBUG org.apache.hc.client5.http.wire - http-outgoing-0 << "Via: 1.1 varnish[\r][\n]"
14:33:13.184 [main] DEBUG org.apache.hc.client5.http.wire - http-outgoing-0 << "X-Served-By: cache-qpg1246-QPG[\r][\n]"
14:33:13.184 [main] DEBUG org.apache.hc.client5.http.wire - http-outgoing-0 << "X-Cache: HIT[\r][\n]"
14:33:13.184 [main] DEBUG org.apache.hc.client5.http.wire - http-outgoing-0 << "X-Cache-Hits: 1[\r][\n]"
14:33:13.184 [main] DEBUG org.apache.hc.client5.http.wire - http-outgoing-0 << "X-Timer: S1667979191.383954,VS0,VE1[\r][\n]"
14:33:13.184 [main] DEBUG org.apache.hc.client5.http.wire - http-outgoing-0 << "Vary: Authorization,Accept-Encoding,Origin[\r][\n]"
14:33:13.184 [main] DEBUG org.apache.hc.client5.http.wire - http-outgoing-0 << "Access-Control-Allow-Origin: *[\r][\n]"
14:33:13.184 [main] DEBUG org.apache.hc.client5.http.wire - http-outgoing-0 << "X-Fastly-Request-ID: 9686c5ace0fd23e0a011e9a66c7be7cfab001903[\r][\n]"
14:33:13.184 [main] DEBUG org.apache.hc.client5.http.wire - http-outgoing-0 << "Expires: Wed, 09 Nov 2022 07:38:11 GMT[\r][\n]"
14:33:13.184 [main] DEBUG org.apache.hc.client5.http.wire - http-outgoing-0 << "Source-Age: 64[\r][\n]"
14:33:13.184 [main] DEBUG org.apache.hc.client5.http.wire - http-outgoing-0 << "[\r][\n]"
14:33:13.188 [main] DEBUG org.apache.hc.client5.http.headers - http-outgoing-0 << HTTP/1.1 200 OK
14:33:13.189 [main] DEBUG org.apache.hc.client5.http.headers - http-outgoing-0 << Connection: keep-alive
14:33:13.189 [main] DEBUG org.apache.hc.client5.http.headers - http-outgoing-0 << Content-Length: 723
14:33:13.189 [main] DEBUG org.apache.hc.client5.http.headers - http-outgoing-0 << Cache-Control: max-age=300
14:33:13.189 [main] DEBUG org.apache.hc.client5.http.headers - http-outgoing-0 << Content-Security-Policy: default-src 'none'; style-src 'unsafe-inline'; sandbox
14:33:13.189 [main] DEBUG org.apache.hc.client5.http.headers - http-outgoing-0 << Content-Type: text/plain; charset=utf-8
14:33:13.189 [main] DEBUG org.apache.hc.client5.http.headers - http-outgoing-0 << ETag: W/"e82b438271e9e8680c688b0b680efd0bdd22faa6d6f0a32fc1fd8accc486b67e"
14:33:13.189 [main] DEBUG org.apache.hc.client5.http.headers - http-outgoing-0 << Strict-Transport-Security: max-age=31536000
14:33:13.189 [main] DEBUG org.apache.hc.client5.http.headers - http-outgoing-0 << X-Content-Type-Options: nosniff
14:33:13.189 [main] DEBUG org.apache.hc.client5.http.headers - http-outgoing-0 << X-Frame-Options: deny
14:33:13.189 [main] DEBUG org.apache.hc.client5.http.headers - http-outgoing-0 << X-XSS-Protection: 1; mode=block
14:33:13.189 [main] DEBUG org.apache.hc.client5.http.headers - http-outgoing-0 << X-GitHub-Request-Id: 5CBE:6A84:347346:454C2A:6365B55D
14:33:13.189 [main] DEBUG org.apache.hc.client5.http.headers - http-outgoing-0 << Content-Encoding: gzip
14:33:13.189 [main] DEBUG org.apache.hc.client5.http.headers - http-outgoing-0 << Accept-Ranges: bytes
14:33:13.189 [main] DEBUG org.apache.hc.client5.http.headers - http-outgoing-0 << Date: Wed, 09 Nov 2022 07:33:11 GMT
14:33:13.189 [main] DEBUG org.apache.hc.client5.http.headers - http-outgoing-0 << Via: 1.1 varnish
14:33:13.189 [main] DEBUG org.apache.hc.client5.http.headers - http-outgoing-0 << X-Served-By: cache-qpg1246-QPG
14:33:13.189 [main] DEBUG org.apache.hc.client5.http.headers - http-outgoing-0 << X-Cache: HIT
14:33:13.189 [main] DEBUG org.apache.hc.client5.http.headers - http-outgoing-0 << X-Cache-Hits: 1
14:33:13.189 [main] DEBUG org.apache.hc.client5.http.headers - http-outgoing-0 << X-Timer: S1667979191.383954,VS0,VE1
14:33:13.189 [main] DEBUG org.apache.hc.client5.http.headers - http-outgoing-0 << Vary: Authorization,Accept-Encoding,Origin
14:33:13.189 [main] DEBUG org.apache.hc.client5.http.headers - http-outgoing-0 << Access-Control-Allow-Origin: *
14:33:13.189 [main] DEBUG org.apache.hc.client5.http.headers - http-outgoing-0 << X-Fastly-Request-ID: 9686c5ace0fd23e0a011e9a66c7be7cfab001903
14:33:13.189 [main] DEBUG org.apache.hc.client5.http.headers - http-outgoing-0 << Expires: Wed, 09 Nov 2022 07:38:11 GMT
14:33:13.189 [main] DEBUG org.apache.hc.client5.http.headers - http-outgoing-0 << Source-Age: 64
14:33:13.194 [main] DEBUG org.apache.hc.client5.http.impl.classic.MainClientExec - ex-00000001: connection can be kept alive for 3 MINUTES
14:33:13.198 [main] DEBUG org.apache.hc.client5.http.wire - http-outgoing-0 << "[0x1f][0xffffff8b][0x8][0x0][0x0][0x0][0x0][0x0][0x0][0x3][0xffffffb5]V]o[0xffffffda]0[0x14]}[0xffffffe7]W\[0xffffff81]*[0xffffffb5][0x12][0x1f][[M[0xffffffd3]$[0x1e]hF[0xffffffbb]i [0x18][0xffffffb4][0xffffffdd]&[0xfffffff9][0xffffffc5]$7[0xffffffc1]R[0x12]#;[0xffffff94]v[0xffffffbf]~[0xffffffb6][0xfffffff3]1[0xffffff92][0xffffff9a][0xffffffc1][0x1a]x[0xffffffcb][0xffffffb5][0xffffffaf][0xffffffcf]9[0xffffffbe][0xfffffff7]8v[0xb][0x1c][0x1e]E4[0xfffffff6]$x4[0xffffffa1][0xb]*[0xffffffb1][0xffffffd1][0xffffff82][0xfffffffb]%[0xffffff93][0xffffffe0][0xffffffb3][0x10][0xffffffc1][0xffffffe5]qBY,!Y[0xffffffea] KM8,[0x10][0xfffffff0][0x19][0xffffffdd]u[0xffffff82][0x1e][0xffffffb0][0xffffffd8]L[0xffffffcb]%[0xffffff86][0xffffffa1][0xe][0xffffffb8][0xfffffff0]P[0xffffffe8]$[0xf][0x13]t[0x13]3[0xfffffff9][0xffffff84]B2[0xffffffae][0xffffffe6]|@[0xfffffff5][0x1d][0x8][0xffffffc4][0x18][0x16][0xffffff82]o[0xffffffa4][0xffffff9a]P[0xffffff94][0xffffffe7][0xffffffce]R[0xfffffff0][0x8][0xffffffdb]p[0xffffffcb][0x4][0xfffffffa][0xfffffffc][0xffffffb9][\r][0xffffff93][0x15][\n]"
14:33:13.199 [main] DEBUG org.apache.hc.client5.http.wire - http-outgoing-0 << "[0xffffffda][0xffffff86][0xffffffa1][0x17][0xffffffa8]Q3[0xffffffcb][0xffffffd6][0xffffffd1][0xffffff85][0xffffffc6][0xfffffff7][0xffffff98][0xffffffef][0xffffffa3][0xffffffc0]8[0x1][0xffffffae]s[0x12][0x16][0x7] _d[0xffffff82][0xffffff91][0xffffff84][0xfffffff3][0x1f],[0xfffffff6][0x14]j[0x1b]F,^+[0xffffff98]1ua2[0xffffffbf]h([0xffffff8e][0xffffff94][0xffffffa2][0xffffff91]m[0xffffffa3][0xffffffeb][0xffffff9a][0xffffffb0][0xffffffbb]I[0x17]t[0xffffffdf][0xffffffbd][0xffffffef][0xffffffbb][0xffffff91][0xffffffd7]U[0xffffffbb][0xffffff82][0xffffff9e][0x3][0xffffff9b][0xffffff88][0xffffffb9][0xffffffa6]$[0xffffffa6][0xc][0xffffff9b][0xffffffa5][0xffffffe2][0xffffff83][0xffffff98]F[0xffffffd8]o[0xffffff9e]Mg[0xffffff93][0xffffffbb][0xffffffd9]`|[0xfffffffb]u4[0xffffff9c][0x7f]"}B[0xffffffce][0x8][0xffffffb9][0xffffffe3]<[0x8][0xffffff91][0xffffff90][0xffffff94][0xffffff82][0xffffff90][0xffffffc1]j[0x15]2WI[0xffffffe3]1![0x19][0xffffff91]BnB[0xffffff80][0x9]<f[0xffffffb5][0xffffffe8]=[0xffffffd1]p[0xffffffbd][[0xffffffcf][0xffffffe5][0x1b][0xfffffff4][0xffffff9c][0xffffffff][0xfffffffc][0xfffffff8][0xffffffe1][0xffffffe2][0xffffff94][0xffffffa2][0xffffffae][0xe][0x14]5[0xffffff9a]8[0xffffff83][0xffffffd1]`:[0xfffffffd]<[0xffffffb8][0x1f][0xffffff9c]R[0xffffffcf]u[0x7f]6[0xffffffbc][0xffffff83][0xffffffef][0xf][0xffffffc3][0xffffffd9]/[0xfffffff8][0xfffffff2][0xffffffcd]y s[0xffffffee]'[0x1b]*0g[0xffffffcb][0xffffffc8]nF7H][0xffffff83][0xffffff97]{[0xffffffb1]Q[0x5][\r][0xffffffb5]c[0xffffffb4][0xf][0x2][0xffffffb3][0xffffffb4][0xffffff93][0xe]C[0xffffffa7][0xffffffb3]kAD][0xffffff9d][0xffffffde][0xffffffdb][0xffffffda][0xffffff88][0xffffffec][0xffffffa5][0xffffffbc][0xffffff99][0xffffffd9][0xffffffba]t[0xffffffb5][0xffffffea]9[0xffffffea][0x10])[0xffffffb7][0xffffffca][0xffffff9e][0xfffffff2][0xffffffe2]d^N[0xffffffd8]FW[0x16][0xffffffcd][0xffffffdc]_[0x10][0xfffffff9]i|[0x1c][0xffffff93][0xffffff8e][0xfffffff9]o[0x16][0xffffff86]4'!$G[0xffffffdf]W[0xfffffff4]W*j[[0xfffffff3]xR[0xffffffae][0xffffffb6][0xc][0xffffffd0],; #[0xffffffa9][0xffffff92]5[0xffffffb5][0x7][0xffffff9c][0xffffffb5][0xffffffd0][0x7f][0xffffff90][0xffffffc7]jgs[0xfffffffc][0xffffffc2][0xb][0xffffffd9][0x0]t[0xffffff9e]^'Y[0xfffffffb][0xffffff9f][0xffffffb1][0xffffffd8]:[0xffffffbf][0xffffff8d][0xffffffa5][0xffffff9a][0xffffffad][0x7f]m[0x5]&[0xffffffaa][0xffffffa0]^[0xffffff9b][0xffffffcb][0x5]f[0xffffffae][0xffffffe0]RU[0xffffff82][0x10]MS9l[0xffffff91]4t[0xfffffffb][0xffffff8a]][0xffffffd6][0xfffffff4][0xffffff96][0xffffffa6][0xffffff9f]P[0xffffffce][0xffffffd5][0xffffffce][0xffffff93][0xffffffff][0xffffff97][0xffffffcc]p[0xfffffffd][0xfffffff3][0xffffffe8][0x1b][0xffffffcc][0xffffffa2][0xffffffd9]Q[0xffffffbe][0xffffffb2][0xffffffa3][0xffffffc7]m'[0xffffffdf][0xffffffe4][[0xfffffffb]^[0xffffffb0][0xffffff9a][0xffffffbe][0xffffffda][0xffffffda]_[0xffffffce][0xffffff80][0xffffffd2][0xffffffc1]7[0xffffffb7]][0xffffffc1]b[0xffffffee][0xffffffb5][0xffffffff]w[0xffffff83][0xffffffed][0xffffffa7];[0x15]<[0x10]4[0xffffff92][0xffffff84][0x18][\n]"
14:33:13.199 [main] DEBUG org.apache.hc.client5.http.wire - http-outgoing-0 << "BB[0xffffffba][0xffffff8e]][0xffffffb5]jo[0xffffffb9]+"[0xffffffea][0xffffffb4][0xffffffff]h"[0xffffffea]\?5[0xffffffa9][0xffffffaf]k[0xffffffec][0xffffffff]P[0xffffffea][\n]"
14:33:13.199 [main] DEBUG org.apache.hc.client5.http.wire - http-outgoing-0 << "w[0xffffffe1]K[0x13][0xffffffda][0xffffffec][0xffffff98][0xffffffe6]Y[0xfffffffd]h8m6[0xffffff9c]T[0xffffffc1][0xfffffff2][0xffffffa7][0xffffff91]z_[0xffffff95]o85p[0x1c][0x13][0xffffffe6][0xfffffff0]5[0xffffffee][0xfffffffc][0xffffff92][0xffffff96][0xffffffda][0xfffffff7][0xffffffcf][0xffffffb1][0x5][0x1d][0xffffffea]K[0xffffff9b]9[0xffffff8e][0xffffffad]e[0xfffffff7][0xffffff93][0xffffffa8]`[0xffffffda][0xffffffff][0x1a][0xffffffd2][0xffffff88][0xffffff85][0xfffffffd][0xfffffff2][0xffffff91]N[0xfffffff6]`[0xffffffdf]2[0xffffffcf][0xffffffae]E[0xffffff97][0xffffffc5][0xffffffa2][0xffffff9d][0xffffffef]'[0xffffff9d]mun.[0xffffffd3]f^[0xffffffc7][0xffffff82][0xffffffda][0xffffff82]9[0xfffffff5][0xffffffa9]`[0x5][0xffffffbc]4[0xffffffa1][0x1d]<M[0xffffffb5]A[0xffffffa7]3[[0xffffffc0][0x7f][0x0][0xffffffc1][0xffffffd0]$[0xffffff85][0x1d][\r][0x0][0x0]"
14:33:13.200 [main] DEBUG org.apache.hc.client5.http.impl.classic.InternalHttpClient - ep-00000000: releasing valid endpoint
14:33:13.201 [main] DEBUG org.apache.hc.client5.http.impl.io.PoolingHttpClientConnectionManager - ep-00000000: releasing endpoint
14:33:13.201 [main] DEBUG org.apache.hc.client5.http.impl.io.PoolingHttpClientConnectionManager - ep-00000000: connection http-outgoing-0 can be kept alive for 3 MINUTES
14:33:13.202 [main] DEBUG org.apache.hc.client5.http.impl.io.PoolingHttpClientConnectionManager - ep-00000000: connection released [route: {s}->https://raw.githubusercontent.com:443][total available: 1; route allocated: 1 of 5; total allocated: 1 of 25]
14:33:13.202 [main] DEBUG io.github.bonigarcia.wdm.versions.VersionDetector - Detecting chrome version using online commands.properties
14:33:13.205 [main] DEBUG io.github.bonigarcia.wdm.versions.Shell - Running command on the shell: [cmd.exe, /C, wmic, datafile, where, name="%PROGRAMFILES:\=\\%\\Google\\Chrome\\Application\\chrome.exe", get, Version, /value]
14:33:13.759 [main] DEBUG io.github.bonigarcia.wdm.versions.Shell - Result: Version=107.0.5304.89
14:33:13.769 [main] DEBUG io.github.bonigarcia.wdm.cache.ResolutionCache - Resolution chrome107=107.0.5304.62 in cache (valid until 13:25:51 10/11/2022 ICT)
14:33:13.777 [main] INFO io.github.bonigarcia.wdm.WebDriverManager - Using chromedriver 107.0.5304.62 (resolved driver for Chrome 107)
14:33:13.792 [main] DEBUG io.github.bonigarcia.wdm.cache.ResolutionCache - Storing resolution chrome=107 in cache (valid until 15:33:13 09/11/2022 ICT)
14:33:13.816 [main] DEBUG io.github.bonigarcia.wdm.WebDriverManager - Driver chromedriver 107.0.5304.62 found in cache
14:33:13.816 [main] INFO io.github.bonigarcia.wdm.WebDriverManager - Exporting webdriver.chrome.driver as C:\Users\user\.cache\selenium\chromedriver\win32\107.0.5304.62\chromedriver.exe
14:33:14.650 [main] DEBUG net.thucydides.core.reflection.ClassFinder - Could not load class .CucumberTestSuite
14:33:14.651 [main] DEBUG net.thucydides.core.reflection.ClassFinder - Could not load class .starter.pages.BeliPage
14:33:14.651 [main] DEBUG net.thucydides.core.reflection.ClassFinder - Could not load class .starter.pages.DetailPage
14:33:14.651 [main] DEBUG net.thucydides.core.reflection.ClassFinder - Could not load class .starter.pages.LoginPage
14:33:14.651 [main] DEBUG net.thucydides.core.reflection.ClassFinder - Could not load class .starter.pages.LogoutPage
14:33:14.651 [main] DEBUG net.thucydides.core.reflection.ClassFinder - Could not load class .starter.pages.RegistrationPage
14:33:14.651 [main] DEBUG net.thucydides.core.reflection.ClassFinder - Could not load class .starter.pages.TransactionPage
14:33:14.651 [main] DEBUG net.thucydides.core.reflection.ClassFinder - Could not load class .starter.steps.BeliStep
14:33:14.651 [main] DEBUG net.thucydides.core.reflection.ClassFinder - Could not load class .starter.steps.DetailStep
14:33:14.651 [main] DEBUG net.thucydides.core.reflection.ClassFinder - Could not load class .starter.steps.LoginStep
14:33:14.651 [main] DEBUG net.thucydides.core.reflection.ClassFinder - Could not load class .starter.steps.LogoutStep
14:33:14.651 [main] DEBUG net.thucydides.core.reflection.ClassFinder - Could not load class .starter.steps.RegistrationStep
14:33:14.651 [main] DEBUG net.thucydides.core.reflection.ClassFinder - Could not load class .starter.steps.TransactionStep
14:33:14.652 [main] DEBUG net.thucydides.core.reflection.ClassFinder - Could not load class META-INF.versions.9.com.sun.istack.logging.StackHelper
14:33:14.652 [main] DEBUG net.thucydides.core.reflection.ClassFinder - Could not load class META-INF.versions.9.com.sun.xml.bind.v2.runtime.reflect.opt.AccessorInjector
14:33:14.652 [main] DEBUG net.thucydides.core.reflection.ClassFinder - Could not load class META-INF.versions.9.com.sun.xml.bind.v2.runtime.reflect.opt.Injector
14:33:14.653 [main] DEBUG net.thucydides.core.reflection.ClassFinder - Could not load class META-INF.versions.9.com.sun.xml.bind.v2.runtime.reflect.opt.OptimizedAccessorFactory
14:33:14.653 [main] DEBUG net.thucydides.core.reflection.ClassFinder - Could not load class META-INF.versions.9.com.sun.xml.bind.v2.runtime.reflect.opt.OptimizedTransducedAccessorFactory
14:33:14.653 [main] DEBUG net.thucydides.core.reflection.ClassFinder - Could not load class META-INF.versions.9.io.opentelemetry.sdk.internal.CurrentJavaVersionSpecific
14:33:14.653 [main] DEBUG net.thucydides.core.reflection.ClassFinder - Could not load class META-INF.versions.9.io.opentelemetry.sdk.internal.Java9VersionSpecific
14:33:14.654 [main] DEBUG net.thucydides.core.reflection.ClassFinder - Could not load class META-INF.versions.9.javax.xml.bind.ModuleUtil
14:33:14.654 [main] DEBUG net.thucydides.core.reflection.ClassFinder - Could not load class META-INF.versions.9.module-info
14:33:14.654 [main] DEBUG net.thucydides.core.reflection.ClassFinder - Could not load class META-INF.versions.9.org.junit.platform.commons.util.ModuleUtils
14:33:15.033 [main] DEBUG net.thucydides.core.reflection.ClassFinder - Could not load class com.google.gson.internal.
14:33:15.220 [main] DEBUG net.thucydides.core.reflection.ClassFinder - Could not load class com.sun.xml.bind.v2.runtime.output.FastInfosetStreamWriterOutput
14:33:15.787 [main] DEBUG net.thucydides.core.reflection.ClassFinder - Could not load class module-info
14:33:18.656 [main] DEBUG io.netty.util.internal.logging.InternalLoggerFactory - Using SLF4J as the default logging framework
14:33:18.660 [main] DEBUG io.netty.util.ResourceLeakDetector - -Dio.netty.leakDetection.level: simple
14:33:18.660 [main] DEBUG io.netty.util.ResourceLeakDetector - -Dio.netty.leakDetection.targetRecords: 4
14:33:18.665 [main] DEBUG io.netty.util.ResourceLeakDetectorFactory - Loaded default ResourceLeakDetector: io.netty.util.ResourceLeakDetector@3468faa5
14:33:18.685 [main] DEBUG io.netty.util.internal.PlatformDependent0 - -Dio.netty.noUnsafe: false
14:33:18.686 [main] DEBUG io.netty.util.internal.PlatformDependent0 - Java version: 11
14:33:18.686 [main] DEBUG io.netty.util.internal.PlatformDependent0 - sun.misc.Unsafe.theUnsafe: available
14:33:18.687 [main] DEBUG io.netty.util.internal.PlatformDependent0 - sun.misc.Unsafe.copyMemory: available
14:33:18.687 [main] DEBUG io.netty.util.internal.PlatformDependent0 - java.nio.Buffer.address: available
14:33:18.689 [main] DEBUG io.netty.util.internal.PlatformDependent0 - direct buffer constructor: unavailable: Reflective setAccessible(true) disabled
14:33:18.689 [main] DEBUG io.netty.util.internal.PlatformDependent0 - java.nio.Bits.unaligned: available, true
14:33:18.690 [main] DEBUG io.netty.util.internal.PlatformDependent0 - jdk.internal.misc.Unsafe.allocateUninitializedArray(int): unavailable: class io.netty.util.internal.PlatformDependent0$6 cannot access class jdk.internal.misc.Unsafe (in module java.base) because module java.base does not export jdk.internal.misc to unnamed module @596df867
14:33:18.692 [main] DEBUG io.netty.util.internal.PlatformDependent0 - java.nio.DirectByteBuffer.<init>(long, int): unavailable
14:33:18.692 [main] DEBUG io.netty.util.internal.PlatformDependent - sun.misc.Unsafe: available
14:33:18.694 [main] DEBUG io.netty.util.internal.PlatformDependent - maxDirectMemory: 2067791872 bytes (maybe)
14:33:18.694 [main] DEBUG io.netty.util.internal.PlatformDependent - -Dio.netty.tmpdir: C:\Users\user\AppData\Local\Temp (java.io.tmpdir)
14:33:18.694 [main] DEBUG io.netty.util.internal.PlatformDependent - -Dio.netty.bitMode: 64 (sun.arch.data.model)
14:33:18.695 [main] DEBUG io.netty.util.internal.PlatformDependent - Platform: Windows
14:33:18.695 [main] DEBUG io.netty.util.internal.PlatformDependent - -Dio.netty.maxDirectMemory: -1 bytes
14:33:18.695 [main] DEBUG io.netty.util.internal.PlatformDependent - -Dio.netty.uninitializedArrayAllocationThreshold: -1
14:33:18.697 [main] DEBUG io.netty.util.internal.CleanerJava9 - java.nio.ByteBuffer.cleaner(): available
14:33:18.697 [main] DEBUG io.netty.util.internal.PlatformDependent - -Dio.netty.noPreferDirect: false
14:33:18.704 [main] DEBUG io.netty.util.internal.PlatformDependent - org.jctools-core.MpscChunkedArrayQueue: available
14:33:18.731 [main] DEBUG io.netty.util.internal.InternalThreadLocalMap - -Dio.netty.threadLocalMap.stringBuilder.initialSize: 1024
14:33:18.731 [main] DEBUG io.netty.util.internal.InternalThreadLocalMap - -Dio.netty.threadLocalMap.stringBuilder.maxSize: 4096
14:33:18.758 [main] DEBUG io.netty.handler.ssl.JdkSslContext - Default protocols (JDK): [TLSv1.3, TLSv1.2] 
14:33:18.759 [main] DEBUG io.netty.handler.ssl.JdkSslContext - Default cipher suites (JDK): [TLS_ECDHE_ECDSA_WITH_AES_256_GCM_SHA384, TLS_ECDHE_ECDSA_WITH_AES_128_GCM_SHA256, TLS_ECDHE_RSA_WITH_AES_128_GCM_SHA256, TLS_ECDHE_RSA_WITH_AES_256_GCM_SHA384, TLS_ECDHE_RSA_WITH_AES_128_CBC_SHA, TLS_ECDHE_RSA_WITH_AES_256_CBC_SHA, TLS_RSA_WITH_AES_128_GCM_SHA256, TLS_RSA_WITH_AES_128_CBC_SHA, TLS_RSA_WITH_AES_256_CBC_SHA, TLS_AES_128_GCM_SHA256, TLS_AES_256_GCM_SHA384]
14:33:18.807 [main] DEBUG io.netty.channel.MultithreadEventLoopGroup - -Dio.netty.eventLoopThreads: 8
14:33:18.822 [main] DEBUG io.netty.channel.nio.NioEventLoop - -Dio.netty.noKeySetOptimization: false
14:33:18.822 [main] DEBUG io.netty.channel.nio.NioEventLoop - -Dio.netty.selectorAutoRebuildThreshold: 512
14:33:18.882 [main] DEBUG io.netty.buffer.PooledByteBufAllocator - -Dio.netty.allocator.numHeapArenas: 8
14:33:18.883 [main] DEBUG io.netty.buffer.PooledByteBufAllocator - -Dio.netty.allocator.numDirectArenas: 8
14:33:18.883 [main] DEBUG io.netty.buffer.PooledByteBufAllocator - -Dio.netty.allocator.pageSize: 8192
14:33:18.883 [main] DEBUG io.netty.buffer.PooledByteBufAllocator - -Dio.netty.allocator.maxOrder: 11
14:33:18.883 [main] DEBUG io.netty.buffer.PooledByteBufAllocator - -Dio.netty.allocator.chunkSize: 16777216
14:33:18.883 [main] DEBUG io.netty.buffer.PooledByteBufAllocator - -Dio.netty.allocator.smallCacheSize: 256
14:33:18.883 [main] DEBUG io.netty.buffer.PooledByteBufAllocator - -Dio.netty.allocator.normalCacheSize: 64
14:33:18.883 [main] DEBUG io.netty.buffer.PooledByteBufAllocator - -Dio.netty.allocator.maxCachedBufferCapacity: 32768
14:33:18.883 [main] DEBUG io.netty.buffer.PooledByteBufAllocator - -Dio.netty.allocator.cacheTrimInterval: 8192
14:33:18.883 [main] DEBUG io.netty.buffer.PooledByteBufAllocator - -Dio.netty.allocator.cacheTrimIntervalMillis: 0
14:33:18.883 [main] DEBUG io.netty.buffer.PooledByteBufAllocator - -Dio.netty.allocator.useCacheForAllThreads: true
14:33:18.883 [main] DEBUG io.netty.buffer.PooledByteBufAllocator - -Dio.netty.allocator.maxCachedByteBuffersPerChunk: 1023
14:33:18.895 [main] DEBUG io.netty.buffer.ByteBufUtil - -Dio.netty.allocator.type: pooled
14:33:18.895 [main] DEBUG io.netty.buffer.ByteBufUtil - -Dio.netty.threadLocalDirectBufferSize: 0
14:33:18.895 [main] DEBUG io.netty.buffer.ByteBufUtil - -Dio.netty.maxThreadLocalCharBufferSize: 16384
14:33:19.093 [main] DEBUG net.serenitybdd.core.webdriver.driverproviders.ProvideNewDriver - Instantiating driver
14:33:19.093 [main] DEBUG net.serenitybdd.core.webdriver.driverproviders.ProvideNewDriver - Driver capabilities: Capabilities {acceptInsecureCerts: false, base.url: https://alta-shop.vercel.app, browserName: chrome, chrome.driver: src/test/resources/webdrive..., driver: chrome, goog:chromeOptions: {args: [], extensions: []}}
14:33:19.793 [Forwarding newSession on session null to remote] DEBUG io.netty.channel.DefaultChannelId - -Dio.netty.processId: 26452 (auto-detected)
14:33:19.796 [Forwarding newSession on session null to remote] DEBUG io.netty.util.NetUtil - -Djava.net.preferIPv4Stack: false
14:33:19.797 [Forwarding newSession on session null to remote] DEBUG io.netty.util.NetUtil - -Djava.net.preferIPv6Addresses: false
14:33:19.927 [Forwarding newSession on session null to remote] DEBUG io.netty.util.NetUtilInitializations - Loopback interface: lo (Software Loopback Interface 1, 127.0.0.1)
14:33:19.931 [Forwarding newSession on session null to remote] DEBUG io.netty.util.NetUtil - Failed to get SOMAXCONN from sysctl and file \proc\sys\net\core\somaxconn. Default: 200
14:33:20.064 [Forwarding newSession on session null to remote] DEBUG io.netty.channel.DefaultChannelId - -Dio.netty.machineId: 98:8d:46:ff:fe:e0:19:c9 (auto-detected)
14:33:20.145 [AsyncHttpClient-1-2] DEBUG io.netty.buffer.AbstractByteBuf - -Dio.netty.buffer.checkAccessible: true
14:33:20.145 [AsyncHttpClient-1-2] DEBUG io.netty.buffer.AbstractByteBuf - -Dio.netty.buffer.checkBounds: true
14:33:20.145 [AsyncHttpClient-1-2] DEBUG io.netty.util.ResourceLeakDetectorFactory - Loaded default ResourceLeakDetector: io.netty.util.ResourceLeakDetector@7fc4b651
14:33:20.170 [AsyncHttpClient-1-2] DEBUG org.asynchttpclient.netty.channel.NettyConnectListener - Using new Channel '[id: 0xa0ea7aea, L:/127.0.0.1:64772 - R:localhost/127.0.0.1:63343]' for 'POST' to '/session'
14:33:20.207 [AsyncHttpClient-1-2] DEBUG io.netty.util.Recycler - -Dio.netty.recycler.maxCapacityPerThread: 4096
14:33:20.208 [AsyncHttpClient-1-2] DEBUG io.netty.util.Recycler - -Dio.netty.recycler.ratio: 8
14:33:20.208 [AsyncHttpClient-1-2] DEBUG io.netty.util.Recycler - -Dio.netty.recycler.chunkSize: 32
14:33:20.208 [AsyncHttpClient-1-2] DEBUG io.netty.util.Recycler - -Dio.netty.recycler.blocking: false
14:33:22.306 [AsyncHttpClient-1-2] DEBUG io.netty.handler.codec.compression.Brotli - brotli4j not in the classpath; Brotli support will be unavailable.
14:33:22.308 [AsyncHttpClient-1-2] DEBUG org.asynchttpclient.netty.handler.HttpHandler - 

Request DefaultHttpRequest(decodeResult: success, version: HTTP/1.1)
POST /session HTTP/1.1
User-Agent: selenium/4.1.2 (java windows)
Content-Length: 609
Content-Type: application/json; charset=utf-8
host: localhost:63343
accept: */*

Response DefaultHttpResponse(decodeResult: success, version: HTTP/1.1)
HTTP/1.1 200 OK
Content-Type: application/json; charset=utf-8
cache-control: no-cache
content-length: 789

14:33:22.320 [AsyncHttpClient-1-2] DEBUG org.asynchttpclient.netty.channel.ChannelManager - Adding key: http://localhost:63343 for channel [id: 0xa0ea7aea, L:/127.0.0.1:64772 - R:localhost/127.0.0.1:63343]
14:33:22.411 [AsyncHttpClient-1-3] DEBUG org.asynchttpclient.netty.channel.NettyConnectListener - Using new Channel '[id: 0x6ae089f1, L:/127.0.0.1:64782 - R:localhost/127.0.0.1:64775]' for 'GET' to '/json/version'
14:33:22.418 [AsyncHttpClient-1-3] DEBUG org.asynchttpclient.netty.handler.HttpHandler - 

Request DefaultFullHttpRequest(decodeResult: success, version: HTTP/1.1, content: EmptyByteBufBE)
GET /json/version HTTP/1.1
User-Agent: selenium/4.1.2 (java windows)
host: localhost:64775
accept: */*

Response DefaultHttpResponse(decodeResult: success, version: HTTP/1.1)
HTTP/1.1 200 OK
Content-Type: application/json; charset=UTF-8
content-length: 423

14:33:22.418 [AsyncHttpClient-1-3] DEBUG org.asynchttpclient.netty.channel.ChannelManager - Adding key: http://localhost:64775 for channel [id: 0x6ae089f1, L:/127.0.0.1:64782 - R:localhost/127.0.0.1:64775]
14:33:22.426 [main] DEBUG io.netty.util.internal.ThreadLocalRandom - -Dio.netty.initialSeedUniquifier: 0x389124b2d8144a2a
14:33:22.435 [AsyncHttpClient-1-4] DEBUG org.asynchttpclient.netty.channel.NettyConnectListener - Using new Channel '[id: 0xc241c550, L:/127.0.0.1:64783 - R:localhost/127.0.0.1:64775]' for 'GET' to '/devtools/browser/90ebcb80-5022-4d14-a9dc-a714747d3b91'
14:33:22.441 [AsyncHttpClient-1-4] DEBUG org.asynchttpclient.netty.handler.WebSocketHandler - 

Request DefaultFullHttpRequest(decodeResult: success, version: HTTP/1.1, content: EmptyByteBufBE)
GET /devtools/browser/90ebcb80-5022-4d14-a9dc-a714747d3b91 HTTP/1.1
upgrade: websocket
connection: upgrade
sec-websocket-key: j2UVFOhjYaYMfMAaaGV9jA==
sec-websocket-version: 13
origin: http://localhost:64775
host: localhost:64775
accept: */*
user-agent: AHC/2.1

Response DefaultHttpResponse(decodeResult: success, version: HTTP/1.1)
HTTP/1.1 101 WebSocket Protocol Handshake
Upgrade: WebSocket
Connection: Upgrade
Sec-WebSocket-Accept: 7ExUg/Un+684iLIMPElJKeRreiE=

14:33:23.111 [AsyncHttpClient-1-1] DEBUG org.asynchttpclient.netty.channel.DefaultChannelPool - Entry count for : http://localhost:63343 : 1
14:33:23.111 [AsyncHttpClient-1-1] DEBUG org.asynchttpclient.netty.channel.DefaultChannelPool - Entry count for : http://localhost:64775 : 1
14:33:23.635 [main] DEBUG net.thucydides.core.reflection.ClassFinder - Could not load class .CucumberTestSuite
14:33:23.636 [main] DEBUG net.thucydides.core.reflection.ClassFinder - Could not load class .starter.pages.BeliPage
14:33:23.636 [main] DEBUG net.thucydides.core.reflection.ClassFinder - Could not load class .starter.pages.DetailPage
14:33:23.636 [main] DEBUG net.thucydides.core.reflection.ClassFinder - Could not load class .starter.pages.LoginPage
14:33:23.636 [main] DEBUG net.thucydides.core.reflection.ClassFinder - Could not load class .starter.pages.LogoutPage
14:33:23.636 [main] DEBUG net.thucydides.core.reflection.ClassFinder - Could not load class .starter.pages.RegistrationPage
14:33:23.636 [main] DEBUG net.thucydides.core.reflection.ClassFinder - Could not load class .starter.pages.TransactionPage
14:33:23.636 [main] DEBUG net.thucydides.core.reflection.ClassFinder - Could not load class .starter.steps.BeliStep
14:33:23.636 [main] DEBUG net.thucydides.core.reflection.ClassFinder - Could not load class .starter.steps.DetailStep
14:33:23.636 [main] DEBUG net.thucydides.core.reflection.ClassFinder - Could not load class .starter.steps.LoginStep
14:33:23.636 [main] DEBUG net.thucydides.core.reflection.ClassFinder - Could not load class .starter.steps.LogoutStep
14:33:23.636 [main] DEBUG net.thucydides.core.reflection.ClassFinder - Could not load class .starter.steps.RegistrationStep
14:33:23.636 [main] DEBUG net.thucydides.core.reflection.ClassFinder - Could not load class .starter.steps.TransactionStep
14:33:23.637 [main] DEBUG net.thucydides.core.reflection.ClassFinder - Could not load class META-INF.versions.9.com.sun.istack.logging.StackHelper
14:33:23.638 [main] DEBUG net.thucydides.core.reflection.ClassFinder - Could not load class META-INF.versions.9.com.sun.xml.bind.v2.runtime.reflect.opt.AccessorInjector
14:33:23.639 [main] DEBUG net.thucydides.core.reflection.ClassFinder - Could not load class META-INF.versions.9.com.sun.xml.bind.v2.runtime.reflect.opt.Injector
14:33:23.639 [main] DEBUG net.thucydides.core.reflection.ClassFinder - Could not load class META-INF.versions.9.com.sun.xml.bind.v2.runtime.reflect.opt.OptimizedAccessorFactory
14:33:23.640 [main] DEBUG net.thucydides.core.reflection.ClassFinder - Could not load class META-INF.versions.9.com.sun.xml.bind.v2.runtime.reflect.opt.OptimizedTransducedAccessorFactory
14:33:23.640 [main] DEBUG net.thucydides.core.reflection.ClassFinder - Could not load class META-INF.versions.9.io.opentelemetry.sdk.internal.CurrentJavaVersionSpecific
14:33:23.640 [main] DEBUG net.thucydides.core.reflection.ClassFinder - Could not load class META-INF.versions.9.io.opentelemetry.sdk.internal.Java9VersionSpecific
14:33:23.641 [main] DEBUG net.thucydides.core.reflection.ClassFinder - Could not load class META-INF.versions.9.javax.xml.bind.ModuleUtil
14:33:23.641 [main] DEBUG net.thucydides.core.reflection.ClassFinder - Could not load class META-INF.versions.9.module-info
14:33:23.642 [main] DEBUG net.thucydides.core.reflection.ClassFinder - Could not load class META-INF.versions.9.org.junit.platform.commons.util.ModuleUtils
14:33:23.647 [main] DEBUG net.thucydides.core.reflection.ClassFinder - Could not load class com.google.gson.internal.
14:33:23.655 [main] DEBUG net.thucydides.core.reflection.ClassFinder - Could not load class com.sun.xml.bind.v2.runtime.output.FastInfosetStreamWriterOutput
14:33:23.660 [main] DEBUG net.thucydides.core.reflection.ClassFinder - Could not load class module-info
14:33:23.703 [Forwarding get on session e93c382c159fb4306585148db77138ec to remote] DEBUG org.asynchttpclient.netty.request.NettyRequestSender - Using pooled Channel '[id: 0xa0ea7aea, L:/127.0.0.1:64772 - R:localhost/127.0.0.1:63343]' for 'POST' to 'http://localhost:63343/session/e93c382c159fb4306585148db77138ec/url'
14:33:23.703 [Forwarding get on session e93c382c159fb4306585148db77138ec to remote] DEBUG org.asynchttpclient.netty.request.NettyRequestSender - Using open Channel [id: 0xa0ea7aea, L:/127.0.0.1:64772 - R:localhost/127.0.0.1:63343] for POST '/session/e93c382c159fb4306585148db77138ec/url'
14:33:24.220 [AsyncHttpClient-1-1] DEBUG org.asynchttpclient.netty.channel.DefaultChannelPool - Entry count for : http://localhost:64775 : 1
14:33:25.308 [AsyncHttpClient-1-1] DEBUG org.asynchttpclient.netty.channel.DefaultChannelPool - Entry count for : http://localhost:64775 : 1
14:33:26.133 [AsyncHttpClient-1-2] DEBUG org.asynchttpclient.netty.handler.HttpHandler - 

Request DefaultHttpRequest(decodeResult: success, version: HTTP/1.1)
POST /session/e93c382c159fb4306585148db77138ec/url HTTP/1.1
User-Agent: selenium/4.1.2 (java windows)
Content-Length: 59
Content-Type: application/json; charset=utf-8
host: localhost:63343
accept: */*

Response DefaultHttpResponse(decodeResult: success, version: HTTP/1.1)
HTTP/1.1 200 OK
Content-Type: application/json; charset=utf-8
cache-control: no-cache
content-length: 14

14:33:26.133 [AsyncHttpClient-1-2] DEBUG org.asynchttpclient.netty.channel.ChannelManager - Adding key: http://localhost:63343 for channel [id: 0xa0ea7aea, L:/127.0.0.1:64772 - R:localhost/127.0.0.1:63343]
14:33:26.147 [Forwarding setTimeout on session e93c382c159fb4306585148db77138ec to remote] DEBUG org.asynchttpclient.netty.request.NettyRequestSender - Using pooled Channel '[id: 0xa0ea7aea, L:/127.0.0.1:64772 - R:localhost/127.0.0.1:63343]' for 'POST' to 'http://localhost:63343/session/e93c382c159fb4306585148db77138ec/timeouts'
14:33:26.147 [Forwarding setTimeout on session e93c382c159fb4306585148db77138ec to remote] DEBUG org.asynchttpclient.netty.request.NettyRequestSender - Using open Channel [id: 0xa0ea7aea, L:/127.0.0.1:64772 - R:localhost/127.0.0.1:63343] for POST '/session/e93c382c159fb4306585148db77138ec/timeouts'
14:33:26.158 [AsyncHttpClient-1-2] DEBUG org.asynchttpclient.netty.handler.HttpHandler - 

Request DefaultHttpRequest(decodeResult: success, version: HTTP/1.1)
POST /session/e93c382c159fb4306585148db77138ec/timeouts HTTP/1.1
User-Agent: selenium/4.1.2 (java windows)
Content-Length: 22
Content-Type: application/json; charset=utf-8
host: localhost:63343
accept: */*

Response DefaultHttpResponse(decodeResult: success, version: HTTP/1.1)
HTTP/1.1 200 OK
Content-Type: application/json; charset=utf-8
cache-control: no-cache
content-length: 14

14:33:26.159 [AsyncHttpClient-1-2] DEBUG org.asynchttpclient.netty.channel.ChannelManager - Adding key: http://localhost:63343 for channel [id: 0xa0ea7aea, L:/127.0.0.1:64772 - R:localhost/127.0.0.1:63343]
14:33:26.169 [Forwarding getCurrentUrl on session e93c382c159fb4306585148db77138ec to remote] DEBUG org.asynchttpclient.netty.request.NettyRequestSender - Using pooled Channel '[id: 0xa0ea7aea, L:/127.0.0.1:64772 - R:localhost/127.0.0.1:63343]' for 'GET' to 'http://localhost:63343/session/e93c382c159fb4306585148db77138ec/url'
14:33:26.174 [Forwarding getCurrentUrl on session e93c382c159fb4306585148db77138ec to remote] DEBUG org.asynchttpclient.netty.request.NettyRequestSender - Using open Channel [id: 0xa0ea7aea, L:/127.0.0.1:64772 - R:localhost/127.0.0.1:63343] for GET '/session/e93c382c159fb4306585148db77138ec/url'
14:33:26.201 [AsyncHttpClient-1-2] DEBUG org.asynchttpclient.netty.handler.HttpHandler - 

Request DefaultFullHttpRequest(decodeResult: success, version: HTTP/1.1, content: EmptyByteBufBE)
GET /session/e93c382c159fb4306585148db77138ec/url HTTP/1.1
User-Agent: selenium/4.1.2 (java windows)
Cache-Control: no-cache
Content-Type: application/json; charset=utf-8
host: localhost:63343
accept: */*

Response DefaultHttpResponse(decodeResult: success, version: HTTP/1.1)
HTTP/1.1 200 OK
Content-Type: application/json; charset=utf-8
cache-control: no-cache
content-length: 41

14:33:26.201 [AsyncHttpClient-1-2] DEBUG org.asynchttpclient.netty.channel.ChannelManager - Adding key: http://localhost:63343 for channel [id: 0xa0ea7aea, L:/127.0.0.1:64772 - R:localhost/127.0.0.1:63343]
  &amp#27;[32mGiven &amp#27;[0m&amp#27;[32mI open the website&amp#27;[0m                  &amp#27;[90m# starter.steps.RegistrationStep.iOpenTheWebsite()&amp#27;[0m
14:33:26.273 [main] DEBUG net.serenitybdd.core.photography.Darkroom - Opening darkroom
14:33:26.277 [Forwarding screenshot on session e93c382c159fb4306585148db77138ec to remote] DEBUG org.asynchttpclient.netty.request.NettyRequestSender - Using pooled Channel '[id: 0xa0ea7aea, L:/127.0.0.1:64772 - R:localhost/127.0.0.1:63343]' for 'GET' to 'http://localhost:63343/session/e93c382c159fb4306585148db77138ec/screenshot'
14:33:26.277 [Forwarding screenshot on session e93c382c159fb4306585148db77138ec to remote] DEBUG org.asynchttpclient.netty.request.NettyRequestSender - Using open Channel [id: 0xa0ea7aea, L:/127.0.0.1:64772 - R:localhost/127.0.0.1:63343] for GET '/session/e93c382c159fb4306585148db77138ec/screenshot'
14:33:26.281 [Darkroom Processing Line] DEBUG net.serenitybdd.core.photography.DarkroomProcessingLine - Darkroom processing line starting up
14:33:26.417 [AsyncHttpClient-1-1] DEBUG org.asynchttpclient.netty.channel.DefaultChannelPool - Entry count for : http://localhost:64775 : 1
14:33:26.544 [AsyncHttpClient-1-2] DEBUG org.asynchttpclient.netty.handler.HttpHandler - 

Request DefaultFullHttpRequest(decodeResult: success, version: HTTP/1.1, content: EmptyByteBufBE)
GET /session/e93c382c159fb4306585148db77138ec/screenshot HTTP/1.1
User-Agent: selenium/4.1.2 (java windows)
Cache-Control: no-cache
Content-Type: application/json; charset=utf-8
host: localhost:63343
accept: */*

Response DefaultHttpResponse(decodeResult: success, version: HTTP/1.1)
HTTP/1.1 200 OK
Content-Type: application/json; charset=utf-8
cache-control: no-cache
content-length: 33476

14:33:26.546 [AsyncHttpClient-1-2] DEBUG org.asynchttpclient.netty.channel.ChannelManager - Adding key: http://localhost:63343 for channel [id: 0xa0ea7aea, L:/127.0.0.1:64772 - R:localhost/127.0.0.1:63343]
14:33:26.763 [main] DEBUG net.serenitybdd.core.photography.Darkroom - Send negative for processing for target\site\serenity\6cec511a1c287e4ac08af86688aa350137cba40751e07e486f73d1f21a915915.png
14:33:26.764 [Darkroom Processing Line] DEBUG net.serenitybdd.core.photography.DarkroomProcessingLine - Processing screenshot image in /var/screenshots/screenshot-6309704891924933766
14:33:26.764 [Darkroom Processing Line] DEBUG net.serenitybdd.core.photography.DarkroomProcessingLine - Saving screenshot to target\site\serenity\6cec511a1c287e4ac08af86688aa350137cba40751e07e486f73d1f21a915915.png
14:33:27.278 [Forwarding findElement on session e93c382c159fb4306585148db77138ec to remote] DEBUG org.asynchttpclient.netty.request.NettyRequestSender - Using pooled Channel '[id: 0xa0ea7aea, L:/127.0.0.1:64772 - R:localhost/127.0.0.1:63343]' for 'POST' to 'http://localhost:63343/session/e93c382c159fb4306585148db77138ec/element'
14:33:27.279 [Forwarding findElement on session e93c382c159fb4306585148db77138ec to remote] DEBUG org.asynchttpclient.netty.request.NettyRequestSender - Using open Channel [id: 0xa0ea7aea, L:/127.0.0.1:64772 - R:localhost/127.0.0.1:63343] for POST '/session/e93c382c159fb4306585148db77138ec/element'
14:33:27.353 [AsyncHttpClient-1-2] DEBUG org.asynchttpclient.netty.handler.HttpHandler - 

Request DefaultHttpRequest(decodeResult: success, version: HTTP/1.1)
POST /session/e93c382c159fb4306585148db77138ec/element HTTP/1.1
User-Agent: selenium/4.1.2 (java windows)
Content-Length: 97
Content-Type: application/json; charset=utf-8
host: localhost:63343
accept: */*

Response DefaultHttpResponse(decodeResult: success, version: HTTP/1.1)
HTTP/1.1 200 OK
Content-Type: application/json; charset=utf-8
cache-control: no-cache
content-length: 88

14:33:27.353 [AsyncHttpClient-1-2] DEBUG org.asynchttpclient.netty.channel.ChannelManager - Adding key: http://localhost:63343 for channel [id: 0xa0ea7aea, L:/127.0.0.1:64772 - R:localhost/127.0.0.1:63343]
14:33:27.363 [Forwarding getElementTagName on session e93c382c159fb4306585148db77138ec to remote] DEBUG org.asynchttpclient.netty.request.NettyRequestSender - Using pooled Channel '[id: 0xa0ea7aea, L:/127.0.0.1:64772 - R:localhost/127.0.0.1:63343]' for 'GET' to 'http://localhost:63343/session/e93c382c159fb4306585148db77138ec/element/70f4b1d7-4bfb-408d-a804-608302a1f9aa/name'
14:33:27.363 [Forwarding getElementTagName on session e93c382c159fb4306585148db77138ec to remote] DEBUG org.asynchttpclient.netty.request.NettyRequestSender - Using open Channel [id: 0xa0ea7aea, L:/127.0.0.1:64772 - R:localhost/127.0.0.1:63343] for GET '/session/e93c382c159fb4306585148db77138ec/element/70f4b1d7-4bfb-408d-a804-608302a1f9aa/name'
14:33:27.368 [AsyncHttpClient-1-2] DEBUG org.asynchttpclient.netty.handler.HttpHandler - 

Request DefaultFullHttpRequest(decodeResult: success, version: HTTP/1.1, content: EmptyByteBufBE)
GET /session/e93c382c159fb4306585148db77138ec/element/70f4b1d7-4bfb-408d-a804-608302a1f9aa/name HTTP/1.1
User-Agent: selenium/4.1.2 (java windows)
Cache-Control: no-cache
Content-Type: application/json; charset=utf-8
host: localhost:63343
accept: */*

Response DefaultHttpResponse(decodeResult: success, version: HTTP/1.1)
HTTP/1.1 200 OK
Content-Type: application/json; charset=utf-8
cache-control: no-cache
content-length: 13

14:33:27.370 [AsyncHttpClient-1-2] DEBUG org.asynchttpclient.netty.channel.ChannelManager - Adding key: http://localhost:63343 for channel [id: 0xa0ea7aea, L:/127.0.0.1:64772 - R:localhost/127.0.0.1:63343]
14:33:27.378 [Forwarding getElementTagName on session e93c382c159fb4306585148db77138ec to remote] DEBUG org.asynchttpclient.netty.request.NettyRequestSender - Using pooled Channel '[id: 0xa0ea7aea, L:/127.0.0.1:64772 - R:localhost/127.0.0.1:63343]' for 'GET' to 'http://localhost:63343/session/e93c382c159fb4306585148db77138ec/element/70f4b1d7-4bfb-408d-a804-608302a1f9aa/name'
14:33:27.378 [Forwarding getElementTagName on session e93c382c159fb4306585148db77138ec to remote] DEBUG org.asynchttpclient.netty.request.NettyRequestSender - Using open Channel [id: 0xa0ea7aea, L:/127.0.0.1:64772 - R:localhost/127.0.0.1:63343] for GET '/session/e93c382c159fb4306585148db77138ec/element/70f4b1d7-4bfb-408d-a804-608302a1f9aa/name'
14:33:27.383 [AsyncHttpClient-1-2] DEBUG org.asynchttpclient.netty.handler.HttpHandler - 

Request DefaultFullHttpRequest(decodeResult: success, version: HTTP/1.1, content: EmptyByteBufBE)
GET /session/e93c382c159fb4306585148db77138ec/element/70f4b1d7-4bfb-408d-a804-608302a1f9aa/name HTTP/1.1
User-Agent: selenium/4.1.2 (java windows)
Cache-Control: no-cache
Content-Type: application/json; charset=utf-8
host: localhost:63343
accept: */*

Response DefaultHttpResponse(decodeResult: success, version: HTTP/1.1)
HTTP/1.1 200 OK
Content-Type: application/json; charset=utf-8
cache-control: no-cache
content-length: 13

14:33:27.383 [AsyncHttpClient-1-2] DEBUG org.asynchttpclient.netty.channel.ChannelManager - Adding key: http://localhost:63343 for channel [id: 0xa0ea7aea, L:/127.0.0.1:64772 - R:localhost/127.0.0.1:63343]
14:33:27.397 [Forwarding findElement on session e93c382c159fb4306585148db77138ec to remote] DEBUG org.asynchttpclient.netty.request.NettyRequestSender - Using pooled Channel '[id: 0xa0ea7aea, L:/127.0.0.1:64772 - R:localhost/127.0.0.1:63343]' for 'POST' to 'http://localhost:63343/session/e93c382c159fb4306585148db77138ec/element'
14:33:27.397 [Forwarding findElement on session e93c382c159fb4306585148db77138ec to remote] DEBUG org.asynchttpclient.netty.request.NettyRequestSender - Using open Channel [id: 0xa0ea7aea, L:/127.0.0.1:64772 - R:localhost/127.0.0.1:63343] for POST '/session/e93c382c159fb4306585148db77138ec/element'
14:33:27.413 [AsyncHttpClient-1-2] DEBUG org.asynchttpclient.netty.handler.HttpHandler - 

Request DefaultHttpRequest(decodeResult: success, version: HTTP/1.1)
POST /session/e93c382c159fb4306585148db77138ec/element HTTP/1.1
User-Agent: selenium/4.1.2 (java windows)
Content-Length: 97
Content-Type: application/json; charset=utf-8
host: localhost:63343
accept: */*

Response DefaultHttpResponse(decodeResult: success, version: HTTP/1.1)
HTTP/1.1 200 OK
Content-Type: application/json; charset=utf-8
cache-control: no-cache
content-length: 88

14:33:27.413 [AsyncHttpClient-1-2] DEBUG org.asynchttpclient.netty.channel.ChannelManager - Adding key: http://localhost:63343 for channel [id: 0xa0ea7aea, L:/127.0.0.1:64772 - R:localhost/127.0.0.1:63343]
14:33:27.418 [Forwarding clickElement on session e93c382c159fb4306585148db77138ec to remote] DEBUG org.asynchttpclient.netty.request.NettyRequestSender - Using pooled Channel '[id: 0xa0ea7aea, L:/127.0.0.1:64772 - R:localhost/127.0.0.1:63343]' for 'POST' to 'http://localhost:63343/session/e93c382c159fb4306585148db77138ec/element/70f4b1d7-4bfb-408d-a804-608302a1f9aa/click'
14:33:27.418 [Forwarding clickElement on session e93c382c159fb4306585148db77138ec to remote] DEBUG org.asynchttpclient.netty.request.NettyRequestSender - Using open Channel [id: 0xa0ea7aea, L:/127.0.0.1:64772 - R:localhost/127.0.0.1:63343] for POST '/session/e93c382c159fb4306585148db77138ec/element/70f4b1d7-4bfb-408d-a804-608302a1f9aa/click'
14:33:27.510 [AsyncHttpClient-1-1] DEBUG org.asynchttpclient.netty.channel.DefaultChannelPool - Entry count for : http://localhost:64775 : 1
14:33:27.547 [AsyncHttpClient-1-2] DEBUG org.asynchttpclient.netty.handler.HttpHandler - 

Request DefaultHttpRequest(decodeResult: success, version: HTTP/1.1)
POST /session/e93c382c159fb4306585148db77138ec/element/70f4b1d7-4bfb-408d-a804-608302a1f9aa/click HTTP/1.1
User-Agent: selenium/4.1.2 (java windows)
Content-Length: 50
Content-Type: application/json; charset=utf-8
host: localhost:63343
accept: */*

Response DefaultHttpResponse(decodeResult: success, version: HTTP/1.1)
HTTP/1.1 200 OK
Content-Type: application/json; charset=utf-8
cache-control: no-cache
content-length: 14

14:33:27.547 [AsyncHttpClient-1-2] DEBUG org.asynchttpclient.netty.channel.ChannelManager - Adding key: http://localhost:63343 for channel [id: 0xa0ea7aea, L:/127.0.0.1:64772 - R:localhost/127.0.0.1:63343]
14:33:27.554 [Forwarding findElement on session e93c382c159fb4306585148db77138ec to remote] DEBUG org.asynchttpclient.netty.request.NettyRequestSender - Using pooled Channel '[id: 0xa0ea7aea, L:/127.0.0.1:64772 - R:localhost/127.0.0.1:63343]' for 'POST' to 'http://localhost:63343/session/e93c382c159fb4306585148db77138ec/element'
14:33:27.560 [Forwarding findElement on session e93c382c159fb4306585148db77138ec to remote] DEBUG org.asynchttpclient.netty.request.NettyRequestSender - Using open Channel [id: 0xa0ea7aea, L:/127.0.0.1:64772 - R:localhost/127.0.0.1:63343] for POST '/session/e93c382c159fb4306585148db77138ec/element'
14:33:27.718 [AsyncHttpClient-1-2] DEBUG org.asynchttpclient.netty.handler.HttpHandler - 

Request DefaultHttpRequest(decodeResult: success, version: HTTP/1.1)
POST /session/e93c382c159fb4306585148db77138ec/element HTTP/1.1
User-Agent: selenium/4.1.2 (java windows)
Content-Length: 87
Content-Type: application/json; charset=utf-8
host: localhost:63343
accept: */*

Response DefaultHttpResponse(decodeResult: success, version: HTTP/1.1)
HTTP/1.1 200 OK
Content-Type: application/json; charset=utf-8
cache-control: no-cache
content-length: 88

14:33:27.718 [AsyncHttpClient-1-2] DEBUG org.asynchttpclient.netty.channel.ChannelManager - Adding key: http://localhost:63343 for channel [id: 0xa0ea7aea, L:/127.0.0.1:64772 - R:localhost/127.0.0.1:63343]
14:33:27.720 [Forwarding clearElement on session e93c382c159fb4306585148db77138ec to remote] DEBUG org.asynchttpclient.netty.request.NettyRequestSender - Using pooled Channel '[id: 0xa0ea7aea, L:/127.0.0.1:64772 - R:localhost/127.0.0.1:63343]' for 'POST' to 'http://localhost:63343/session/e93c382c159fb4306585148db77138ec/element/66e6d900-469a-40f5-88dd-9db8a7db6557/clear'
14:33:27.721 [Forwarding clearElement on session e93c382c159fb4306585148db77138ec to remote] DEBUG org.asynchttpclient.netty.request.NettyRequestSender - Using open Channel [id: 0xa0ea7aea, L:/127.0.0.1:64772 - R:localhost/127.0.0.1:63343] for POST '/session/e93c382c159fb4306585148db77138ec/element/66e6d900-469a-40f5-88dd-9db8a7db6557/clear'
14:33:27.780 [AsyncHttpClient-1-2] DEBUG org.asynchttpclient.netty.handler.HttpHandler - 

Request DefaultHttpRequest(decodeResult: success, version: HTTP/1.1)
POST /session/e93c382c159fb4306585148db77138ec/element/66e6d900-469a-40f5-88dd-9db8a7db6557/clear HTTP/1.1
User-Agent: selenium/4.1.2 (java windows)
Content-Length: 50
Content-Type: application/json; charset=utf-8
host: localhost:63343
accept: */*

Response DefaultHttpResponse(decodeResult: success, version: HTTP/1.1)
HTTP/1.1 200 OK
Content-Type: application/json; charset=utf-8
cache-control: no-cache
content-length: 14

14:33:27.780 [AsyncHttpClient-1-2] DEBUG org.asynchttpclient.netty.channel.ChannelManager - Adding key: http://localhost:63343 for channel [id: 0xa0ea7aea, L:/127.0.0.1:64772 - R:localhost/127.0.0.1:63343]
14:33:27.785 [Forwarding sendKeysToElement on session e93c382c159fb4306585148db77138ec to remote] DEBUG org.asynchttpclient.netty.request.NettyRequestSender - Using pooled Channel '[id: 0xa0ea7aea, L:/127.0.0.1:64772 - R:localhost/127.0.0.1:63343]' for 'POST' to 'http://localhost:63343/session/e93c382c159fb4306585148db77138ec/element/66e6d900-469a-40f5-88dd-9db8a7db6557/value'
14:33:27.786 [Forwarding sendKeysToElement on session e93c382c159fb4306585148db77138ec to remote] DEBUG org.asynchttpclient.netty.request.NettyRequestSender - Using open Channel [id: 0xa0ea7aea, L:/127.0.0.1:64772 - R:localhost/127.0.0.1:63343] for POST '/session/e93c382c159fb4306585148db77138ec/element/66e6d900-469a-40f5-88dd-9db8a7db6557/value'
14:33:27.982 [AsyncHttpClient-1-2] DEBUG org.asynchttpclient.netty.handler.HttpHandler - 

Request DefaultHttpRequest(decodeResult: success, version: HTTP/1.1)
POST /session/e93c382c159fb4306585148db77138ec/element/66e6d900-469a-40f5-88dd-9db8a7db6557/value HTTP/1.1
User-Agent: selenium/4.1.2 (java windows)
Content-Length: 291
Content-Type: application/json; charset=utf-8
host: localhost:63343
accept: */*

Response DefaultHttpResponse(decodeResult: success, version: HTTP/1.1)
HTTP/1.1 200 OK
Content-Type: application/json; charset=utf-8
cache-control: no-cache
content-length: 14

14:33:27.982 [AsyncHttpClient-1-2] DEBUG org.asynchttpclient.netty.channel.ChannelManager - Adding key: http://localhost:63343 for channel [id: 0xa0ea7aea, L:/127.0.0.1:64772 - R:localhost/127.0.0.1:63343]
14:33:27.988 [Forwarding findElement on session e93c382c159fb4306585148db77138ec to remote] DEBUG org.asynchttpclient.netty.request.NettyRequestSender - Using pooled Channel '[id: 0xa0ea7aea, L:/127.0.0.1:64772 - R:localhost/127.0.0.1:63343]' for 'POST' to 'http://localhost:63343/session/e93c382c159fb4306585148db77138ec/element'
14:33:27.988 [Forwarding findElement on session e93c382c159fb4306585148db77138ec to remote] DEBUG org.asynchttpclient.netty.request.NettyRequestSender - Using open Channel [id: 0xa0ea7aea, L:/127.0.0.1:64772 - R:localhost/127.0.0.1:63343] for POST '/session/e93c382c159fb4306585148db77138ec/element'
14:33:28.014 [AsyncHttpClient-1-2] DEBUG org.asynchttpclient.netty.handler.HttpHandler - 

Request DefaultHttpRequest(decodeResult: success, version: HTTP/1.1)
POST /session/e93c382c159fb4306585148db77138ec/element HTTP/1.1
User-Agent: selenium/4.1.2 (java windows)
Content-Length: 89
Content-Type: application/json; charset=utf-8
host: localhost:63343
accept: */*

Response DefaultHttpResponse(decodeResult: success, version: HTTP/1.1)
HTTP/1.1 200 OK
Content-Type: application/json; charset=utf-8
cache-control: no-cache
content-length: 88

14:33:28.014 [AsyncHttpClient-1-2] DEBUG org.asynchttpclient.netty.channel.ChannelManager - Adding key: http://localhost:63343 for channel [id: 0xa0ea7aea, L:/127.0.0.1:64772 - R:localhost/127.0.0.1:63343]
14:33:28.018 [Forwarding clearElement on session e93c382c159fb4306585148db77138ec to remote] DEBUG org.asynchttpclient.netty.request.NettyRequestSender - Using pooled Channel '[id: 0xa0ea7aea, L:/127.0.0.1:64772 - R:localhost/127.0.0.1:63343]' for 'POST' to 'http://localhost:63343/session/e93c382c159fb4306585148db77138ec/element/025f0a02-8540-4099-a545-61bdc4cf614f/clear'
14:33:28.018 [Forwarding clearElement on session e93c382c159fb4306585148db77138ec to remote] DEBUG org.asynchttpclient.netty.request.NettyRequestSender - Using open Channel [id: 0xa0ea7aea, L:/127.0.0.1:64772 - R:localhost/127.0.0.1:63343] for POST '/session/e93c382c159fb4306585148db77138ec/element/025f0a02-8540-4099-a545-61bdc4cf614f/clear'
14:33:28.060 [AsyncHttpClient-1-2] DEBUG org.asynchttpclient.netty.handler.HttpHandler - 

Request DefaultHttpRequest(decodeResult: success, version: HTTP/1.1)
POST /session/e93c382c159fb4306585148db77138ec/element/025f0a02-8540-4099-a545-61bdc4cf614f/clear HTTP/1.1
User-Agent: selenium/4.1.2 (java windows)
Content-Length: 50
Content-Type: application/json; charset=utf-8
host: localhost:63343
accept: */*

Response DefaultHttpResponse(decodeResult: success, version: HTTP/1.1)
HTTP/1.1 200 OK
Content-Type: application/json; charset=utf-8
cache-control: no-cache
content-length: 14

14:33:28.061 [AsyncHttpClient-1-2] DEBUG org.asynchttpclient.netty.channel.ChannelManager - Adding key: http://localhost:63343 for channel [id: 0xa0ea7aea, L:/127.0.0.1:64772 - R:localhost/127.0.0.1:63343]
14:33:28.063 [Forwarding sendKeysToElement on session e93c382c159fb4306585148db77138ec to remote] DEBUG org.asynchttpclient.netty.request.NettyRequestSender - Using pooled Channel '[id: 0xa0ea7aea, L:/127.0.0.1:64772 - R:localhost/127.0.0.1:63343]' for 'POST' to 'http://localhost:63343/session/e93c382c159fb4306585148db77138ec/element/025f0a02-8540-4099-a545-61bdc4cf614f/value'
14:33:28.063 [Forwarding sendKeysToElement on session e93c382c159fb4306585148db77138ec to remote] DEBUG org.asynchttpclient.netty.request.NettyRequestSender - Using open Channel [id: 0xa0ea7aea, L:/127.0.0.1:64772 - R:localhost/127.0.0.1:63343] for POST '/session/e93c382c159fb4306585148db77138ec/element/025f0a02-8540-4099-a545-61bdc4cf614f/value'
14:33:28.157 [AsyncHttpClient-1-2] DEBUG org.asynchttpclient.netty.handler.HttpHandler - 

Request DefaultHttpRequest(decodeResult: success, version: HTTP/1.1)
POST /session/e93c382c159fb4306585148db77138ec/element/025f0a02-8540-4099-a545-61bdc4cf614f/value HTTP/1.1
User-Agent: selenium/4.1.2 (java windows)
Content-Length: 181
Content-Type: application/json; charset=utf-8
host: localhost:63343
accept: */*

Response DefaultHttpResponse(decodeResult: success, version: HTTP/1.1)
HTTP/1.1 200 OK
Content-Type: application/json; charset=utf-8
cache-control: no-cache
content-length: 14

14:33:28.158 [AsyncHttpClient-1-2] DEBUG org.asynchttpclient.netty.channel.ChannelManager - Adding key: http://localhost:63343 for channel [id: 0xa0ea7aea, L:/127.0.0.1:64772 - R:localhost/127.0.0.1:63343]
14:33:28.166 [Forwarding findElement on session e93c382c159fb4306585148db77138ec to remote] DEBUG org.asynchttpclient.netty.request.NettyRequestSender - Using pooled Channel '[id: 0xa0ea7aea, L:/127.0.0.1:64772 - R:localhost/127.0.0.1:63343]' for 'POST' to 'http://localhost:63343/session/e93c382c159fb4306585148db77138ec/element'
14:33:28.167 [Forwarding findElement on session e93c382c159fb4306585148db77138ec to remote] DEBUG org.asynchttpclient.netty.request.NettyRequestSender - Using open Channel [id: 0xa0ea7aea, L:/127.0.0.1:64772 - R:localhost/127.0.0.1:63343] for POST '/session/e93c382c159fb4306585148db77138ec/element'
14:33:28.205 [AsyncHttpClient-1-2] DEBUG org.asynchttpclient.netty.handler.HttpHandler - 

Request DefaultHttpRequest(decodeResult: success, version: HTTP/1.1)
POST /session/e93c382c159fb4306585148db77138ec/element HTTP/1.1
User-Agent: selenium/4.1.2 (java windows)
Content-Length: 141
Content-Type: application/json; charset=utf-8
host: localhost:63343
accept: */*

Response DefaultHttpResponse(decodeResult: success, version: HTTP/1.1)
HTTP/1.1 200 OK
Content-Type: application/json; charset=utf-8
cache-control: no-cache
content-length: 88

14:33:28.205 [AsyncHttpClient-1-2] DEBUG org.asynchttpclient.netty.channel.ChannelManager - Adding key: http://localhost:63343 for channel [id: 0xa0ea7aea, L:/127.0.0.1:64772 - R:localhost/127.0.0.1:63343]
14:33:28.211 [Forwarding getElementTagName on session e93c382c159fb4306585148db77138ec to remote] DEBUG org.asynchttpclient.netty.request.NettyRequestSender - Using pooled Channel '[id: 0xa0ea7aea, L:/127.0.0.1:64772 - R:localhost/127.0.0.1:63343]' for 'GET' to 'http://localhost:63343/session/e93c382c159fb4306585148db77138ec/element/fe0ee0a9-45b1-4554-99d9-ad9fee602bbe/name'
14:33:28.211 [Forwarding getElementTagName on session e93c382c159fb4306585148db77138ec to remote] DEBUG org.asynchttpclient.netty.request.NettyRequestSender - Using open Channel [id: 0xa0ea7aea, L:/127.0.0.1:64772 - R:localhost/127.0.0.1:63343] for GET '/session/e93c382c159fb4306585148db77138ec/element/fe0ee0a9-45b1-4554-99d9-ad9fee602bbe/name'
14:33:28.218 [AsyncHttpClient-1-2] DEBUG org.asynchttpclient.netty.handler.HttpHandler - 

Request DefaultFullHttpRequest(decodeResult: success, version: HTTP/1.1, content: EmptyByteBufBE)
GET /session/e93c382c159fb4306585148db77138ec/element/fe0ee0a9-45b1-4554-99d9-ad9fee602bbe/name HTTP/1.1
User-Agent: selenium/4.1.2 (java windows)
Cache-Control: no-cache
Content-Type: application/json; charset=utf-8
host: localhost:63343
accept: */*

Response DefaultHttpResponse(decodeResult: success, version: HTTP/1.1)
HTTP/1.1 200 OK
Content-Type: application/json; charset=utf-8
cache-control: no-cache
content-length: 18

14:33:28.219 [AsyncHttpClient-1-2] DEBUG org.asynchttpclient.netty.channel.ChannelManager - Adding key: http://localhost:63343 for channel [id: 0xa0ea7aea, L:/127.0.0.1:64772 - R:localhost/127.0.0.1:63343]
14:33:28.224 [Forwarding getElementTagName on session e93c382c159fb4306585148db77138ec to remote] DEBUG org.asynchttpclient.netty.request.NettyRequestSender - Using pooled Channel '[id: 0xa0ea7aea, L:/127.0.0.1:64772 - R:localhost/127.0.0.1:63343]' for 'GET' to 'http://localhost:63343/session/e93c382c159fb4306585148db77138ec/element/fe0ee0a9-45b1-4554-99d9-ad9fee602bbe/name'
14:33:28.224 [Forwarding getElementTagName on session e93c382c159fb4306585148db77138ec to remote] DEBUG org.asynchttpclient.netty.request.NettyRequestSender - Using open Channel [id: 0xa0ea7aea, L:/127.0.0.1:64772 - R:localhost/127.0.0.1:63343] for GET '/session/e93c382c159fb4306585148db77138ec/element/fe0ee0a9-45b1-4554-99d9-ad9fee602bbe/name'
14:33:28.234 [AsyncHttpClient-1-2] DEBUG org.asynchttpclient.netty.handler.HttpHandler - 

Request DefaultFullHttpRequest(decodeResult: success, version: HTTP/1.1, content: EmptyByteBufBE)
GET /session/e93c382c159fb4306585148db77138ec/element/fe0ee0a9-45b1-4554-99d9-ad9fee602bbe/name HTTP/1.1
User-Agent: selenium/4.1.2 (java windows)
Cache-Control: no-cache
Content-Type: application/json; charset=utf-8
host: localhost:63343
accept: */*

Response DefaultHttpResponse(decodeResult: success, version: HTTP/1.1)
HTTP/1.1 200 OK
Content-Type: application/json; charset=utf-8
cache-control: no-cache
content-length: 18

14:33:28.235 [AsyncHttpClient-1-2] DEBUG org.asynchttpclient.netty.channel.ChannelManager - Adding key: http://localhost:63343 for channel [id: 0xa0ea7aea, L:/127.0.0.1:64772 - R:localhost/127.0.0.1:63343]
14:33:28.248 [Forwarding isElementEnabled on session e93c382c159fb4306585148db77138ec to remote] DEBUG org.asynchttpclient.netty.request.NettyRequestSender - Using pooled Channel '[id: 0xa0ea7aea, L:/127.0.0.1:64772 - R:localhost/127.0.0.1:63343]' for 'GET' to 'http://localhost:63343/session/e93c382c159fb4306585148db77138ec/element/fe0ee0a9-45b1-4554-99d9-ad9fee602bbe/enabled'
14:33:28.248 [Forwarding isElementEnabled on session e93c382c159fb4306585148db77138ec to remote] DEBUG org.asynchttpclient.netty.request.NettyRequestSender - Using open Channel [id: 0xa0ea7aea, L:/127.0.0.1:64772 - R:localhost/127.0.0.1:63343] for GET '/session/e93c382c159fb4306585148db77138ec/element/fe0ee0a9-45b1-4554-99d9-ad9fee602bbe/enabled'
14:33:28.262 [AsyncHttpClient-1-2] DEBUG org.asynchttpclient.netty.handler.HttpHandler - 

Request DefaultFullHttpRequest(decodeResult: success, version: HTTP/1.1, content: EmptyByteBufBE)
GET /session/e93c382c159fb4306585148db77138ec/element/fe0ee0a9-45b1-4554-99d9-ad9fee602bbe/enabled HTTP/1.1
User-Agent: selenium/4.1.2 (java windows)
Cache-Control: no-cache
Content-Type: application/json; charset=utf-8
host: localhost:63343
accept: */*

Response DefaultHttpResponse(decodeResult: success, version: HTTP/1.1)
HTTP/1.1 200 OK
Content-Type: application/json; charset=utf-8
cache-control: no-cache
content-length: 14

14:33:28.263 [AsyncHttpClient-1-2] DEBUG org.asynchttpclient.netty.channel.ChannelManager - Adding key: http://localhost:63343 for channel [id: 0xa0ea7aea, L:/127.0.0.1:64772 - R:localhost/127.0.0.1:63343]
14:33:28.270 [Forwarding isElementEnabled on session e93c382c159fb4306585148db77138ec to remote] DEBUG org.asynchttpclient.netty.request.NettyRequestSender - Using pooled Channel '[id: 0xa0ea7aea, L:/127.0.0.1:64772 - R:localhost/127.0.0.1:63343]' for 'GET' to 'http://localhost:63343/session/e93c382c159fb4306585148db77138ec/element/fe0ee0a9-45b1-4554-99d9-ad9fee602bbe/enabled'
14:33:28.270 [Forwarding isElementEnabled on session e93c382c159fb4306585148db77138ec to remote] DEBUG org.asynchttpclient.netty.request.NettyRequestSender - Using open Channel [id: 0xa0ea7aea, L:/127.0.0.1:64772 - R:localhost/127.0.0.1:63343] for GET '/session/e93c382c159fb4306585148db77138ec/element/fe0ee0a9-45b1-4554-99d9-ad9fee602bbe/enabled'
14:33:28.286 [AsyncHttpClient-1-2] DEBUG org.asynchttpclient.netty.handler.HttpHandler - 

Request DefaultFullHttpRequest(decodeResult: success, version: HTTP/1.1, content: EmptyByteBufBE)
GET /session/e93c382c159fb4306585148db77138ec/element/fe0ee0a9-45b1-4554-99d9-ad9fee602bbe/enabled HTTP/1.1
User-Agent: selenium/4.1.2 (java windows)
Cache-Control: no-cache
Content-Type: application/json; charset=utf-8
host: localhost:63343
accept: */*

Response DefaultHttpResponse(decodeResult: success, version: HTTP/1.1)
HTTP/1.1 200 OK
Content-Type: application/json; charset=utf-8
cache-control: no-cache
content-length: 14

14:33:28.287 [AsyncHttpClient-1-2] DEBUG org.asynchttpclient.netty.channel.ChannelManager - Adding key: http://localhost:63343 for channel [id: 0xa0ea7aea, L:/127.0.0.1:64772 - R:localhost/127.0.0.1:63343]
14:33:28.293 [Forwarding findElement on session e93c382c159fb4306585148db77138ec to remote] DEBUG org.asynchttpclient.netty.request.NettyRequestSender - Using pooled Channel '[id: 0xa0ea7aea, L:/127.0.0.1:64772 - R:localhost/127.0.0.1:63343]' for 'POST' to 'http://localhost:63343/session/e93c382c159fb4306585148db77138ec/element'
14:33:28.294 [Forwarding findElement on session e93c382c159fb4306585148db77138ec to remote] DEBUG org.asynchttpclient.netty.request.NettyRequestSender - Using open Channel [id: 0xa0ea7aea, L:/127.0.0.1:64772 - R:localhost/127.0.0.1:63343] for POST '/session/e93c382c159fb4306585148db77138ec/element'
14:33:28.316 [AsyncHttpClient-1-2] DEBUG org.asynchttpclient.netty.handler.HttpHandler - 

Request DefaultHttpRequest(decodeResult: success, version: HTTP/1.1)
POST /session/e93c382c159fb4306585148db77138ec/element HTTP/1.1
User-Agent: selenium/4.1.2 (java windows)
Content-Length: 141
Content-Type: application/json; charset=utf-8
host: localhost:63343
accept: */*

Response DefaultHttpResponse(decodeResult: success, version: HTTP/1.1)
HTTP/1.1 200 OK
Content-Type: application/json; charset=utf-8
cache-control: no-cache
content-length: 88

14:33:28.316 [AsyncHttpClient-1-2] DEBUG org.asynchttpclient.netty.channel.ChannelManager - Adding key: http://localhost:63343 for channel [id: 0xa0ea7aea, L:/127.0.0.1:64772 - R:localhost/127.0.0.1:63343]
14:33:28.326 [Forwarding clickElement on session e93c382c159fb4306585148db77138ec to remote] DEBUG org.asynchttpclient.netty.request.NettyRequestSender - Using pooled Channel '[id: 0xa0ea7aea, L:/127.0.0.1:64772 - R:localhost/127.0.0.1:63343]' for 'POST' to 'http://localhost:63343/session/e93c382c159fb4306585148db77138ec/element/fe0ee0a9-45b1-4554-99d9-ad9fee602bbe/click'
14:33:28.327 [Forwarding clickElement on session e93c382c159fb4306585148db77138ec to remote] DEBUG org.asynchttpclient.netty.request.NettyRequestSender - Using open Channel [id: 0xa0ea7aea, L:/127.0.0.1:64772 - R:localhost/127.0.0.1:63343] for POST '/session/e93c382c159fb4306585148db77138ec/element/fe0ee0a9-45b1-4554-99d9-ad9fee602bbe/click'
14:33:28.436 [AsyncHttpClient-1-2] DEBUG org.asynchttpclient.netty.handler.HttpHandler - 

Request DefaultHttpRequest(decodeResult: success, version: HTTP/1.1)
POST /session/e93c382c159fb4306585148db77138ec/element/fe0ee0a9-45b1-4554-99d9-ad9fee602bbe/click HTTP/1.1
User-Agent: selenium/4.1.2 (java windows)
Content-Length: 50
Content-Type: application/json; charset=utf-8
host: localhost:63343
accept: */*

Response DefaultHttpResponse(decodeResult: success, version: HTTP/1.1)
HTTP/1.1 200 OK
Content-Type: application/json; charset=utf-8
cache-control: no-cache
content-length: 14

14:33:28.436 [AsyncHttpClient-1-2] DEBUG org.asynchttpclient.netty.channel.ChannelManager - Adding key: http://localhost:63343 for channel [id: 0xa0ea7aea, L:/127.0.0.1:64772 - R:localhost/127.0.0.1:63343]
  &amp#27;[32mAnd &amp#27;[0m&amp#27;[32mI have login&amp#27;[0m                          &amp#27;[90m# starter.steps.LogoutStep.iHaveLogin()&amp#27;[0m
14:33:28.459 [Forwarding screenshot on session e93c382c159fb4306585148db77138ec to remote] DEBUG org.asynchttpclient.netty.request.NettyRequestSender - Using pooled Channel '[id: 0xa0ea7aea, L:/127.0.0.1:64772 - R:localhost/127.0.0.1:63343]' for 'GET' to 'http://localhost:63343/session/e93c382c159fb4306585148db77138ec/screenshot'
[...]
14:33:33.738 [Forwarding clickElement on session e93c382c159fb4306585148db77138ec to remote] DEBUG org.asynchttpclient.netty.request.NettyRequestSender - Using open Channel [id: 0xa0ea7aea, L:/127.0.0.1:64772 - R:localhost/127.0.0.1:63343] for POST '/session/e93c382c159fb4306585148db77138ec/element/429897fe-ee15-4a41-9e21-b552e0cb89ab/click'
14:33:33.837 [AsyncHttpClient-1-2] DEBUG org.asynchttpclient.netty.handler.HttpHandler - 

Request DefaultHttpRequest(decodeResult: success, version: HTTP/1.1)
POST /session/e93c382c159fb4306585148db77138ec/element/429897fe-ee15-4a41-9e21-b552e0cb89ab/click HTTP/1.1
User-Agent: selenium/4.1.2 (java windows)
Content-Length: 50
Content-Type: application/json; charset=utf-8
host: localhost:63343
accept: */*

Response DefaultHttpResponse(decodeResult: success, version: HTTP/1.1)
HTTP/1.1 200 OK
Content-Type: application/json; charset=utf-8
cache-control: no-cache
content-length: 14

14:33:33.837 [AsyncHttpClient-1-2] DEBUG org.asynchttpclient.netty.channel.ChannelManager - Adding key: http://localhost:63343 for channel [id: 0xa0ea7aea, L:/127.0.0.1:64772 - R:localhost/127.0.0.1:63343]
  &amp#27;[32mWhen &amp#27;[0m&amp#27;[32mI click detail button&amp#27;[0m                &amp#27;[90m# starter.steps.DetailStep.iClickDetailButton()&amp#27;[0m
14:33:33.860 [Forwarding screenshot on session e93c382c159fb4306585148db77138ec to remote] DEBUG org.asynchttpclient.netty.request.NettyRequestSender - Using pooled Channel '[id: 0xa0ea7aea, L:/127.0.0.1:64772 - R:localhost/127.0.0.1:63343]' for 'GET' to 'http://localhost:63343/session/e93c382c159fb4306585148db77138ec/screenshot'
14:33:33.860 [Forwarding screenshot on session e93c382c159fb4306585148db77138ec to remote] DEBUG org.asynchttpclient.netty.request.NettyRequestSender - Using open Channel [id: 0xa0ea7aea, L:/127.0.0.1:64772 - R:localhost/127.0.0.1:63343] for GET '/session/e93c382c159fb4306585148db77138ec/screenshot'
14:33:34.113 [AsyncHttpClient-1-1] DEBUG org.asynchttpclient.netty.channel.DefaultChannelPool - Entry count for : http://localhost:64775 : 1
14:33:34.122 [AsyncHttpClient-1-2] DEBUG org.asynchttpclient.netty.handler.HttpHandler - 

Request DefaultFullHttpRequest(decodeResult: success, version: HTTP/1.1, content: EmptyByteBufBE)
GET /session/e93c382c159fb4306585148db77138ec/screenshot HTTP/1.1
User-Agent: selenium/4.1.2 (java windows)
Cache-Control: no-cache
Content-Type: application/json; charset=utf-8
host: localhost:63343
accept: */*

Response DefaultHttpResponse(decodeResult: success, version: HTTP/1.1)
HTTP/1.1 200 OK
Content-Type: application/json; charset=utf-8
cache-control: no-cache
content-length: 20688

14:33:34.124 [AsyncHttpClient-1-2] DEBUG org.asynchttpclient.netty.channel.ChannelManager - Adding key: http://localhost:63343 for channel [id: 0xa0ea7aea, L:/127.0.0.1:64772 - R:localhost/127.0.0.1:63343]
14:33:34.129 [main] DEBUG net.serenitybdd.core.photography.Darkroom - Send negative for processing for target\site\serenity\516da202a34c147ff7cdee1e596e9a940d34368c3cb5c702d421dc63be268ce1.png
14:33:34.135 [Darkroom Processing Line] DEBUG net.serenitybdd.core.photography.DarkroomProcessingLine - Processing screenshot image in /var/screenshots/screenshot-12826709072089297529
14:33:34.135 [Darkroom Processing Line] DEBUG net.serenitybdd.core.photography.DarkroomProcessingLine - Saving screenshot to target\site\serenity\516da202a34c147ff7cdee1e596e9a940d34368c3cb5c702d421dc63be268ce1.png
14:33:34.154 [Forwarding findElement on session e93c382c159fb4306585148db77138ec to remote] DEBUG org.asynchttpclient.netty.request.NettyRequestSender - Using pooled Channel '[id: 0xa0ea7aea, L:/127.0.0.1:64772 - R:localhost/127.0.0.1:63343]' for 'POST' to 'http://localhost:63343/session/e93c382c159fb4306585148db77138ec/element'
14:33:34.155 [Forwarding findElement on session e93c382c159fb4306585148db77138ec to remote] DEBUG org.asynchttpclient.netty.request.NettyRequestSender - Using open Channel [id: 0xa0ea7aea, L:/127.0.0.1:64772 - R:localhost/127.0.0.1:63343] for POST '/session/e93c382c159fb4306585148db77138ec/element'
14:33:34.689 [AsyncHttpClient-1-2] DEBUG org.asynchttpclient.netty.handler.HttpHandler - 

Request DefaultHttpRequest(decodeResult: success, version: HTTP/1.1)
POST /session/e93c382c159fb4306585148db77138ec/element HTTP/1.1
User-Agent: selenium/4.1.2 (java windows)
Content-Length: 75
Content-Type: application/json; charset=utf-8
host: localhost:63343
accept: */*

Response DefaultHttpResponse(decodeResult: success, version: HTTP/1.1)
HTTP/1.1 200 OK
Content-Type: application/json; charset=utf-8
cache-control: no-cache
content-length: 88

14:33:34.690 [AsyncHttpClient-1-2] DEBUG org.asynchttpclient.netty.channel.ChannelManager - Adding key: http://localhost:63343 for channel [id: 0xa0ea7aea, L:/127.0.0.1:64772 - R:localhost/127.0.0.1:63343]
14:33:34.700 [Forwarding isElementDisplayed on session e93c382c159fb4306585148db77138ec to remote] DEBUG org.asynchttpclient.netty.request.NettyRequestSender - Using pooled Channel '[id: 0xa0ea7aea, L:/127.0.0.1:64772 - R:localhost/127.0.0.1:63343]' for 'POST' to 'http://localhost:63343/session/e93c382c159fb4306585148db77138ec/execute/sync'
14:33:34.700 [Forwarding isElementDisplayed on session e93c382c159fb4306585148db77138ec to remote] DEBUG org.asynchttpclient.netty.request.NettyRequestSender - Using open Channel [id: 0xa0ea7aea, L:/127.0.0.1:64772 - R:localhost/127.0.0.1:63343] for POST '/session/e93c382c159fb4306585148db77138ec/execute/sync'
14:33:34.737 [AsyncHttpClient-1-2] DEBUG org.asynchttpclient.netty.handler.HttpHandler - 

Request DefaultHttpRequest(decodeResult: success, version: HTTP/1.1)
POST /session/e93c382c159fb4306585148db77138ec/execute/sync HTTP/1.1
User-Agent: selenium/4.1.2 (java windows)
Content-Length: 48780
Content-Type: application/json; charset=utf-8
host: localhost:63343
accept: */*

Response DefaultHttpResponse(decodeResult: success, version: HTTP/1.1)
HTTP/1.1 200 OK
Content-Type: application/json; charset=utf-8
cache-control: no-cache
content-length: 14

14:33:34.737 [AsyncHttpClient-1-2] DEBUG org.asynchttpclient.netty.channel.ChannelManager - Adding key: http://localhost:63343 for channel [id: 0xa0ea7aea, L:/127.0.0.1:64772 - R:localhost/127.0.0.1:63343]
  &amp#27;[32mThen &amp#27;[0m&amp#27;[32mI go to detail product&amp#27;[0m               &amp#27;[90m# starter.steps.DetailStep.iGoToDetailProduct()&amp#27;[0m
14:33:34.747 [Forwarding screenshot on session e93c382c159fb4306585148db77138ec to remote] DEBUG org.asynchttpclient.netty.request.NettyRequestSender - Using pooled Channel '[id: 0xa0ea7aea, L:/127.0.0.1:64772 - R:localhost/127.0.0.1:63343]' for 'GET' to 'http://localhost:63343/session/e93c382c159fb4306585148db77138ec/screenshot'
14:33:34.747 [Forwarding screenshot on session e93c382c159fb4306585148db77138ec to remote] DEBUG org.asynchttpclient.netty.request.NettyRequestSender - Using open Channel [id: 0xa0ea7aea, L:/127.0.0.1:64772 - R:localhost/127.0.0.1:63343] for GET '/session/e93c382c159fb4306585148db77138ec/screenshot'
14:33:34.875 [AsyncHttpClient-1-2] DEBUG org.asynchttpclient.netty.handler.HttpHandler - 

Request DefaultFullHttpRequest(decodeResult: success, version: HTTP/1.1, content: EmptyByteBufBE)
GET /session/e93c382c159fb4306585148db77138ec/screenshot HTTP/1.1
User-Agent: selenium/4.1.2 (java windows)
Cache-Control: no-cache
Content-Type: application/json; charset=utf-8
host: localhost:63343
accept: */*

Response DefaultHttpResponse(decodeResult: success, version: HTTP/1.1)
HTTP/1.1 200 OK
Content-Type: application/json; charset=utf-8
cache-control: no-cache
content-length: 35868

14:33:34.877 [AsyncHttpClient-1-2] DEBUG org.asynchttpclient.netty.channel.ChannelManager - Adding key: http://localhost:63343 for channel [id: 0xa0ea7aea, L:/127.0.0.1:64772 - R:localhost/127.0.0.1:63343]
14:33:34.881 [main] DEBUG net.serenitybdd.core.photography.Darkroom - Send negative for processing for target\site\serenity\ab8becb7dbf68d484de1d0cd7b44fa01a5e556bbcac0cc5af6ae31bfd481c937.png
14:33:34.882 [Darkroom Processing Line] DEBUG net.serenitybdd.core.photography.DarkroomProcessingLine - Processing screenshot image in /var/screenshots/screenshot-14910491108563591841
14:33:34.883 [Darkroom Processing Line] DEBUG net.serenitybdd.core.photography.DarkroomProcessingLine - Saving screenshot to target\site\serenity\ab8becb7dbf68d484de1d0cd7b44fa01a5e556bbcac0cc5af6ae31bfd481c937.png
14:33:34.888 [main] INFO  - 
  _____   ___   ___   _____     ___     _     ___   ___   ___   ___  
 |_   _| | __| / __| |_   _|   | _ \   /_\   / __| / __| | __| |   \ 
   | |   | _|  \__ \   | |     |  _/  / _ \  \__ \ \__ \ | _|  | |) |
   |_|   |___| |___/   |_|     |_|   /_/ \_\ |___/ |___/ |___| |___/ 

I click button detail after login
----------------------------------------------------------------------
14:33:35.056 [Driver Command Executor] DEBUG org.asynchttpclient.netty.request.NettyRequestSender - Using pooled Channel '[id: 0xa0ea7aea, L:/127.0.0.1:64772 - R:localhost/127.0.0.1:63343]' for 'DELETE' to 'http://localhost:63343/session/e93c382c159fb4306585148db77138ec'
14:33:35.057 [Driver Command Executor] DEBUG org.asynchttpclient.netty.request.NettyRequestSender - Using open Channel [id: 0xa0ea7aea, L:/127.0.0.1:64772 - R:localhost/127.0.0.1:63343] for DELETE '/session/e93c382c159fb4306585148db77138ec'
14:33:35.059 [AsyncHttpClient-1-4] DEBUG org.asynchttpclient.netty.handler.WebSocketHandler - Channel Closed: [id: 0xc241c550, L:/127.0.0.1:64783 ! R:localhost/127.0.0.1:64775] with attribute NettyResponseFuture{currentRetry=5,
	isDone=1,
	isCancelled=0,
	asyncHandler=org.asynchttpclient.ws.WebSocketUpgradeHandler@59c45df,
	nettyRequest=org.asynchttpclient.netty.request.NettyRequest@1f4abed4,
	future=java.util.concurrent.CompletableFuture@2cf124ae[Completed normally],
	uri=ws://localhost:64775/devtools/browser/90ebcb80-5022-4d14-a9dc-a714747d3b91,
	keepAlive=true,
	redirectCount=0,
	timeoutsHolder=null,
	inAuth=0,
	touch=1667979202457}
14:33:35.060 [AsyncHttpClient-1-4] DEBUG org.asynchttpclient.netty.channel.ChannelManager - Closing Channel [id: 0xc241c550, L:/127.0.0.1:64783 ! R:localhost/127.0.0.1:64775] 
14:33:35.209 [AsyncHttpClient-1-1] DEBUG org.asynchttpclient.netty.channel.DefaultChannelPool - Entry count for : http://localhost:64775 : 1
14:33:35.623 [AsyncHttpClient-1-3] DEBUG org.asynchttpclient.netty.handler.HttpHandler - Unexpected I/O exception on channel [id: 0x6ae089f1, L:/127.0.0.1:64782 - R:localhost/127.0.0.1:64775]
java.io.IOException: An existing connection was forcibly closed by the remote host
	at java.base/sun.nio.ch.SocketDispatcher.read0(Native Method)
	at java.base/sun.nio.ch.SocketDispatcher.read(SocketDispatcher.java:43)
	at java.base/sun.nio.ch.IOUtil.readIntoNativeBuffer(IOUtil.java:276)
	at java.base/sun.nio.ch.IOUtil.read(IOUtil.java:233)
	at java.base/sun.nio.ch.IOUtil.read(IOUtil.java:223)
	at java.base/sun.nio.ch.SocketChannelImpl.read(SocketChannelImpl.java:358)
	at io.netty.buffer.PooledByteBuf.setBytes(PooledByteBuf.java:258)
	at io.netty.buffer.AbstractByteBuf.writeBytes(AbstractByteBuf.java:1132)
	at io.netty.channel.socket.nio.NioSocketChannel.doReadBytes(NioSocketChannel.java:350)
	at io.netty.channel.nio.AbstractNioByteChannel$NioByteUnsafe.read(AbstractNioByteChannel.java:151)
	at io.netty.channel.nio.NioEventLoop.processSelectedKey(NioEventLoop.java:722)
	at io.netty.channel.nio.NioEventLoop.processSelectedKeysOptimized(NioEventLoop.java:658)
	at io.netty.channel.nio.NioEventLoop.processSelectedKeys(NioEventLoop.java:584)
	at io.netty.channel.nio.NioEventLoop.run(NioEventLoop.java:496)
	at io.netty.util.concurrent.SingleThreadEventExecutor$4.run(SingleThreadEventExecutor.java:986)
	at io.netty.util.internal.ThreadExecutorMap$2.run(ThreadExecutorMap.java:74)
	at io.netty.util.concurrent.FastThreadLocalRunnable.run(FastThreadLocalRunnable.java:30)
	at java.base/java.lang.Thread.run(Thread.java:834)
14:33:35.623 [AsyncHttpClient-1-3] DEBUG org.asynchttpclient.netty.channel.ChannelManager - Closing Channel [id: 0x6ae089f1, L:/127.0.0.1:64782 - R:localhost/127.0.0.1:64775] 
14:33:35.626 [AsyncHttpClient-1-3] DEBUG org.asynchttpclient.netty.handler.HttpHandler - Channel Closed: [id: 0x6ae089f1, L:/127.0.0.1:64782 ! R:localhost/127.0.0.1:64775] with attribute DISCARD
14:33:35.701 [AsyncHttpClient-1-2] DEBUG org.asynchttpclient.netty.handler.HttpHandler - 

Request DefaultFullHttpRequest(decodeResult: success, version: HTTP/1.1, content: EmptyByteBufBE)
DELETE /session/e93c382c159fb4306585148db77138ec HTTP/1.1
User-Agent: selenium/4.1.2 (java windows)
Content-Type: application/json; charset=utf-8
host: localhost:63343
accept: */*

Response DefaultHttpResponse(decodeResult: success, version: HTTP/1.1)
HTTP/1.1 200 OK
Content-Type: application/json; charset=utf-8
cache-control: no-cache
content-length: 14

14:33:35.701 [AsyncHttpClient-1-2] DEBUG org.asynchttpclient.netty.channel.ChannelManager - Adding key: http://localhost:63343 for channel [id: 0xa0ea7aea, L:/127.0.0.1:64772 - R:localhost/127.0.0.1:63343]
14:33:35.763 [AsyncHttpClient-1-2] DEBUG org.asynchttpclient.netty.handler.HttpHandler - Channel Closed: [id: 0xa0ea7aea, L:/127.0.0.1:64772 ! R:localhost/127.0.0.1:63343] with attribute DISCARD
]]></system-out>
    <system-err><![CDATA[Starting ChromeDriver 106.0.5249.61 (511755355844955cd3e264779baf0dd38212a4d0-refs/branch-heads/5249@{#569}) on port 63343
Only local connections are allowed.
Please see https://chromedriver.chromium.org/security-considerations for suggestions on keeping ChromeDriver safe.
ChromeDriver was started successfully.
[1667979201.955][WARNING]: This version of ChromeDriver has not been tested with Chrome version 107.
Nov 09, 2022 2:33:22 PM org.openqa.selenium.remote.ProtocolHandshake createSession
INFO: Detected dialect: W3C
Nov 09, 2022 2:33:22 PM org.openqa.selenium.devtools.CdpVersionFinder findNearestMatch
WARNING: Unable to find an exact match for CDP version 107, so returning the closest version found: a no-op implementation
Nov 09, 2022 2:33:22 PM org.openqa.selenium.devtools.CdpVersionFinder findNearestMatch
INFO: Unable to find CDP implementation matching 107.
Nov 09, 2022 2:33:22 PM org.openqa.selenium.chromium.ChromiumDriver lambda$new$3
WARNING: Unable to find version of CDP to use for . You may need to include a dependency on a specific version of the CDP using something similar to `org.seleniumhq.selenium:selenium-devtools-v86:4.1.2` where the version ("v86") matches the version of the chromium-based browser you're using and the version number of the artifact is the same as Selenium's.
]]></system-err>
  </testcase>
  <testcase name="give 4 star after login" classname="Page Home" time="0.641">
    <system-out><![CDATA[
@Detail
Scenario: give 4 star after login &amp#27;[90m# src/test/resources/features/login/Detail.feature:13&amp#27;[0m
14:33:35.911 [main] INFO io.cucumber.core.plugin.SerenityReporter - Running feature from file:///D:/TIC/Kampus%20Merdeka/MSIB/Studi%20Independen/Alterra/MiniProject/MiniProjWeb/src/test/resources/features/login/Detail.feature
14:33:35.915 [main] INFO  - 
  _____   ___   ___   _____     ___   _____     _     ___   _____   ___   ___  
 |_   _| | __| / __| |_   _|   / __| |_   _|   /_\   | _ \ |_   _| | __| |   \ 
   | |   | _|  \__ \   | |     \__ \   | |    / _ \  |   /   | |   | _|  | |) |
   |_|   |___| |___/   |_|     |___/   |_|   /_/ \_\ |_|_\   |_|   |___| |___/ 

give 4 star after login(page-home;give-4-star-after-login)
--------------------------------------------------------------------------------
  &amp#27;[32mGiven &amp#27;[0m&amp#27;[32mI go to detail product&amp#27;[0m    &amp#27;[90m# starter.steps.DetailStep.iGoToDetailProduct()&amp#27;[0m
  &amp#27;[32mAnd &amp#27;[0m&amp#27;[32mI have login&amp#27;[0m                &amp#27;[90m# starter.steps.LogoutStep.iHaveLogin()&amp#27;[0m
  &amp#27;[32mWhen &amp#27;[0m&amp#27;[32mI click 4 star&amp#27;[0m             &amp#27;[90m# starter.steps.DetailStep.iClick4Star()&amp#27;[0m
  &amp#27;[32mThen &amp#27;[0m&amp#27;[32mI can see 4 star&amp#27;[0m           &amp#27;[90m# starter.steps.DetailStep.iCanSee4Star()&amp#27;[0m
14:33:36.536 [main] INFO  - 
  _____   ___   ___   _____     ___     _     ___   ___   ___   ___  
 |_   _| | __| / __| |_   _|   | _ \   /_\   / __| / __| | __| |   \ 
   | |   | _|  \__ \   | |     |  _/  / _ \  \__ \ \__ \ | _|  | |) |
   |_|   |___| |___/   |_|     |_|   /_/ \_\ |___/ |___/ |___| |___/ 

give 4 star after login
----------------------------------------------------------------------
]]></system-out>
  </testcase>
  <testcase name="give 4 star before login" classname="Page Home" time="0.262">
    <system-out><![CDATA[
@Detail
Scenario: give 4 star before login &amp#27;[90m# src/test/resources/features/login/Detail.feature:19&amp#27;[0m
14:33:36.551 [main] INFO io.cucumber.core.plugin.SerenityReporter - Running feature from file:///D:/TIC/Kampus%20Merdeka/MSIB/Studi%20Independen/Alterra/MiniProject/MiniProjWeb/src/test/resources/features/login/Detail.feature
14:33:36.554 [main] INFO  - 
  _____   ___   ___   _____     ___   _____     _     ___   _____   ___   ___  
 |_   _| | __| / __| |_   _|   / __| |_   _|   /_\   | _ \ |_   _| | __| |   \ 
   | |   | _|  \__ \   | |     \__ \   | |    / _ \  |   /   | |   | _|  | |) |
   |_|   |___| |___/   |_|     |___/   |_|   /_/ \_\ |_|_\   |_|   |___| |___/ 

give 4 star before login(page-home;give-4-star-before-login)
--------------------------------------------------------------------------------
14:33:36.580 [AsyncHttpClient-1-1] DEBUG org.asynchttpclient.netty.channel.DefaultChannelPool - Entry count for : http://localhost:63343 : 1
14:33:36.706 [AsyncHttpClient-1-1] DEBUG org.asynchttpclient.netty.channel.DefaultChannelPool - Entry count for : http://localhost:64775 : 1
14:33:36.706 [AsyncHttpClient-1-1] DEBUG org.asynchttpclient.netty.channel.DefaultChannelPool - Adding Candidate expired Channel [id: 0xa0ea7aea, L:/127.0.0.1:64772 ! R:localhost/127.0.0.1:63343] isIdleTimeoutExpired=false isRemotelyClosed=true isTtlExpired=false
14:33:36.706 [AsyncHttpClient-1-1] DEBUG org.asynchttpclient.netty.channel.DefaultChannelPool - Closing Idle Channel [id: 0xa0ea7aea, L:/127.0.0.1:64772 ! R:localhost/127.0.0.1:63343]
14:33:36.706 [AsyncHttpClient-1-1] DEBUG org.asynchttpclient.netty.channel.DefaultChannelPool - Adding Candidate expired Channel [id: 0x6ae089f1, L:/127.0.0.1:64782 ! R:localhost/127.0.0.1:64775] isIdleTimeoutExpired=false isRemotelyClosed=true isTtlExpired=false
14:33:36.707 [AsyncHttpClient-1-1] DEBUG org.asynchttpclient.netty.channel.DefaultChannelPool - Closing Idle Channel [id: 0x6ae089f1, L:/127.0.0.1:64782 ! R:localhost/127.0.0.1:64775]
14:33:36.707 [AsyncHttpClient-1-1] DEBUG org.asynchttpclient.netty.channel.DefaultChannelPool - Closed 2 connections out of 2 in 1 ms
  &amp#27;[32mGiven &amp#27;[0m&amp#27;[32mI go to detail product&amp#27;[0m     &amp#27;[90m# starter.steps.DetailStep.iGoToDetailProduct()&amp#27;[0m
  &amp#27;[32mWhen &amp#27;[0m&amp#27;[32mI click 4 star&amp#27;[0m              &amp#27;[90m# starter.steps.DetailStep.iClick4Star()&amp#27;[0m
  &amp#27;[32mThen &amp#27;[0m&amp#27;[32mI can see 4 star&amp#27;[0m            &amp#27;[90m# starter.steps.DetailStep.iCanSee4Star()&amp#27;[0m
14:33:36.793 [main] INFO  - 
  _____   ___   ___   _____     ___     _     ___   ___   ___   ___  
 |_   _| | __| / __| |_   _|   | _ \   /_\   / __| / __| | __| |   \ 
   | |   | _|  \__ \   | |     |  _/  / _ \  \__ \ \__ \ | _|  | |) |
   |_|   |___| |___/   |_|     |_|   /_/ \_\ |___/ |___/ |___| |___/ 

give 4 star before login
----------------------------------------------------------------------
]]></system-out>
  </testcase>
</testsuite>