<?xml version="1.0" encoding="UTF-8" standalone="no"?><testsuite errors="0" failures="1" name="Transaksi" skipped="0" tests="1" time="359.03" timestamp="2022-10-31 08:08:03"><testcase name=""><failure message="Expected enabled element was not enabled&#10;Build info: version: '4.1.2', revision: '9a5a329c5a'&#10;System info: host: 'MYLNAP', ip: '192.168.110.45', os.name: 'Windows 11', os.arch: 'amd64', os.version: '10.0', java.version: '11.0.16'&#10;Driver info: driver.version: unknown" type="net.thucydides.core.webdriver.exceptions.ElementShouldBeEnabledException">Expected enabled element was not enabled
Build info: version: '4.1.2', revision: '9a5a329c5a'
System info: host: 'MYLNAP', ip: '192.168.110.45', os.name: 'Windows 11', os.arch: 'amd64', os.version: '10.0', java.version: '11.0.16'
Driver info: driver.version: unknown</failure><system-err>Expected enabled element was not enabled
Build info: version: '4.1.2', revision: '9a5a329c5a'
System info: host: 'MYLNAP', ip: '192.168.110.45', os.name: 'Windows 11', os.arch: 'amd64', os.version: '10.0', java.version: '11.0.16'
Driver info: driver.version: unknown&#13;
MiniProjWeb@1.0-SNAPSHOT/starter.pages.BeliPage.buttonBeli1(BeliPage.java:34)&#13;
MiniProjWeb@1.0-SNAPSHOT/starter.steps.BeliStep.iClickBeliButtonProduct1(BeliStep.java:15)&#13;
✽.I click beli button product 1(file:///D:/TIC/Kampus%20Merdeka/MSIB/Studi%20Independen/Alterra/MiniProject/MiniProjWeb/src/test/resources/features/login/transaction.feature:13)&#13;
</system-err></testcase></testsuite>