<?xml version="1.0" encoding="UTF-8" standalone="no"?><testsuite errors="1" failures="0" name="Page Home" skipped="0" tests="2" time="126.41" timestamp="2022-10-31 07:33:43"><testcase name="I click button detail after login"><error message="element not interactable&#10;  (Session info: chrome=106.0.5249.121)&#10;Build info: version: '4.1.2', revision: '9a5a329c5a'&#10;System info: host: 'MYLNAP', ip: '192.168.110.45', os.name: 'Windows 11', os.arch: 'amd64', os.version: '10.0', java.version: '11.0.16'&#10;Driver info: org.openqa.selenium.chrome.ChromeDriver&#10;Command: [04dba83287dde6da08fa7059302878b9, clickElement {id=23335068-83cf-404e-ada3-3660e4266ac4}]&#10;Capabilities {acceptInsecureCerts: false, browserName: chrome, browserVersion: 106.0.5249.121, chrome: {chromedriverVersion: 106.0.5249.61 (511755355844..., userDataDir: C:\Users\user\AppData\Local...}, goog:chromeOptions: {debuggerAddress: localhost:53860}, javascriptEnabled: true, networkConnectionEnabled: false, pageLoadStrategy: normal, platform: WINDOWS, platformName: WINDOWS, proxy: Proxy(), se:cdp: ws://localhost:53860/devtoo..., se:cdpVersion: 106.0.5249.121, setWindowRect: true, strictFileInteractability: false, timeouts: {implicit: 0, pageLoad: 300000, script: 30000}, unhandledPromptBehavior: dismiss and notify, webauthn:extension:credBlob: true, webauthn:extension:largeBlob: true, webauthn:virtualAuthenticators: true}&#10;Element: [[ChromeDriver: chrome on WINDOWS (04dba83287dde6da08fa7059302878b9)] -&gt; xpath: //button//i[contains(@class, 'sign-in')]]&#10;Session ID: 04dba83287dde6da08fa7059302878b9&#10;Build info: version: '4.1.2', revision: '9a5a329c5a'&#10;System info: host: 'MYLNAP', ip: '192.168.110.45', os.name: 'Windows 11', os.arch: 'amd64', os.version: '10.0', java.version: '11.0.16'&#10;Driver info: driver.version: unknown" type="org.openqa.selenium.ElementNotInteractableException">element not interactable
  (Session info: chrome=106.0.5249.121)
Build info: version: '4.1.2', revision: '9a5a329c5a'
System info: host: 'MYLNAP', ip: '192.168.110.45', os.name: 'Windows 11', os.arch: 'amd64', os.version: '10.0', java.version: '11.0.16'
Driver info: org.openqa.selenium.chrome.ChromeDriver
Command: [04dba83287dde6da08fa7059302878b9, clickElement {id=23335068-83cf-404e-ada3-3660e4266ac4}]
Capabilities {acceptInsecureCerts: false, browserName: chrome, browserVersion: 106.0.5249.121, chrome: {chromedriverVersion: 106.0.5249.61 (511755355844..., userDataDir: C:\Users\user\AppData\Local...}, goog:chromeOptions: {debuggerAddress: localhost:53860}, javascriptEnabled: true, networkConnectionEnabled: false, pageLoadStrategy: normal, platform: WINDOWS, platformName: WINDOWS, proxy: Proxy(), se:cdp: ws://localhost:53860/devtoo..., se:cdpVersion: 106.0.5249.121, setWindowRect: true, strictFileInteractability: false, timeouts: {implicit: 0, pageLoad: 300000, script: 30000}, unhandledPromptBehavior: dismiss and notify, webauthn:extension:credBlob: true, webauthn:extension:largeBlob: true, webauthn:virtualAuthenticators: true}
Element: [[ChromeDriver: chrome on WINDOWS (04dba83287dde6da08fa7059302878b9)] -&gt; xpath: //button//i[contains(@class, 'sign-in')]]
Session ID: 04dba83287dde6da08fa7059302878b9
Build info: version: '4.1.2', revision: '9a5a329c5a'
System info: host: 'MYLNAP', ip: '192.168.110.45', os.name: 'Windows 11', os.arch: 'amd64', os.version: '10.0', java.version: '11.0.16'
Driver info: driver.version: unknown</error><system-err>element not interactable
  (Session info: chrome=106.0.5249.121)
Build info: version: '4.1.2', revision: '9a5a329c5a'
System info: host: 'MYLNAP', ip: '192.168.110.45', os.name: 'Windows 11', os.arch: 'amd64', os.version: '10.0', java.version: '11.0.16'
Driver info: org.openqa.selenium.chrome.ChromeDriver
Command: [04dba83287dde6da08fa7059302878b9, clickElement {id=23335068-83cf-404e-ada3-3660e4266ac4}]
Capabilities {acceptInsecureCerts: false, browserName: chrome, browserVersion: 106.0.5249.121, chrome: {chromedriverVersion: 106.0.5249.61 (511755355844..., userDataDir: C:\Users\user\AppData\Local...}, goog:chromeOptions: {debuggerAddress: localhost:53860}, javascriptEnabled: true, networkConnectionEnabled: false, pageLoadStrategy: normal, platform: WINDOWS, platformName: WINDOWS, proxy: Proxy(), se:cdp: ws://localhost:53860/devtoo..., se:cdpVersion: 106.0.5249.121, setWindowRect: true, strictFileInteractability: false, timeouts: {implicit: 0, pageLoad: 300000, script: 30000}, unhandledPromptBehavior: dismiss and notify, webauthn:extension:credBlob: true, webauthn:extension:largeBlob: true, webauthn:virtualAuthenticators: true}
Element: [[ChromeDriver: chrome on WINDOWS (04dba83287dde6da08fa7059302878b9)] -&gt; xpath: //button//i[contains(@class, 'sign-in')]]
Session ID: 04dba83287dde6da08fa7059302878b9
Build info: version: '4.1.2', revision: '9a5a329c5a'
System info: host: 'MYLNAP', ip: '192.168.110.45', os.name: 'Windows 11', os.arch: 'amd64', os.version: '10.0', java.version: '11.0.16'
Driver info: driver.version: unknown&#13;
MiniProjWeb@1.0-SNAPSHOT/starter.pages.RegistrationPage.clckSignIn(RegistrationPage.java:35)&#13;
MiniProjWeb@1.0-SNAPSHOT/starter.steps.RegistrationStep.iClickSignInButton(RegistrationStep.java:21)&#13;
✽.I click sign in button(file:///D:/TIC/Kampus%20Merdeka/MSIB/Studi%20Independen/Alterra/MiniProject/MiniProjWeb/src/test/resources/features/login/Detail.feature:9)&#13;
</system-err></testcase><testcase name="give 4 star"/></testsuite>